#
# A fatal error has been detected by the Java Runtime Environment:
#
#  SIGSEGV (0xb) at pc=0xb6c0ab5a, pid=21161, tid=2416368496
#
# JRE version: 6.0_24-b07
# Java VM: Java HotSpot(TM) Server VM (19.1-b02 mixed mode linux-x86 )
# Problematic frame:
# V  [libjvm.so+0x241b5a]
#
# If you would like to submit a bug report, please visit:
#   http://java.sun.com/webapps/bugreport/crash.jsp
#

---------------  T H R E A D  ---------------

Current thread (0x085ccc00):  GCTaskThread [stack: 0x8ffed000,0x9006e000] [id=21163]

siginfo:si_signo=SIGSEGV: si_errno=0, si_code=1 (SEGV_MAPERR), si_addr=0x00000012

Registers:
EAX=0x92066d40, EBX=0x902c22a8, ECX=0x00000006, EDX=0x0000000e
ESP=0x9006d1c0, EBP=0x9006d1f8, ESI=0x901440b8, EDI=0x902c22a8
EIP=0xb6c0ab5a, CR2=0x00000012, EFLAGS=0x00210283

Register to memory mapping:

EAX=0x92066d40

[error occurred during error reporting (printing registers, top of stack, instructions near pc), id 0xb]

Stack: [0x8ffed000,0x9006e000],  sp=0x9006d1c0,  free space=512k
Native frames: (J=compiled Java code, j=interpreted, Vv=VM code, C=native code)
V  [libjvm.so+0x241b5a]
V  [libjvm.so+0x613636]
V  [libjvm.so+0x36ac6b]
V  [libjvm.so+0x5c6a6e]
C  [libpthread.so.0+0x5e99]


---------------  P R O C E S S  ---------------

Java Threads: ( => current thread )
  0x8e505000 JavaThread "Cext reference reaper" daemon [_thread_blocked, id=21176, stack(0x8cb3d000,0x8cd3e000)]
  0x8d332c00 JavaThread "ReferenceReaper" daemon [_thread_blocked, id=21175, stack(0x8cd3e000,0x8cf3f000)]
  0x0863d000 JavaThread "JS executor for com.gargoylesoftware.htmlunit.WebClient@63ae08" daemon [_thread_blocked, id=21174, stack(0x8d0ff000,0x8d300000)]
  0x8fe8b000 JavaThread "Low Memory Detector" daemon [_thread_blocked, id=21171, stack(0x8efc1000,0x8f1c2000)]
  0x8fe89000 JavaThread "CompilerThread1" daemon [_thread_blocked, id=21170, stack(0x8f1c2000,0x8f243000)]
  0x8fe87000 JavaThread "CompilerThread0" daemon [_thread_in_native, id=21169, stack(0x8f243000,0x8f2c4000)]
  0x8fe85800 JavaThread "Signal Dispatcher" daemon [_thread_blocked, id=21168, stack(0x8f2c4000,0x8f4c5000)]
  0x8fe77400 JavaThread "Finalizer" daemon [_thread_blocked, id=21167, stack(0x8f7e5000,0x8f9e6000)]
  0x8fe75c00 JavaThread "Reference Handler" daemon [_thread_blocked, id=21166, stack(0x8f9e6000,0x8fbe7000)]
  0x085c5800 JavaThread "main" [_thread_blocked, id=21162, stack(0xb67a2000,0xb69a3000)]

Other Threads:
  0x8fe72000 VMThread [stack: 0x8fbe7000,0x8fc68000] [id=21165]
  0x8fe8cc00 WatcherThread [stack: 0x8ef40000,0x8efc1000] [id=21172]

=>0x085ccc00 (exited) GCTaskThread [stack: 0x8ffed000,0x9006e000] [id=21163]

VM state:at safepoint (normal execution)

VM Mutex/Monitor currently owned by a thread:  ([mutex/lock_event])
[0x085c3798] Threads_lock - owner thread: 0x8fe72000
[0x085c3ba8] Heap_lock - owner thread: 0x085c5800

Heap
 PSYoungGen      total 141888K, used 129920K [0xa8fb0000, 0xb3650000, 0xb3650000)
  eden space 129920K, 100% used [0xa8fb0000,0xb0e90000,0xb0e90000)
  from space 11968K, 0% used [0xb0e90000,0xb0e90000,0xb1a40000)
  to   space 20608K, 9% used [0xb2230000,0xb241e4b0,0xb3650000)
 PSOldGen        total 72640K, used 45580K [0x94250000, 0x98940000, 0xa8fb0000)
  object space 72640K, 62% used [0x94250000,0x96ed3388,0x98940000)
 PSPermGen       total 65152K, used 30811K [0x90250000, 0x941f0000, 0x94250000)
  object space 65152K, 47% used [0x90250000,0x92066d40,0x941f0000)

Dynamic libraries:
08048000-08052000 r-xp 00000000 08:01 4985951    /usr/lib/jvm/java-6-sun-1.6.0.24/jre/bin/java
08052000-08053000 rwxp 00009000 08:01 4985951    /usr/lib/jvm/java-6-sun-1.6.0.24/jre/bin/java
085bf000-09d06000 rwxp 00000000 00:00 0          [heap]
8a400000-8a4ff000 rwxp 00000000 00:00 0 
8a4ff000-8a500000 ---p 00000000 00:00 0 
8a500000-8a5ea000 rwxp 00000000 00:00 0 
8a5ea000-8a600000 ---p 00000000 00:00 0 
8a600000-8a6d1000 rwxp 00000000 00:00 0 
8a6d1000-8a700000 ---p 00000000 00:00 0 
8a700000-8a7e1000 rwxp 00000000 00:00 0 
8a7e1000-8a800000 ---p 00000000 00:00 0 
8a800000-8a8e9000 rwxp 00000000 00:00 0 
8a8e9000-8a900000 ---p 00000000 00:00 0 
8a900000-8a9fa000 rwxp 00000000 00:00 0 
8a9fa000-8aa00000 ---p 00000000 00:00 0 
8aa00000-8aafb000 rwxp 00000000 00:00 0 
8aafb000-8ab00000 ---p 00000000 00:00 0 
8ab00000-8abf2000 rwxp 00000000 00:00 0 
8abf2000-8ac00000 ---p 00000000 00:00 0 
8ac00000-8acf9000 rwxp 00000000 00:00 0 
8acf9000-8ad00000 ---p 00000000 00:00 0 
8ad00000-8adea000 rwxp 00000000 00:00 0 
8adea000-8ae00000 ---p 00000000 00:00 0 
8ae00000-8aee7000 rwxp 00000000 00:00 0 
8aee7000-8af00000 ---p 00000000 00:00 0 
8af00000-8afeb000 rwxp 00000000 00:00 0 
8afeb000-8b000000 ---p 00000000 00:00 0 
8b000000-8b100000 rwxp 00000000 00:00 0 
8b100000-8b1f4000 rwxp 00000000 00:00 0 
8b1f4000-8b200000 ---p 00000000 00:00 0 
8b200000-8b2fa000 rwxp 00000000 00:00 0 
8b2fa000-8b300000 ---p 00000000 00:00 0 
8b300000-8b3ff000 rwxp 00000000 00:00 0 
8b3ff000-8b400000 ---p 00000000 00:00 0 
8b400000-8b4da000 rwxp 00000000 00:00 0 
8b4da000-8b500000 ---p 00000000 00:00 0 
8b500000-8b5f3000 rwxp 00000000 00:00 0 
8b5f3000-8b600000 ---p 00000000 00:00 0 
8b700000-8b7e8000 rwxp 00000000 00:00 0 
8b7e8000-8b800000 ---p 00000000 00:00 0 
8b800000-8b8e9000 rwxp 00000000 00:00 0 
8b8e9000-8b900000 ---p 00000000 00:00 0 
8b900000-8b9e3000 rwxp 00000000 00:00 0 
8b9e3000-8ba00000 ---p 00000000 00:00 0 
8ba00000-8bae2000 rwxp 00000000 00:00 0 
8bae2000-8bb00000 ---p 00000000 00:00 0 
8bb00000-8bbeb000 rwxp 00000000 00:00 0 
8bbeb000-8bc00000 ---p 00000000 00:00 0 
8bc00000-8bcfe000 rwxp 00000000 00:00 0 
8bcfe000-8bd00000 ---p 00000000 00:00 0 
8bd00000-8bdf3000 rwxp 00000000 00:00 0 
8bdf3000-8be00000 ---p 00000000 00:00 0 
8be00000-8bef9000 rwxp 00000000 00:00 0 
8bef9000-8bf00000 ---p 00000000 00:00 0 
8bf00000-8bffa000 rwxp 00000000 00:00 0 
8bffa000-8c000000 ---p 00000000 00:00 0 
8c000000-8c0ee000 rwxp 00000000 00:00 0 
8c0ee000-8c100000 ---p 00000000 00:00 0 
8c100000-8c1f6000 rwxp 00000000 00:00 0 
8c1f6000-8c200000 ---p 00000000 00:00 0 
8c200000-8c2f7000 rwxp 00000000 00:00 0 
8c2f7000-8c300000 ---p 00000000 00:00 0 
8c400000-8c4db000 rwxp 00000000 00:00 0 
8c4db000-8c500000 ---p 00000000 00:00 0 
8c500000-8c5fe000 rwxp 00000000 00:00 0 
8c5fe000-8c600000 ---p 00000000 00:00 0 
8c600000-8c6ed000 rwxp 00000000 00:00 0 
8c6ed000-8c700000 ---p 00000000 00:00 0 
8c700000-8c7fd000 rwxp 00000000 00:00 0 
8c7fd000-8c800000 ---p 00000000 00:00 0 
8c800000-8c8f1000 rwxp 00000000 00:00 0 
8c8f1000-8c900000 ---p 00000000 00:00 0 
8c900000-8c9f8000 rwxp 00000000 00:00 0 
8c9f8000-8ca00000 ---p 00000000 00:00 0 
8ca00000-8caf1000 rwxp 00000000 00:00 0 
8caf1000-8cb00000 ---p 00000000 00:00 0 
8cb3d000-8cb40000 ---p 00000000 00:00 0 
8cb40000-8cd3e000 rwxp 00000000 00:00 0 
8cd3e000-8cd41000 ---p 00000000 00:00 0 
8cd41000-8cf3f000 rwxp 00000000 00:00 0 
8cf3f000-8cfb0000 r-xp 00000000 08:01 8793368    /lib/i386-linux-gnu/libgcrypt.so.11.6.0
8cfb0000-8cfb1000 r-xp 00070000 08:01 8793368    /lib/i386-linux-gnu/libgcrypt.so.11.6.0
8cfb1000-8cfb3000 rwxp 00071000 08:01 8793368    /lib/i386-linux-gnu/libgcrypt.so.11.6.0
8cfb3000-8d0e5000 r-xp 00000000 08:01 8126488    /lib/libcrypto.so.0.9.8
8d0e5000-8d0ed000 r-xp 00131000 08:01 8126488    /lib/libcrypto.so.0.9.8
8d0ed000-8d0fc000 rwxp 00139000 08:01 8126488    /lib/libcrypto.so.0.9.8
8d0fc000-8d0ff000 rwxp 00000000 00:00 0 
8d0ff000-8d102000 ---p 00000000 00:00 0 
8d102000-8d300000 rwxp 00000000 00:00 0 
8d300000-8d3fa000 rwxp 00000000 00:00 0 
8d3fa000-8d400000 ---p 00000000 00:00 0 
8d46a000-8d4fb000 r-xp 00000000 08:01 3935680    /usr/lib/i386-linux-gnu/libgnutls.so.26.14.12
8d4fb000-8d4ff000 r-xp 00090000 08:01 3935680    /usr/lib/i386-linux-gnu/libgnutls.so.26.14.12
8d4ff000-8d500000 rwxp 00094000 08:01 3935680    /usr/lib/i386-linux-gnu/libgnutls.so.26.14.12
8d500000-8d5f7000 rwxp 00000000 00:00 0 
8d5f7000-8d600000 ---p 00000000 00:00 0 
8d61f000-8d634000 r-xp 00000000 08:01 3940023    /usr/lib/libsasl2.so.2.0.23
8d634000-8d635000 r-xp 00015000 08:01 3940023    /usr/lib/libsasl2.so.2.0.23
8d635000-8d636000 rwxp 00016000 08:01 3940023    /usr/lib/libsasl2.so.2.0.23
8d636000-8d657000 r-xp 00000000 08:01 3935356    /usr/lib/i386-linux-gnu/libk5crypto.so.3.1
8d657000-8d658000 ---p 00021000 08:01 3935356    /usr/lib/i386-linux-gnu/libk5crypto.so.3.1
8d658000-8d659000 r-xp 00021000 08:01 3935356    /usr/lib/i386-linux-gnu/libk5crypto.so.3.1
8d659000-8d65a000 rwxp 00022000 08:01 3935356    /usr/lib/i386-linux-gnu/libk5crypto.so.3.1
8d65a000-8d69c000 r-xp 00000000 08:01 3940028    /usr/lib/libldap_r-2.4.so.2.5.6
8d69c000-8d69d000 r-xp 00041000 08:01 3940028    /usr/lib/libldap_r-2.4.so.2.5.6
8d69d000-8d69e000 rwxp 00042000 08:01 3940028    /usr/lib/libldap_r-2.4.so.2.5.6
8d69e000-8d69f000 rwxp 00000000 00:00 0 
8d69f000-8d6a7000 r-xp 00000000 08:01 8793260    /lib/i386-linux-gnu/libcrypt-2.13.so
8d6a7000-8d6a8000 r-xp 00007000 08:01 8793260    /lib/i386-linux-gnu/libcrypt-2.13.so
8d6a8000-8d6a9000 rwxp 00008000 08:01 8793260    /lib/i386-linux-gnu/libcrypt-2.13.so
8d6a9000-8d6d0000 rwxp 00000000 00:00 0 
8d6d0000-8d6fe000 r-xp 00000000 08:01 3933782    /usr/lib/i386-linux-gnu/libgssapi_krb5.so.2.2
8d6fe000-8d6ff000 r-xp 0002d000 08:01 3933782    /usr/lib/i386-linux-gnu/libgssapi_krb5.so.2.2
8d6ff000-8d700000 rwxp 0002e000 08:01 3933782    /usr/lib/i386-linux-gnu/libgssapi_krb5.so.2.2
8d700000-8d7fe000 rwxp 00000000 00:00 0 
8d7fe000-8d800000 ---p 00000000 00:00 0 
8d800000-8d8fe000 rwxp 00000000 00:00 0 
8d8fe000-8d900000 ---p 00000000 00:00 0 
8d900000-8d9e5000 rwxp 00000000 00:00 0 
8d9e5000-8da00000 ---p 00000000 00:00 0 
8da00000-8daff000 rwxp 00000000 00:00 0 
8daff000-8db00000 ---p 00000000 00:00 0 
8db00000-8dbf6000 rwxp 00000000 00:00 0 
8dbf6000-8dc00000 ---p 00000000 00:00 0 
8dc0a000-8dcb2000 r-xp 00000000 08:01 3935852    /usr/lib/i386-linux-gnu/libkrb5.so.3.3
8dcb2000-8dcb7000 r-xp 000a8000 08:01 3935852    /usr/lib/i386-linux-gnu/libkrb5.so.3.3
8dcb7000-8dcb8000 rwxp 000ad000 08:01 3935852    /usr/lib/i386-linux-gnu/libkrb5.so.3.3
8dcb8000-8dcfc000 r-xp 00000000 08:01 8126486    /lib/libssl.so.0.9.8
8dcfc000-8dcfd000 r-xp 00044000 08:01 8126486    /lib/libssl.so.0.9.8
8dcfd000-8dd00000 rwxp 00045000 08:01 8126486    /lib/libssl.so.0.9.8
8dd00000-8ddf2000 rwxp 00000000 00:00 0 
8ddf2000-8de00000 ---p 00000000 00:00 0 
8de04000-8de13000 r-xp 00000000 08:01 3935056    /usr/lib/i386-linux-gnu/libtasn1.so.3.1.9
8de13000-8de14000 r-xp 0000e000 08:01 3935056    /usr/lib/i386-linux-gnu/libtasn1.so.3.1.9
8de14000-8de15000 rwxp 0000f000 08:01 3935056    /usr/lib/i386-linux-gnu/libtasn1.so.3.1.9
8de15000-8def4000 r-xp 00000000 08:01 3934573    /usr/lib/i386-linux-gnu/libstdc++.so.6.0.14
8def4000-8def8000 r-xp 000de000 08:01 3934573    /usr/lib/i386-linux-gnu/libstdc++.so.6.0.14
8def8000-8def9000 rwxp 000e2000 08:01 3934573    /usr/lib/i386-linux-gnu/libstdc++.so.6.0.14
8def9000-8df00000 rwxp 00000000 00:00 0 
8df00000-8dff6000 rwxp 00000000 00:00 0 
8dff6000-8e000000 ---p 00000000 00:00 0 
8e001000-8e00c000 r-xp 00000000 08:01 3935782    /usr/lib/liblber-2.4.so.2.5.6
8e00c000-8e00d000 r-xp 0000a000 08:01 3935782    /usr/lib/liblber-2.4.so.2.5.6
8e00d000-8e00e000 rwxp 0000b000 08:01 3935782    /usr/lib/liblber-2.4.so.2.5.6
8e00e000-8e021000 r-xp 00000000 08:01 8793294    /lib/i386-linux-gnu/libz.so.1.2.3.4
8e021000-8e022000 r-xp 00012000 08:01 8793294    /lib/i386-linux-gnu/libz.so.1.2.3.4
8e022000-8e023000 rwxp 00013000 08:01 8793294    /lib/i386-linux-gnu/libz.so.1.2.3.4
8e023000-8e043000 r-xp 00000000 08:01 3934289    /usr/lib/libpq.so.5.2
8e043000-8e044000 r-xp 0001f000 08:01 3934289    /usr/lib/libpq.so.5.2
8e044000-8e045000 rwxp 00020000 08:01 3934289    /usr/lib/libpq.so.5.2
8e05a000-8e074000 r-xp 00000000 08:01 8793293    /lib/i386-linux-gnu/libgcc_s.so.1
8e074000-8e075000 r-xp 00019000 08:01 8793293    /lib/i386-linux-gnu/libgcc_s.so.1
8e075000-8e076000 rwxp 0001a000 08:01 8793293    /lib/i386-linux-gnu/libgcc_s.so.1
8e077000-8e07a000 r-xp 00000000 08:01 8793366    /lib/i386-linux-gnu/libgpg-error.so.0.8.0
8e07a000-8e07b000 r-xp 00002000 08:01 8793366    /lib/i386-linux-gnu/libgpg-error.so.0.8.0
8e07b000-8e07c000 rwxp 00003000 08:01 8793366    /lib/i386-linux-gnu/libgpg-error.so.0.8.0
8e07c000-8e089000 r-xp 00000000 08:01 1704303    /home/dark/.rvm/gems/jruby-1.6.2@celerity/gems/pg-0.11.0/lib/pg_ext.so
8e089000-8e08a000 r-xp 0000c000 08:01 1704303    /home/dark/.rvm/gems/jruby-1.6.2@celerity/gems/pg-0.11.0/lib/pg_ext.so
8e08a000-8e08b000 rwxp 0000d000 08:01 1704303    /home/dark/.rvm/gems/jruby-1.6.2@celerity/gems/pg-0.11.0/lib/pg_ext.so
8e08b000-8e0cf000 r-xp 00000000 08:01 9054354    /home/dark/.rvm/rubies/jruby-1.6.2/lib/native/i386-Linux/libjruby-cext.so
8e0cf000-8e0d0000 r-xp 00043000 08:01 9054354    /home/dark/.rvm/rubies/jruby-1.6.2/lib/native/i386-Linux/libjruby-cext.so
8e0d0000-8e0d1000 rwxp 00044000 08:01 9054354    /home/dark/.rvm/rubies/jruby-1.6.2/lib/native/i386-Linux/libjruby-cext.so
8e0d1000-8e0d2000 rwxp 00000000 00:00 0 
8e0d2000-8e0e3000 r-xp 00000000 08:01 8793248    /lib/i386-linux-gnu/libresolv-2.13.so
8e0e3000-8e0e4000 r-xp 00010000 08:01 8793248    /lib/i386-linux-gnu/libresolv-2.13.so
8e0e4000-8e0e5000 rwxp 00011000 08:01 8793248    /lib/i386-linux-gnu/libresolv-2.13.so
8e0e5000-8e0e7000 rwxp 00000000 00:00 0 
8e0e7000-8e0e9000 r-xp 00000000 08:01 8126621    /lib/libnss_mdns4_minimal.so.2
8e0e9000-8e0ea000 r-xp 00001000 08:01 8126621    /lib/libnss_mdns4_minimal.so.2
8e0ea000-8e0eb000 rwxp 00002000 08:01 8126621    /lib/libnss_mdns4_minimal.so.2
8e0ed000-8e0ef000 r-xp 00000000 08:01 8793374    /lib/i386-linux-gnu/libkeyutils.so.1.3
8e0ef000-8e0f0000 r-xp 00001000 08:01 8793374    /lib/i386-linux-gnu/libkeyutils.so.1.3
8e0f0000-8e0f1000 rwxp 00002000 08:01 8793374    /lib/i386-linux-gnu/libkeyutils.so.1.3
8e0f1000-8e0f7000 r-xp 00000000 08:01 3933785    /usr/lib/i386-linux-gnu/libkrb5support.so.0.1
8e0f7000-8e0f8000 r-xp 00005000 08:01 3933785    /usr/lib/i386-linux-gnu/libkrb5support.so.0.1
8e0f8000-8e0f9000 rwxp 00006000 08:01 3933785    /usr/lib/i386-linux-gnu/libkrb5support.so.0.1
8e0f9000-8e0fb000 r-xp 00000000 08:01 8793372    /lib/i386-linux-gnu/libcom_err.so.2.1
8e0fb000-8e0fc000 r-xp 00001000 08:01 8793372    /lib/i386-linux-gnu/libcom_err.so.2.1
8e0fc000-8e0fd000 rwxp 00002000 08:01 8793372    /lib/i386-linux-gnu/libcom_err.so.2.1
8e0fd000-8e100000 r-xs 00013000 08:01 4985423    /usr/lib/jvm/java-6-sun-1.6.0.24/jre/lib/jce.jar
8e100000-8e1fb000 rwxp 00000000 00:00 0 
8e1fb000-8e200000 ---p 00000000 00:00 0 
8e200000-8e2ff000 rwxp 00000000 00:00 0 
8e2ff000-8e300000 ---p 00000000 00:00 0 
8e300000-8e3fa000 rwxp 00000000 00:00 0 
8e3fa000-8e400000 ---p 00000000 00:00 0 
8e400000-8e500000 rwxp 00000000 00:00 0 
8e500000-8e5c2000 rwxp 00000000 00:00 0 
8e5c2000-8e600000 ---p 00000000 00:00 0 
8e600000-8e6f5000 rwxp 00000000 00:00 0 
8e6f5000-8e700000 ---p 00000000 00:00 0 
8e700000-8e7fd000 rwxp 00000000 00:00 0 
8e7fd000-8e800000 ---p 00000000 00:00 0 
8e800000-8e8e4000 rwxp 00000000 00:00 0 
8e8e4000-8e900000 ---p 00000000 00:00 0 
8e900000-8e9fc000 rwxp 00000000 00:00 0 
8e9fc000-8ea00000 ---p 00000000 00:00 0 
8ea00000-8eafa000 rwxp 00000000 00:00 0 
8eafa000-8eb00000 ---p 00000000 00:00 0 
8eb00000-8ecfe000 rwxp 00000000 00:00 0 
8ecfe000-8ed00000 ---p 00000000 00:00 0 
8ed00000-8edfe000 rwxp 00000000 00:00 0 
8edfe000-8ee00000 ---p 00000000 00:00 0 
8ee02000-8ee05000 r-xs 00027000 08:01 4985933    /usr/lib/jvm/java-6-sun-1.6.0.24/jre/lib/ext/sunjce_provider.jar
8ee05000-8ee09000 r-xp 00000000 08:01 8793253    /lib/i386-linux-gnu/libnss_dns-2.13.so
8ee09000-8ee0a000 r-xp 00004000 08:01 8793253    /lib/i386-linux-gnu/libnss_dns-2.13.so
8ee0a000-8ee0b000 rwxp 00005000 08:01 8793253    /lib/i386-linux-gnu/libnss_dns-2.13.so
8ee0b000-8ee0c000 r-xs 00003000 08:01 10889723   /home/dark/.rvm/gems/jruby-1.6.2@celerity/gems/celerity-0.8.9/lib/celerity/htmlunit/sac-1.3.jar
8ee0c000-8ee11000 r-xs 00028000 08:01 10889720   /home/dark/.rvm/gems/jruby-1.6.2@celerity/gems/celerity-0.8.9/lib/celerity/htmlunit/httpcore-4.1.jar
8ee11000-8ee1e000 r-xs 000d3000 08:01 10889718   /home/dark/.rvm/gems/jruby-1.6.2@celerity/gems/celerity-0.8.9/lib/celerity/htmlunit/htmlunit-core-js-2.9-SNAPSHOT.jar
8ee1e000-8ee20000 r-xs 00005000 08:01 10889721   /home/dark/.rvm/gems/jruby-1.6.2@celerity/gems/celerity-0.8.9/lib/celerity/htmlunit/httpmime-4.1.1.jar
8ee20000-8ee45000 r-xs 002e3000 08:01 10889725   /home/dark/.rvm/gems/jruby-1.6.2@celerity/gems/celerity-0.8.9/lib/celerity/htmlunit/xalan-2.7.1.jar
8ee45000-8ee47000 r-xs 0000d000 08:01 10889715   /home/dark/.rvm/gems/jruby-1.6.2@celerity/gems/celerity-0.8.9/lib/celerity/htmlunit/commons-logging-1.1.1.jar
8ee47000-8ee59000 r-xs 000e1000 08:01 10889717   /home/dark/.rvm/gems/jruby-1.6.2@celerity/gems/celerity-0.8.9/lib/celerity/htmlunit/htmlunit-2.9-SNAPSHOT.jar
8ee59000-8ee67000 r-xs 0007f000 08:01 10889712   /home/dark/.rvm/gems/jruby-1.6.2@celerity/gems/celerity-0.8.9/lib/celerity/htmlunit/commons-collections-3.2.1.jar
8ee67000-8ee6a000 r-xs 0001c000 08:01 10889722   /home/dark/.rvm/gems/jruby-1.6.2@celerity/gems/celerity-0.8.9/lib/celerity/htmlunit/nekohtml-1.9.15-20101026.093020-2.jar
8ee6a000-8ee72000 r-xs 0004e000 08:01 10889719   /home/dark/.rvm/gems/jruby-1.6.2@celerity/gems/celerity-0.8.9/lib/celerity/htmlunit/httpclient-4.1.1.jar
8ee72000-8ee86000 r-xp 00000000 08:01 4986046    /usr/lib/jvm/java-6-sun-1.6.0.24/jre/lib/i386/libnet.so
8ee86000-8ee87000 rwxp 00013000 08:01 4986046    /usr/lib/jvm/java-6-sun-1.6.0.24/jre/lib/i386/libnet.so
8ee87000-8ef40000 r-xs 0086d000 08:01 8793153    /home/dark/.rvm/rubies/jruby-1.6.2/lib/jruby.jar
8ef40000-8ef41000 ---p 00000000 00:00 0 
8ef41000-8efc1000 rwxp 00000000 00:00 0 
8efc1000-8efc4000 ---p 00000000 00:00 0 
8efc4000-8f1c2000 rwxp 00000000 00:00 0 
8f1c2000-8f1c5000 ---p 00000000 00:00 0 
8f1c5000-8f243000 rwxp 00000000 00:00 0 
8f243000-8f246000 ---p 00000000 00:00 0 
8f246000-8f2c4000 rwxp 00000000 00:00 0 
8f2c4000-8f2c7000 ---p 00000000 00:00 0 
8f2c7000-8f4c5000 rwxp 00000000 00:00 0 
8f4c5000-8f5e5000 r-xp 002a3000 08:01 3932302    /usr/lib/locale/locale-archive
8f5e5000-8f7e5000 r-xp 00000000 08:01 3932302    /usr/lib/locale/locale-archive
8f7e5000-8f7e8000 ---p 00000000 00:00 0 
8f7e8000-8f9e6000 rwxp 00000000 00:00 0 
8f9e6000-8f9e9000 ---p 00000000 00:00 0 
8f9e9000-8fbe7000 rwxp 00000000 00:00 0 
8fbe7000-8fbe8000 ---p 00000000 00:00 0 
8fbe8000-8fc68000 rwxp 00000000 00:00 0 
8fc68000-8fe00000 r-xs 03027000 08:01 4986071    /usr/lib/jvm/java-6-sun-1.6.0.24/jre/lib/rt.jar
8fe00000-8fefc000 rwxp 00000000 00:00 0 
8fefc000-8ff00000 ---p 00000000 00:00 0 
8ff00000-8ff07000 r-xs 00094000 08:01 4985422    /usr/lib/jvm/java-6-sun-1.6.0.24/jre/lib/jsse.jar
8ff07000-8ff1f000 r-xs 00115000 08:01 10889726   /home/dark/.rvm/gems/jruby-1.6.2@celerity/gems/celerity-0.8.9/lib/celerity/htmlunit/xercesImpl-2.9.1.jar
8ff1f000-8ff22000 r-xs 00041000 08:01 10889724   /home/dark/.rvm/gems/jruby-1.6.2@celerity/gems/celerity-0.8.9/lib/celerity/htmlunit/serializer-2.7.1.jar
8ff22000-8ff24000 r-xs 0000d000 08:01 10889711   /home/dark/.rvm/gems/jruby-1.6.2@celerity/gems/celerity-0.8.9/lib/celerity/htmlunit/commons-codec-1.4.jar
8ff24000-8ff2c000 r-xs 00028000 08:01 10889727   /home/dark/.rvm/gems/jruby-1.6.2@celerity/gems/celerity-0.8.9/lib/celerity/htmlunit/xml-apis-1.3.04.jar
8ff2c000-8ff37000 r-xp 00000000 08:01 9054353    /home/dark/.rvm/rubies/jruby-1.6.2/lib/native/i386-Linux/libjffi-1.0.so
8ff37000-8ff38000 rwxp 0000a000 08:01 9054353    /home/dark/.rvm/rubies/jruby-1.6.2/lib/native/i386-Linux/libjffi-1.0.so
8ff38000-8ff6c000 rwxp 00000000 00:00 0 
8ff6c000-8ff6d000 ---p 00000000 00:00 0 
8ff6d000-8ffed000 rwxp 00000000 00:00 0 
8ffed000-8ffee000 ---p 00000000 00:00 0 
8ffee000-9008e000 rwxp 00000000 00:00 0 
9008e000-900b2000 rwxp 00000000 00:00 0 
900b2000-90135000 rwxp 00000000 00:00 0 
90135000-90155000 rwxp 00000000 00:00 0 
90155000-90179000 rwxp 00000000 00:00 0 
90179000-901fb000 rwxp 00000000 00:00 0 
901fb000-9024f000 rwxp 00000000 00:00 0 
9024f000-941f0000 rwxp 00000000 00:00 0 
941f0000-94250000 rwxp 00000000 00:00 0 
94250000-98940000 rwxp 00000000 00:00 0 
98940000-a8fb0000 rwxp 00000000 00:00 0 
a8fb0000-b3650000 rwxp 00000000 00:00 0 
b3650000-b3655000 r-xs 00041000 08:01 10889714   /home/dark/.rvm/gems/jruby-1.6.2@celerity/gems/celerity-0.8.9/lib/celerity/htmlunit/commons-lang-2.6.jar
b3655000-b3658000 r-xs 0003b000 08:01 10889716   /home/dark/.rvm/gems/jruby-1.6.2@celerity/gems/celerity-0.8.9/lib/celerity/htmlunit/cssparser-0.9.5.jar
b3658000-b366a000 rwxp 00000000 00:00 0 
b366a000-b3718000 rwxp 00000000 00:00 0 
b3718000-b3b88000 rwxp 00000000 00:00 0 
b3b88000-b6718000 rwxp 00000000 00:00 0 
b6718000-b6727000 r-xp 00000000 08:01 4986002    /usr/lib/jvm/java-6-sun-1.6.0.24/jre/lib/i386/libzip.so
b6727000-b6729000 rwxp 0000e000 08:01 4986002    /usr/lib/jvm/java-6-sun-1.6.0.24/jre/lib/i386/libzip.so
b6729000-b6733000 r-xp 00000000 08:01 8793270    /lib/i386-linux-gnu/libnss_files-2.13.so
b6733000-b6734000 r-xp 00009000 08:01 8793270    /lib/i386-linux-gnu/libnss_files-2.13.so
b6734000-b6735000 rwxp 0000a000 08:01 8793270    /lib/i386-linux-gnu/libnss_files-2.13.so
b6735000-b673e000 r-xp 00000000 08:01 8793257    /lib/i386-linux-gnu/libnss_nis-2.13.so
b673e000-b673f000 r-xp 00008000 08:01 8793257    /lib/i386-linux-gnu/libnss_nis-2.13.so
b673f000-b6740000 rwxp 00009000 08:01 8793257    /lib/i386-linux-gnu/libnss_nis-2.13.so
b6740000-b6746000 r-xp 00000000 08:01 8793258    /lib/i386-linux-gnu/libnss_compat-2.13.so
b6746000-b6747000 r-xp 00005000 08:01 8793258    /lib/i386-linux-gnu/libnss_compat-2.13.so
b6747000-b6748000 rwxp 00006000 08:01 8793258    /lib/i386-linux-gnu/libnss_compat-2.13.so
b6748000-b675b000 r-xp 00000000 08:01 8793254    /lib/i386-linux-gnu/libnsl-2.13.so
b675b000-b675c000 r-xp 00012000 08:01 8793254    /lib/i386-linux-gnu/libnsl-2.13.so
b675c000-b675d000 rwxp 00013000 08:01 8793254    /lib/i386-linux-gnu/libnsl-2.13.so
b675d000-b675f000 rwxp 00000000 00:00 0 
b675f000-b6761000 r-xs 00009000 08:01 534337     /home/dark/.rvm/gems/jruby-1.6.2@celerity/gems/ruby-debug-base-0.10.4-java/lib/ruby_debug.jar
b6761000-b6764000 r-xs 00024000 08:01 10889713   /home/dark/.rvm/gems/jruby-1.6.2@celerity/gems/celerity-0.8.9/lib/celerity/htmlunit/commons-io-2.0.1.jar
b6764000-b676b000 r-xp 00000000 08:01 4986001    /usr/lib/jvm/java-6-sun-1.6.0.24/jre/lib/i386/libnio.so
b676b000-b676c000 rwxp 00006000 08:01 4986001    /usr/lib/jvm/java-6-sun-1.6.0.24/jre/lib/i386/libnio.so
b676c000-b6774000 rwxs 00000000 08:01 5637488    /tmp/hsperfdata_dark/21161
b6774000-b6797000 r-xp 00000000 08:01 4985997    /usr/lib/jvm/java-6-sun-1.6.0.24/jre/lib/i386/libjava.so
b6797000-b6799000 rwxp 00023000 08:01 4985997    /usr/lib/jvm/java-6-sun-1.6.0.24/jre/lib/i386/libjava.so
b6799000-b67a0000 r-xp 00000000 08:01 8793251    /lib/i386-linux-gnu/librt-2.13.so
b67a0000-b67a1000 r-xp 00006000 08:01 8793251    /lib/i386-linux-gnu/librt-2.13.so
b67a1000-b67a2000 rwxp 00007000 08:01 8793251    /lib/i386-linux-gnu/librt-2.13.so
b67a2000-b67a5000 ---p 00000000 00:00 0 
b67a5000-b69a3000 rwxp 00000000 00:00 0 
b69a3000-b69c7000 r-xp 00000000 08:01 8793267    /lib/i386-linux-gnu/libm-2.13.so
b69c7000-b69c8000 r-xp 00023000 08:01 8793267    /lib/i386-linux-gnu/libm-2.13.so
b69c8000-b69c9000 rwxp 00024000 08:01 8793267    /lib/i386-linux-gnu/libm-2.13.so
b69c9000-b7156000 r-xp 00000000 08:01 4986017    /usr/lib/jvm/java-6-sun-1.6.0.24/jre/lib/i386/server/libjvm.so
b7156000-b71a9000 rwxp 0078d000 08:01 4986017    /usr/lib/jvm/java-6-sun-1.6.0.24/jre/lib/i386/server/libjvm.so
b71a9000-b75c8000 rwxp 00000000 00:00 0 
b75c8000-b7722000 r-xp 00000000 08:01 8793249    /lib/i386-linux-gnu/libc-2.13.so
b7722000-b7723000 ---p 0015a000 08:01 8793249    /lib/i386-linux-gnu/libc-2.13.so
b7723000-b7725000 r-xp 0015a000 08:01 8793249    /lib/i386-linux-gnu/libc-2.13.so
b7725000-b7726000 rwxp 0015c000 08:01 8793249    /lib/i386-linux-gnu/libc-2.13.so
b7726000-b7729000 rwxp 00000000 00:00 0 
b7729000-b772b000 r-xp 00000000 08:01 8793265    /lib/i386-linux-gnu/libdl-2.13.so
b772b000-b772c000 r-xp 00001000 08:01 8793265    /lib/i386-linux-gnu/libdl-2.13.so
b772c000-b772d000 rwxp 00002000 08:01 8793265    /lib/i386-linux-gnu/libdl-2.13.so
b772d000-b7734000 r-xp 00000000 08:01 4986006    /usr/lib/jvm/java-6-sun-1.6.0.24/jre/lib/i386/jli/libjli.so
b7734000-b7736000 rwxp 00006000 08:01 4986006    /usr/lib/jvm/java-6-sun-1.6.0.24/jre/lib/i386/jli/libjli.so
b7736000-b7737000 rwxp 00000000 00:00 0 
b7737000-b774c000 r-xp 00000000 08:01 8793263    /lib/i386-linux-gnu/libpthread-2.13.so
b774c000-b774d000 r-xp 00015000 08:01 8793263    /lib/i386-linux-gnu/libpthread-2.13.so
b774d000-b774e000 rwxp 00016000 08:01 8793263    /lib/i386-linux-gnu/libpthread-2.13.so
b774e000-b7750000 rwxp 00000000 00:00 0 
b7750000-b7756000 r-xp 00000000 08:01 4986020    /usr/lib/jvm/java-6-sun-1.6.0.24/jre/lib/i386/native_threads/libhpi.so
b7756000-b7757000 rwxp 00006000 08:01 4986020    /usr/lib/jvm/java-6-sun-1.6.0.24/jre/lib/i386/native_threads/libhpi.so
b7757000-b7758000 rwxp 00000000 00:00 0 
b7758000-b7759000 ---p 00000000 00:00 0 
b7759000-b7764000 r-xp 00000000 08:01 4986031    /usr/lib/jvm/java-6-sun-1.6.0.24/jre/lib/i386/libverify.so
b7764000-b7765000 rwxp 0000b000 08:01 4986031    /usr/lib/jvm/java-6-sun-1.6.0.24/jre/lib/i386/libverify.so
b7765000-b7767000 rwxp 00000000 00:00 0 
b7767000-b7768000 r-xp 00000000 00:00 0          [vdso]
b7768000-b7784000 r-xp 00000000 08:01 8793268    /lib/i386-linux-gnu/ld-2.13.so
b7784000-b7785000 r-xp 0001b000 08:01 8793268    /lib/i386-linux-gnu/ld-2.13.so
b7785000-b7786000 rwxp 0001c000 08:01 8793268    /lib/i386-linux-gnu/ld-2.13.so
bfc38000-bfc5a000 rwxp 00000000 00:00 0          [stack]

VM Arguments:
jvm_args: -Djdk.home= -Djruby.home=/home/dark/.rvm/rubies/jruby-1.6.2 -Djruby.script=jruby -Djruby.shell=/bin/bash -Djffi.boot.library.path=/home/dark/.rvm/rubies/jruby-1.6.2/lib/native/x86_64-Linux:/home/dark/.rvm/rubies/jruby-1.6.2/lib/native/i386-Linux:/home/dark/.rvm/rubies/jruby-1.6.2/lib/native/ppc-Linux -Xmx500m -Xss2048k -Djruby.memory.max=500m -Djruby.stack.max=2048k -Xbootclasspath/a:/home/dark/.rvm/rubies/jruby-1.6.2/lib/jruby.jar 
java_command: org/jruby/Main bin/rbets
Launcher Type: SUN_STANDARD

Environment Variables:
PATH=/home/dark/.rvm/gems/jruby-1.6.2@celerity/bin:/home/dark/.rvm/gems/jruby-1.6.2@global/bin:/home/dark/.rvm/rubies/jruby-1.6.2/bin:/home/dark/.rvm/bin:/usr/local/sbin:/usr/local/bin:/usr/sbin:/usr/bin:/sbin:/bin:/usr/games:/var/lib/gems/1.8/gems/radiant-0.9.1/bin:/var/lib/gems/1.8/bin
USERNAME=dark
LD_LIBRARY_PATH=/usr/lib/jvm/java-6-sun-1.6.0.24/jre/lib/i386/server:/usr/lib/jvm/java-6-sun-1.6.0.24/jre/lib/i386:/usr/lib/jvm/java-6-sun-1.6.0.24/jre/../lib/i386
SHELL=/bin/bash
DISPLAY=:0.0

Signal Handlers:
SIGSEGV: [libjvm.so+0x708f80], sa_mask[0]=0x7ffbfeff, sa_flags=0x10000004
SIGBUS: [libjvm.so+0x708f80], sa_mask[0]=0x7ffbfeff, sa_flags=0x10000004
SIGFPE: [libjvm.so+0x5c4100], sa_mask[0]=0x7ffbfeff, sa_flags=0x10000004
SIGPIPE: [libjvm.so+0x5c4100], sa_mask[0]=0x7ffbfeff, sa_flags=0x10000004
SIGXFSZ: [libjvm.so+0x5c4100], sa_mask[0]=0x7ffbfeff, sa_flags=0x10000004
SIGILL: [libjvm.so+0x5c4100], sa_mask[0]=0x7ffbfeff, sa_flags=0x10000004
SIGUSR1: SIG_DFL, sa_mask[0]=0x00000000, sa_flags=0x00000000
SIGUSR2: [libjvm.so+0x5c70e0], sa_mask[0]=0x00000000, sa_flags=0x10000004
SIGHUP: [libjvm.so+0x5c6cc0], sa_mask[0]=0x7ffbfeff, sa_flags=0x10000004
SIGINT: [libjvm.so+0x5c6cc0], sa_mask[0]=0x7ffbfeff, sa_flags=0x10000004
SIGTERM: [libjvm.so+0x5c6cc0], sa_mask[0]=0x7ffbfeff, sa_flags=0x10000004
SIGQUIT: [libjvm.so+0x5c6cc0], sa_mask[0]=0x7ffbfeff, sa_flags=0x10000004


---------------  S Y S T E M  ---------------

OS:squeeze/sid

uname:Linux 2.6.38-8-generic #42-Ubuntu SMP Mon Apr 11 03:31:50 UTC 2011 i686
libc:glibc 2.13 NPTL 2.13 
rlimit: STACK 8192k, CORE 0k, NPROC infinity, NOFILE 4096, AS infinity
load average:0.91 0.72 0.72

/proc/meminfo:
MemTotal:        1986584 kB
MemFree:          126196 kB
Buffers:           21344 kB
Cached:           208976 kB
SwapCached:        98216 kB
Active:           937608 kB
Inactive:         561360 kB
Active(anon):     885256 kB
Inactive(anon):   390552 kB
Active(file):      52352 kB
Inactive(file):   170808 kB
Unevictable:           0 kB
Mlocked:               0 kB
HighTotal:       1113352 kB
HighFree:           1564 kB
LowTotal:         873232 kB
LowFree:          124632 kB
SwapTotal:       6142972 kB
SwapFree:        5515900 kB
Dirty:               104 kB
Writeback:            16 kB
AnonPages:       1225444 kB
Mapped:           173040 kB
Shmem:              7160 kB
Slab:              36624 kB
SReclaimable:      15716 kB
SUnreclaim:        20908 kB
KernelStack:        4072 kB
PageTables:        11868 kB
NFS_Unstable:          0 kB
Bounce:                0 kB
WritebackTmp:          0 kB
CommitLimit:     7136264 kB
Committed_AS:    4471068 kB
VmallocTotal:     122880 kB
VmallocUsed:       42992 kB
VmallocChunk:      72212 kB
HardwareCorrupted:     0 kB
HugePages_Total:       0
HugePages_Free:        0
HugePages_Rsvd:        0
HugePages_Surp:        0
Hugepagesize:       4096 kB
DirectMap4k:      192504 kB
DirectMap4M:      716800 kB


CPU:total 2 (2 cores per cpu, 1 threads per core) family 6 model 37 stepping 5, cmov, cx8, fxsr, mmx, sse, sse2, sse3, ssse3, popcnt

Memory: 4k page, physical 1986584k(126196k free), swap 6142972k(5515900k free)

vm_info: Java HotSpot(TM) Server VM (19.1-b02) for linux-x86 JRE (1.6.0_24-b07), built on Feb  2 2011 16:51:52 by "java_re" with gcc 3.2.1-7a (J2SE release)

time: Sat Jun 25 22:59:19 2011
elapsed time: 54 seconds

