#
# A fatal error has been detected by the Java Runtime Environment:
#
#  SIGSEGV (0xb) at pc=0xb6c19591, pid=20935, tid=2414410608
#
# JRE version: 6.0_24-b07
# Java VM: Java HotSpot(TM) Server VM (19.1-b02 mixed mode linux-x86 )
# Problematic frame:
# V  [libjvm.so+0x160591]
#
# If you would like to submit a bug report, please visit:
#   http://java.sun.com/webapps/bugreport/crash.jsp
#

---------------  T H R E A D  ---------------

Current thread (0x08ef4400):  VMThread [stack: 0x8fe0f000,0x8fe90000] [id=20939]

siginfo:si_signo=SIGSEGV: si_errno=0, si_code=1 (SEGV_MAPERR), si_addr=0x00000076

Registers:
EAX=0x0000001a, EBX=0x00000001, ECX=0x00000001, EDX=0x00000001
ESP=0x8fe8eb64, EBP=0x8fe8eb68, ESI=0x00000001, EDI=0x00000008
EIP=0xb6c19591, CR2=0x00000076, EFLAGS=0x00210202

Register to memory mapping:

EAX=0x0000001a
0x0000001a is pointing to unknown location

EBX=0x00000001
0x00000001 is pointing to unknown location

ECX=0x00000001
0x00000001 is pointing to unknown location

EDX=0x00000001
0x00000001 is pointing to unknown location

ESP=0x8fe8eb64
0x8fe8eb64 is pointing to unknown location

EBP=0x8fe8eb68
0x8fe8eb68 is pointing to unknown location

ESI=0x00000001
0x00000001 is pointing to unknown location

EDI=0x00000008
0x00000008 is pointing to unknown location


Top of Stack: (sp=0x8fe8eb64)
0x8fe8eb64:   903b22a8 8fe8eb98 b6fb4003 00000001
0x8fe8eb74:   903b22a8 00000003 00000003 00000ffc
0x8fe8eb84:   903b22e0 00000003 8fe8ebb0 903b22e0
0x8fe8eb94:   00000001 8fe8ebf8 b6c18cda 903400e8
0x8fe8eba4:   903b22d8 00000001 00000001 08ef4400
0x8fe8ebb4:   08e72cb8 08ff3160 08ff3f10 08ffb154
0x8fe8ebc4:   8fe8edf0 8fe8ebf8 b6da0fc7 b729dfc0
0x8fe8ebd4:   903866f0 00000000 00000003 00000000 

Instructions: (pc=0xb6c19591)
0xb6c19581:   74 2c 8b 45 0c ba 01 00 00 00 8b 40 04 83 c0 08
0xb6c19591:   8b 40 5c 83 e0 07 83 f8 05 74 13 31 d2 49 75 09 

Stack: [0x8fe0f000,0x8fe90000],  sp=0x8fe8eb64,  free space=510k
Native frames: (J=compiled Java code, j=interpreted, Vv=VM code, C=native code)
V  [libjvm.so+0x160591]
V  [libjvm.so+0x4fb003]
V  [libjvm.so+0x15fcda]
V  [libjvm.so+0x5b87fb]
V  [libjvm.so+0x563a9d]
V  [libjvm.so+0x607dc7]
V  [libjvm.so+0x606ed7]
V  [libjvm.so+0x61182e]
V  [libjvm.so+0x5d8639]
V  [libjvm.so+0x709a1c]
V  [libjvm.so+0x7180e6]
V  [libjvm.so+0x717593]
V  [libjvm.so+0x717800]
V  [libjvm.so+0x7172f0]
V  [libjvm.so+0x5c6a6e]
C  [libpthread.so.0+0x5e99]

VM_Operation (0x8cafe3f0): ParallelGCFailedAllocation, mode: safepoint, requested by thread 0x8ef70000


---------------  P R O C E S S  ---------------

Java Threads: ( => current thread )
  0x8eff3c00 JavaThread "Cext reference reaper" daemon [_thread_blocked, id=20975, stack(0x8c6fe000,0x8c8ff000)]
  0x8ef66c00 JavaThread "ReferenceReaper" daemon [_thread_blocked, id=20974, stack(0x8c4fd000,0x8c6fe000)]
  0x8ef70000 JavaThread "JS executor for com.gargoylesoftware.htmlunit.WebClient@1ca4955" daemon [_thread_blocked, id=20948, stack(0x8c8ff000,0x8cb00000)]
  0x08f1a000 JavaThread "Low Memory Detector" daemon [_thread_blocked, id=20945, stack(0x8f1e9000,0x8f3ea000)]
  0x08f0ec00 JavaThread "CompilerThread1" daemon [_thread_blocked, id=20944, stack(0x8f3ea000,0x8f46b000)]
  0x08f0cc00 JavaThread "CompilerThread0" daemon [_thread_blocked, id=20943, stack(0x8f46b000,0x8f4ec000)]
  0x08f0b400 JavaThread "Signal Dispatcher" daemon [_thread_blocked, id=20942, stack(0x8f4ec000,0x8f6ed000)]
  0x08ef9800 JavaThread "Finalizer" daemon [_thread_blocked, id=20941, stack(0x8fa0d000,0x8fc0e000)]
  0x08ef8000 JavaThread "Reference Handler" daemon [_thread_blocked, id=20940, stack(0x8fc0e000,0x8fe0f000)]
  0x08e78800 JavaThread "main" [_thread_in_native, id=20936, stack(0xb6892000,0xb6a93000)]

Other Threads:
=>0x08ef4400 VMThread [stack: 0x8fe0f000,0x8fe90000] [id=20939]
  0x08f1bc00 WatcherThread [stack: 0x8f168000,0x8f1e9000] [id=20946]

VM state:at safepoint (normal execution)

VM Mutex/Monitor currently owned by a thread:  ([mutex/lock_event])
[0x08e76798] Threads_lock - owner thread: 0x08ef4400
[0x08e76ba8] Heap_lock - owner thread: 0x8ef70000

Heap
 PSYoungGen      total 150976K, used 4412K [0xa90a0000, 0xb3740000, 0xb3740000)
  eden space 131328K, 0% used [0xa90a0000,0xa90a0000,0xb10e0000)
  from space 19648K, 22% used [0xb10e0000,0xb152f028,0xb2410000)
  to   space 19008K, 0% used [0xb24b0000,0xb24b0000,0xb3740000)
 PSOldGen        total 43712K, used 43562K [0x94340000, 0x96df0000, 0xa90a0000)
  object space 43712K, 99% used [0x94340000,0x96dca900,0x96df0000)
 PSPermGen       total 57728K, used 29389K [0x90340000, 0x93ba0000, 0x94340000)
  object space 57728K, 50% used [0x90340000,0x91ff36c8,0x93ba0000)

Dynamic libraries:
08048000-08052000 r-xp 00000000 08:01 4985951    /usr/lib/jvm/java-6-sun-1.6.0.24/jre/bin/java
08052000-08053000 rwxp 00009000 08:01 4985951    /usr/lib/jvm/java-6-sun-1.6.0.24/jre/bin/java
08e72000-09ea9000 rwxp 00000000 00:00 0          [heap]
8c1b0000-8c1b3000 ---p 00000000 00:00 0 
8c1b3000-8c3b1000 rwxp 00000000 00:00 0 
8c3b1000-8c4e3000 r-xp 00000000 08:01 8126488    /lib/libcrypto.so.0.9.8
8c4e3000-8c4eb000 r-xp 00131000 08:01 8126488    /lib/libcrypto.so.0.9.8
8c4eb000-8c4fa000 rwxp 00139000 08:01 8126488    /lib/libcrypto.so.0.9.8
8c4fa000-8c4fd000 rwxp 00000000 00:00 0 
8c4fd000-8c500000 ---p 00000000 00:00 0 
8c500000-8c6fe000 rwxp 00000000 00:00 0 
8c6fe000-8c701000 ---p 00000000 00:00 0 
8c701000-8c8ff000 rwxp 00000000 00:00 0 
8c8ff000-8c902000 ---p 00000000 00:00 0 
8c902000-8cb00000 rwxp 00000000 00:00 0 
8cb00000-8cbbc000 rwxp 00000000 00:00 0 
8cbbc000-8cc00000 ---p 00000000 00:00 0 
8cd00000-8ce00000 rwxp 00000000 00:00 0 
8cf00000-8cff7000 rwxp 00000000 00:00 0 
8cff7000-8d000000 ---p 00000000 00:00 0 
8d000000-8d063000 rwxp 00000000 00:00 0 
8d063000-8d100000 ---p 00000000 00:00 0 
8d100000-8d1ee000 rwxp 00000000 00:00 0 
8d1ee000-8d200000 ---p 00000000 00:00 0 
8d200000-8d2fd000 rwxp 00000000 00:00 0 
8d2fd000-8d300000 ---p 00000000 00:00 0 
8d300000-8d3eb000 rwxp 00000000 00:00 0 
8d3eb000-8d400000 ---p 00000000 00:00 0 
8d400000-8d4f5000 rwxp 00000000 00:00 0 
8d4f5000-8d500000 ---p 00000000 00:00 0 
8d500000-8d5fe000 rwxp 00000000 00:00 0 
8d5fe000-8d600000 ---p 00000000 00:00 0 
8d700000-8d7fe000 rwxp 00000000 00:00 0 
8d7fe000-8d800000 ---p 00000000 00:00 0 
8d900000-8d9f5000 rwxp 00000000 00:00 0 
8d9f5000-8da00000 ---p 00000000 00:00 0 
8da00000-8daff000 rwxp 00000000 00:00 0 
8daff000-8db00000 ---p 00000000 00:00 0 
8db00000-8dbf8000 rwxp 00000000 00:00 0 
8dbf8000-8dc00000 ---p 00000000 00:00 0 
8dd00000-8ddf1000 rwxp 00000000 00:00 0 
8ddf1000-8de00000 ---p 00000000 00:00 0 
8de8c000-8defd000 r-xp 00000000 08:01 8793368    /lib/i386-linux-gnu/libgcrypt.so.11.6.0
8defd000-8defe000 r-xp 00070000 08:01 8793368    /lib/i386-linux-gnu/libgcrypt.so.11.6.0
8defe000-8df00000 rwxp 00071000 08:01 8793368    /lib/i386-linux-gnu/libgcrypt.so.11.6.0
8df00000-8dffe000 rwxp 00000000 00:00 0 
8dffe000-8e000000 ---p 00000000 00:00 0 
8e06a000-8e0fb000 r-xp 00000000 08:01 3935680    /usr/lib/i386-linux-gnu/libgnutls.so.26.14.12
8e0fb000-8e0ff000 r-xp 00090000 08:01 3935680    /usr/lib/i386-linux-gnu/libgnutls.so.26.14.12
8e0ff000-8e100000 rwxp 00094000 08:01 3935680    /usr/lib/i386-linux-gnu/libgnutls.so.26.14.12
8e100000-8e200000 rwxp 00000000 00:00 0 
8e20e000-8e21d000 r-xp 00000000 08:01 3935056    /usr/lib/i386-linux-gnu/libtasn1.so.3.1.9
8e21d000-8e21e000 r-xp 0000e000 08:01 3935056    /usr/lib/i386-linux-gnu/libtasn1.so.3.1.9
8e21e000-8e21f000 rwxp 0000f000 08:01 3935056    /usr/lib/i386-linux-gnu/libtasn1.so.3.1.9
8e21f000-8e234000 r-xp 00000000 08:01 3940023    /usr/lib/libsasl2.so.2.0.23
8e234000-8e235000 r-xp 00015000 08:01 3940023    /usr/lib/libsasl2.so.2.0.23
8e235000-8e236000 rwxp 00016000 08:01 3940023    /usr/lib/libsasl2.so.2.0.23
8e236000-8e257000 r-xp 00000000 08:01 3935356    /usr/lib/i386-linux-gnu/libk5crypto.so.3.1
8e257000-8e258000 ---p 00021000 08:01 3935356    /usr/lib/i386-linux-gnu/libk5crypto.so.3.1
8e258000-8e259000 r-xp 00021000 08:01 3935356    /usr/lib/i386-linux-gnu/libk5crypto.so.3.1
8e259000-8e25a000 rwxp 00022000 08:01 3935356    /usr/lib/i386-linux-gnu/libk5crypto.so.3.1
8e25a000-8e29c000 r-xp 00000000 08:01 3940028    /usr/lib/libldap_r-2.4.so.2.5.6
8e29c000-8e29d000 r-xp 00041000 08:01 3940028    /usr/lib/libldap_r-2.4.so.2.5.6
8e29d000-8e29e000 rwxp 00042000 08:01 3940028    /usr/lib/libldap_r-2.4.so.2.5.6
8e29e000-8e29f000 rwxp 00000000 00:00 0 
8e29f000-8e2a7000 r-xp 00000000 08:01 8793260    /lib/i386-linux-gnu/libcrypt-2.13.so
8e2a7000-8e2a8000 r-xp 00007000 08:01 8793260    /lib/i386-linux-gnu/libcrypt-2.13.so
8e2a8000-8e2a9000 rwxp 00008000 08:01 8793260    /lib/i386-linux-gnu/libcrypt-2.13.so
8e2a9000-8e2d0000 rwxp 00000000 00:00 0 
8e2d0000-8e2fe000 r-xp 00000000 08:01 3933782    /usr/lib/i386-linux-gnu/libgssapi_krb5.so.2.2
8e2fe000-8e2ff000 r-xp 0002d000 08:01 3933782    /usr/lib/i386-linux-gnu/libgssapi_krb5.so.2.2
8e2ff000-8e300000 rwxp 0002e000 08:01 3933782    /usr/lib/i386-linux-gnu/libgssapi_krb5.so.2.2
8e300000-8e3fe000 rwxp 00000000 00:00 0 
8e3fe000-8e400000 ---p 00000000 00:00 0 
8e40a000-8e4b2000 r-xp 00000000 08:01 3935852    /usr/lib/i386-linux-gnu/libkrb5.so.3.3
8e4b2000-8e4b7000 r-xp 000a8000 08:01 3935852    /usr/lib/i386-linux-gnu/libkrb5.so.3.3
8e4b7000-8e4b8000 rwxp 000ad000 08:01 3935852    /usr/lib/i386-linux-gnu/libkrb5.so.3.3
8e4b8000-8e4fc000 r-xp 00000000 08:01 8126486    /lib/libssl.so.0.9.8
8e4fc000-8e4fd000 r-xp 00044000 08:01 8126486    /lib/libssl.so.0.9.8
8e4fd000-8e500000 rwxp 00045000 08:01 8126486    /lib/libssl.so.0.9.8
8e500000-8e700000 rwxp 00000000 00:00 0 
8e700000-8e7fc000 rwxp 00000000 00:00 0 
8e7fc000-8e800000 ---p 00000000 00:00 0 
8e800000-8e8fa000 rwxp 00000000 00:00 0 
8e8fa000-8e900000 ---p 00000000 00:00 0 
8e900000-8e9fd000 rwxp 00000000 00:00 0 
8e9fd000-8ea00000 ---p 00000000 00:00 0 
8ea08000-8ea13000 r-xp 00000000 08:01 3935782    /usr/lib/liblber-2.4.so.2.5.6
8ea13000-8ea14000 r-xp 0000a000 08:01 3935782    /usr/lib/liblber-2.4.so.2.5.6
8ea14000-8ea15000 rwxp 0000b000 08:01 3935782    /usr/lib/liblber-2.4.so.2.5.6
8ea15000-8eaf4000 r-xp 00000000 08:01 3934573    /usr/lib/i386-linux-gnu/libstdc++.so.6.0.14
8eaf4000-8eaf8000 r-xp 000de000 08:01 3934573    /usr/lib/i386-linux-gnu/libstdc++.so.6.0.14
8eaf8000-8eaf9000 rwxp 000e2000 08:01 3934573    /usr/lib/i386-linux-gnu/libstdc++.so.6.0.14
8eaf9000-8eb00000 rwxp 00000000 00:00 0 
8eb00000-8ebf8000 rwxp 00000000 00:00 0 
8ebf8000-8ec00000 ---p 00000000 00:00 0 
8ec01000-8ec04000 r-xp 00000000 08:01 8793366    /lib/i386-linux-gnu/libgpg-error.so.0.8.0
8ec04000-8ec05000 r-xp 00002000 08:01 8793366    /lib/i386-linux-gnu/libgpg-error.so.0.8.0
8ec05000-8ec06000 rwxp 00003000 08:01 8793366    /lib/i386-linux-gnu/libgpg-error.so.0.8.0
8ec06000-8ec08000 r-xp 00000000 08:01 8793374    /lib/i386-linux-gnu/libkeyutils.so.1.3
8ec08000-8ec09000 r-xp 00001000 08:01 8793374    /lib/i386-linux-gnu/libkeyutils.so.1.3
8ec09000-8ec0a000 rwxp 00002000 08:01 8793374    /lib/i386-linux-gnu/libkeyutils.so.1.3
8ec0a000-8ec10000 r-xp 00000000 08:01 3933785    /usr/lib/i386-linux-gnu/libkrb5support.so.0.1
8ec10000-8ec11000 r-xp 00005000 08:01 3933785    /usr/lib/i386-linux-gnu/libkrb5support.so.0.1
8ec11000-8ec12000 rwxp 00006000 08:01 3933785    /usr/lib/i386-linux-gnu/libkrb5support.so.0.1
8ec12000-8ec25000 r-xp 00000000 08:01 8793294    /lib/i386-linux-gnu/libz.so.1.2.3.4
8ec25000-8ec26000 r-xp 00012000 08:01 8793294    /lib/i386-linux-gnu/libz.so.1.2.3.4
8ec26000-8ec27000 rwxp 00013000 08:01 8793294    /lib/i386-linux-gnu/libz.so.1.2.3.4
8ec27000-8ec29000 r-xp 00000000 08:01 8793372    /lib/i386-linux-gnu/libcom_err.so.2.1
8ec29000-8ec2a000 r-xp 00001000 08:01 8793372    /lib/i386-linux-gnu/libcom_err.so.2.1
8ec2a000-8ec2b000 rwxp 00002000 08:01 8793372    /lib/i386-linux-gnu/libcom_err.so.2.1
8ec2b000-8ec4b000 r-xp 00000000 08:01 3934289    /usr/lib/libpq.so.5.2
8ec4b000-8ec4c000 r-xp 0001f000 08:01 3934289    /usr/lib/libpq.so.5.2
8ec4c000-8ec4d000 rwxp 00020000 08:01 3934289    /usr/lib/libpq.so.5.2
8ec4d000-8ec67000 r-xp 00000000 08:01 8793293    /lib/i386-linux-gnu/libgcc_s.so.1
8ec67000-8ec68000 r-xp 00019000 08:01 8793293    /lib/i386-linux-gnu/libgcc_s.so.1
8ec68000-8ec69000 rwxp 0001a000 08:01 8793293    /lib/i386-linux-gnu/libgcc_s.so.1
8ec7e000-8ecc2000 r-xp 00000000 08:01 9054354    /home/dark/.rvm/rubies/jruby-1.6.2/lib/native/i386-Linux/libjruby-cext.so
8ecc2000-8ecc3000 r-xp 00043000 08:01 9054354    /home/dark/.rvm/rubies/jruby-1.6.2/lib/native/i386-Linux/libjruby-cext.so
8ecc3000-8ecc4000 rwxp 00044000 08:01 9054354    /home/dark/.rvm/rubies/jruby-1.6.2/lib/native/i386-Linux/libjruby-cext.so
8ecc4000-8ecc5000 rwxp 00000000 00:00 0 
8ecc5000-8ecd6000 r-xp 00000000 08:01 8793248    /lib/i386-linux-gnu/libresolv-2.13.so
8ecd6000-8ecd7000 r-xp 00010000 08:01 8793248    /lib/i386-linux-gnu/libresolv-2.13.so
8ecd7000-8ecd8000 rwxp 00011000 08:01 8793248    /lib/i386-linux-gnu/libresolv-2.13.so
8ecd8000-8ecda000 rwxp 00000000 00:00 0 
8ecda000-8ecde000 r-xp 00000000 08:01 8793253    /lib/i386-linux-gnu/libnss_dns-2.13.so
8ecde000-8ecdf000 r-xp 00004000 08:01 8793253    /lib/i386-linux-gnu/libnss_dns-2.13.so
8ecdf000-8ece0000 rwxp 00005000 08:01 8793253    /lib/i386-linux-gnu/libnss_dns-2.13.so
8ece0000-8ece2000 r-xp 00000000 08:01 8126621    /lib/libnss_mdns4_minimal.so.2
8ece2000-8ece3000 r-xp 00001000 08:01 8126621    /lib/libnss_mdns4_minimal.so.2
8ece3000-8ece4000 rwxp 00002000 08:01 8126621    /lib/libnss_mdns4_minimal.so.2
8ece4000-8ecf1000 r-xp 00000000 08:01 1704303    /home/dark/.rvm/gems/jruby-1.6.2@celerity/gems/pg-0.11.0/lib/pg_ext.so
8ecf1000-8ecf2000 r-xp 0000c000 08:01 1704303    /home/dark/.rvm/gems/jruby-1.6.2@celerity/gems/pg-0.11.0/lib/pg_ext.so
8ecf2000-8ecf3000 rwxp 0000d000 08:01 1704303    /home/dark/.rvm/gems/jruby-1.6.2@celerity/gems/pg-0.11.0/lib/pg_ext.so
8ecf3000-8ecf6000 r-xs 00013000 08:01 4985423    /usr/lib/jvm/java-6-sun-1.6.0.24/jre/lib/jce.jar
8ecf6000-8ecf9000 r-xs 00027000 08:01 4985933    /usr/lib/jvm/java-6-sun-1.6.0.24/jre/lib/ext/sunjce_provider.jar
8ecf9000-8ed00000 r-xs 00094000 08:01 4985422    /usr/lib/jvm/java-6-sun-1.6.0.24/jre/lib/jsse.jar
8ed00000-8edf8000 rwxp 00000000 00:00 0 
8edf8000-8ee00000 ---p 00000000 00:00 0 
8ee00000-8eefc000 rwxp 00000000 00:00 0 
8eefc000-8ef00000 ---p 00000000 00:00 0 
8ef00000-8eff9000 rwxp 00000000 00:00 0 
8eff9000-8f000000 ---p 00000000 00:00 0 
8f002000-8f003000 r-xs 00003000 08:01 10889723   /home/dark/.rvm/gems/jruby-1.6.2@celerity/gems/celerity-0.8.9/lib/celerity/htmlunit/sac-1.3.jar
8f003000-8f008000 r-xs 00028000 08:01 10889720   /home/dark/.rvm/gems/jruby-1.6.2@celerity/gems/celerity-0.8.9/lib/celerity/htmlunit/httpcore-4.1.jar
8f008000-8f015000 r-xs 000d3000 08:01 10889718   /home/dark/.rvm/gems/jruby-1.6.2@celerity/gems/celerity-0.8.9/lib/celerity/htmlunit/htmlunit-core-js-2.9-SNAPSHOT.jar
8f015000-8f017000 r-xs 00005000 08:01 10889721   /home/dark/.rvm/gems/jruby-1.6.2@celerity/gems/celerity-0.8.9/lib/celerity/htmlunit/httpmime-4.1.1.jar
8f017000-8f03c000 r-xs 002e3000 08:01 10889725   /home/dark/.rvm/gems/jruby-1.6.2@celerity/gems/celerity-0.8.9/lib/celerity/htmlunit/xalan-2.7.1.jar
8f03c000-8f03e000 r-xs 0000d000 08:01 10889715   /home/dark/.rvm/gems/jruby-1.6.2@celerity/gems/celerity-0.8.9/lib/celerity/htmlunit/commons-logging-1.1.1.jar
8f03e000-8f050000 r-xs 000e1000 08:01 10889717   /home/dark/.rvm/gems/jruby-1.6.2@celerity/gems/celerity-0.8.9/lib/celerity/htmlunit/htmlunit-2.9-SNAPSHOT.jar
8f050000-8f05e000 r-xs 0007f000 08:01 10889712   /home/dark/.rvm/gems/jruby-1.6.2@celerity/gems/celerity-0.8.9/lib/celerity/htmlunit/commons-collections-3.2.1.jar
8f05e000-8f061000 r-xs 0001c000 08:01 10889722   /home/dark/.rvm/gems/jruby-1.6.2@celerity/gems/celerity-0.8.9/lib/celerity/htmlunit/nekohtml-1.9.15-20101026.093020-2.jar
8f061000-8f069000 r-xs 0004e000 08:01 10889719   /home/dark/.rvm/gems/jruby-1.6.2@celerity/gems/celerity-0.8.9/lib/celerity/htmlunit/httpclient-4.1.1.jar
8f069000-8f081000 r-xs 00115000 08:01 10889726   /home/dark/.rvm/gems/jruby-1.6.2@celerity/gems/celerity-0.8.9/lib/celerity/htmlunit/xercesImpl-2.9.1.jar
8f081000-8f084000 r-xs 00041000 08:01 10889724   /home/dark/.rvm/gems/jruby-1.6.2@celerity/gems/celerity-0.8.9/lib/celerity/htmlunit/serializer-2.7.1.jar
8f084000-8f086000 r-xs 0000d000 08:01 10889711   /home/dark/.rvm/gems/jruby-1.6.2@celerity/gems/celerity-0.8.9/lib/celerity/htmlunit/commons-codec-1.4.jar
8f086000-8f08e000 r-xs 00028000 08:01 10889727   /home/dark/.rvm/gems/jruby-1.6.2@celerity/gems/celerity-0.8.9/lib/celerity/htmlunit/xml-apis-1.3.04.jar
8f08e000-8f099000 r-xp 00000000 08:01 9054353    /home/dark/.rvm/rubies/jruby-1.6.2/lib/native/i386-Linux/libjffi-1.0.so
8f099000-8f09a000 rwxp 0000a000 08:01 9054353    /home/dark/.rvm/rubies/jruby-1.6.2/lib/native/i386-Linux/libjffi-1.0.so
8f09a000-8f0ae000 r-xp 00000000 08:01 4986046    /usr/lib/jvm/java-6-sun-1.6.0.24/jre/lib/i386/libnet.so
8f0ae000-8f0af000 rwxp 00013000 08:01 4986046    /usr/lib/jvm/java-6-sun-1.6.0.24/jre/lib/i386/libnet.so
8f0af000-8f168000 r-xs 0086d000 08:01 8793153    /home/dark/.rvm/rubies/jruby-1.6.2/lib/jruby.jar
8f168000-8f169000 ---p 00000000 00:00 0 
8f169000-8f1e9000 rwxp 00000000 00:00 0 
8f1e9000-8f1ec000 ---p 00000000 00:00 0 
8f1ec000-8f3ea000 rwxp 00000000 00:00 0 
8f3ea000-8f3ed000 ---p 00000000 00:00 0 
8f3ed000-8f46b000 rwxp 00000000 00:00 0 
8f46b000-8f46e000 ---p 00000000 00:00 0 
8f46e000-8f4ec000 rwxp 00000000 00:00 0 
8f4ec000-8f4ef000 ---p 00000000 00:00 0 
8f4ef000-8f6ed000 rwxp 00000000 00:00 0 
8f6ed000-8f80d000 r-xp 002a3000 08:01 3932302    /usr/lib/locale/locale-archive
8f80d000-8fa0d000 r-xp 00000000 08:01 3932302    /usr/lib/locale/locale-archive
8fa0d000-8fa10000 ---p 00000000 00:00 0 
8fa10000-8fc0e000 rwxp 00000000 00:00 0 
8fc0e000-8fc11000 ---p 00000000 00:00 0 
8fc11000-8fe0f000 rwxp 00000000 00:00 0 
8fe0f000-8fe10000 ---p 00000000 00:00 0 
8fe10000-8fec4000 rwxp 00000000 00:00 0 
8fec4000-9005c000 r-xs 03027000 08:01 4986071    /usr/lib/jvm/java-6-sun-1.6.0.24/jre/lib/rt.jar
9005c000-9005d000 ---p 00000000 00:00 0 
9005d000-900dd000 rwxp 00000000 00:00 0 
900dd000-900de000 ---p 00000000 00:00 0 
900de000-9017b000 rwxp 00000000 00:00 0 
9017b000-9017e000 rwxp 00000000 00:00 0 
9017e000-90194000 rwxp 00000000 00:00 0 
90194000-90225000 rwxp 00000000 00:00 0 
90225000-90242000 rwxp 00000000 00:00 0 
90242000-90245000 rwxp 00000000 00:00 0 
90245000-9025b000 rwxp 00000000 00:00 0 
9025b000-902eb000 rwxp 00000000 00:00 0 
902eb000-9033f000 rwxp 00000000 00:00 0 
9033f000-93ba0000 rwxp 00000000 00:00 0 
93ba0000-94340000 rwxp 00000000 00:00 0 
94340000-96df0000 rwxp 00000000 00:00 0 
96df0000-a90a0000 rwxp 00000000 00:00 0 
a90a0000-b3740000 rwxp 00000000 00:00 0 
b3740000-b3745000 r-xs 00041000 08:01 10889714   /home/dark/.rvm/gems/jruby-1.6.2@celerity/gems/celerity-0.8.9/lib/celerity/htmlunit/commons-lang-2.6.jar
b3745000-b3748000 r-xs 0003b000 08:01 10889716   /home/dark/.rvm/gems/jruby-1.6.2@celerity/gems/celerity-0.8.9/lib/celerity/htmlunit/cssparser-0.9.5.jar
b3748000-b3759000 rwxp 00000000 00:00 0 
b3759000-b3808000 rwxp 00000000 00:00 0 
b3808000-b3c38000 rwxp 00000000 00:00 0 
b3c38000-b6808000 rwxp 00000000 00:00 0 
b6808000-b6817000 r-xp 00000000 08:01 4986002    /usr/lib/jvm/java-6-sun-1.6.0.24/jre/lib/i386/libzip.so
b6817000-b6819000 rwxp 0000e000 08:01 4986002    /usr/lib/jvm/java-6-sun-1.6.0.24/jre/lib/i386/libzip.so
b6819000-b6823000 r-xp 00000000 08:01 8793270    /lib/i386-linux-gnu/libnss_files-2.13.so
b6823000-b6824000 r-xp 00009000 08:01 8793270    /lib/i386-linux-gnu/libnss_files-2.13.so
b6824000-b6825000 rwxp 0000a000 08:01 8793270    /lib/i386-linux-gnu/libnss_files-2.13.so
b6825000-b682e000 r-xp 00000000 08:01 8793257    /lib/i386-linux-gnu/libnss_nis-2.13.so
b682e000-b682f000 r-xp 00008000 08:01 8793257    /lib/i386-linux-gnu/libnss_nis-2.13.so
b682f000-b6830000 rwxp 00009000 08:01 8793257    /lib/i386-linux-gnu/libnss_nis-2.13.so
b6830000-b6836000 r-xp 00000000 08:01 8793258    /lib/i386-linux-gnu/libnss_compat-2.13.so
b6836000-b6837000 r-xp 00005000 08:01 8793258    /lib/i386-linux-gnu/libnss_compat-2.13.so
b6837000-b6838000 rwxp 00006000 08:01 8793258    /lib/i386-linux-gnu/libnss_compat-2.13.so
b6838000-b684b000 r-xp 00000000 08:01 8793254    /lib/i386-linux-gnu/libnsl-2.13.so
b684b000-b684c000 r-xp 00012000 08:01 8793254    /lib/i386-linux-gnu/libnsl-2.13.so
b684c000-b684d000 rwxp 00013000 08:01 8793254    /lib/i386-linux-gnu/libnsl-2.13.so
b684d000-b684f000 rwxp 00000000 00:00 0 
b684f000-b6851000 r-xs 00009000 08:01 534337     /home/dark/.rvm/gems/jruby-1.6.2@celerity/gems/ruby-debug-base-0.10.4-java/lib/ruby_debug.jar
b6851000-b6854000 r-xs 00024000 08:01 10889713   /home/dark/.rvm/gems/jruby-1.6.2@celerity/gems/celerity-0.8.9/lib/celerity/htmlunit/commons-io-2.0.1.jar
b6854000-b685b000 r-xp 00000000 08:01 4986001    /usr/lib/jvm/java-6-sun-1.6.0.24/jre/lib/i386/libnio.so
b685b000-b685c000 rwxp 00006000 08:01 4986001    /usr/lib/jvm/java-6-sun-1.6.0.24/jre/lib/i386/libnio.so
b685c000-b6864000 rwxs 00000000 08:01 5637125    /tmp/hsperfdata_dark/20935
b6864000-b6887000 r-xp 00000000 08:01 4985997    /usr/lib/jvm/java-6-sun-1.6.0.24/jre/lib/i386/libjava.so
b6887000-b6889000 rwxp 00023000 08:01 4985997    /usr/lib/jvm/java-6-sun-1.6.0.24/jre/lib/i386/libjava.so
b6889000-b6890000 r-xp 00000000 08:01 8793251    /lib/i386-linux-gnu/librt-2.13.so
b6890000-b6891000 r-xp 00006000 08:01 8793251    /lib/i386-linux-gnu/librt-2.13.so
b6891000-b6892000 rwxp 00007000 08:01 8793251    /lib/i386-linux-gnu/librt-2.13.so
b6892000-b6895000 ---p 00000000 00:00 0 
b6895000-b6a93000 rwxp 00000000 00:00 0 
b6a93000-b6ab7000 r-xp 00000000 08:01 8793267    /lib/i386-linux-gnu/libm-2.13.so
b6ab7000-b6ab8000 r-xp 00023000 08:01 8793267    /lib/i386-linux-gnu/libm-2.13.so
b6ab8000-b6ab9000 rwxp 00024000 08:01 8793267    /lib/i386-linux-gnu/libm-2.13.so
b6ab9000-b7246000 r-xp 00000000 08:01 4986017    /usr/lib/jvm/java-6-sun-1.6.0.24/jre/lib/i386/server/libjvm.so
b7246000-b7299000 rwxp 0078d000 08:01 4986017    /usr/lib/jvm/java-6-sun-1.6.0.24/jre/lib/i386/server/libjvm.so
b7299000-b76b8000 rwxp 00000000 00:00 0 
b76b8000-b7812000 r-xp 00000000 08:01 8793249    /lib/i386-linux-gnu/libc-2.13.so
b7812000-b7813000 ---p 0015a000 08:01 8793249    /lib/i386-linux-gnu/libc-2.13.so
b7813000-b7815000 r-xp 0015a000 08:01 8793249    /lib/i386-linux-gnu/libc-2.13.so
b7815000-b7816000 rwxp 0015c000 08:01 8793249    /lib/i386-linux-gnu/libc-2.13.so
b7816000-b7819000 rwxp 00000000 00:00 0 
b7819000-b781b000 r-xp 00000000 08:01 8793265    /lib/i386-linux-gnu/libdl-2.13.so
b781b000-b781c000 r-xp 00001000 08:01 8793265    /lib/i386-linux-gnu/libdl-2.13.so
b781c000-b781d000 rwxp 00002000 08:01 8793265    /lib/i386-linux-gnu/libdl-2.13.so
b781d000-b7824000 r-xp 00000000 08:01 4986006    /usr/lib/jvm/java-6-sun-1.6.0.24/jre/lib/i386/jli/libjli.so
b7824000-b7826000 rwxp 00006000 08:01 4986006    /usr/lib/jvm/java-6-sun-1.6.0.24/jre/lib/i386/jli/libjli.so
b7826000-b7827000 rwxp 00000000 00:00 0 
b7827000-b783c000 r-xp 00000000 08:01 8793263    /lib/i386-linux-gnu/libpthread-2.13.so
b783c000-b783d000 r-xp 00015000 08:01 8793263    /lib/i386-linux-gnu/libpthread-2.13.so
b783d000-b783e000 rwxp 00016000 08:01 8793263    /lib/i386-linux-gnu/libpthread-2.13.so
b783e000-b7840000 rwxp 00000000 00:00 0 
b7840000-b7846000 r-xp 00000000 08:01 4986020    /usr/lib/jvm/java-6-sun-1.6.0.24/jre/lib/i386/native_threads/libhpi.so
b7846000-b7847000 rwxp 00006000 08:01 4986020    /usr/lib/jvm/java-6-sun-1.6.0.24/jre/lib/i386/native_threads/libhpi.so
b7847000-b7848000 rwxp 00000000 00:00 0 
b7848000-b7849000 ---p 00000000 00:00 0 
b7849000-b7854000 r-xp 00000000 08:01 4986031    /usr/lib/jvm/java-6-sun-1.6.0.24/jre/lib/i386/libverify.so
b7854000-b7855000 rwxp 0000b000 08:01 4986031    /usr/lib/jvm/java-6-sun-1.6.0.24/jre/lib/i386/libverify.so
b7855000-b7857000 rwxp 00000000 00:00 0 
b7857000-b7858000 r-xp 00000000 00:00 0          [vdso]
b7858000-b7874000 r-xp 00000000 08:01 8793268    /lib/i386-linux-gnu/ld-2.13.so
b7874000-b7875000 r-xp 0001b000 08:01 8793268    /lib/i386-linux-gnu/ld-2.13.so
b7875000-b7876000 rwxp 0001c000 08:01 8793268    /lib/i386-linux-gnu/ld-2.13.so
bfe50000-bfe72000 rwxp 00000000 00:00 0          [stack]

VM Arguments:
jvm_args: -Djdk.home= -Djruby.home=/home/dark/.rvm/rubies/jruby-1.6.2 -Djruby.script=jruby -Djruby.shell=/bin/bash -Djffi.boot.library.path=/home/dark/.rvm/rubies/jruby-1.6.2/lib/native/x86_64-Linux:/home/dark/.rvm/rubies/jruby-1.6.2/lib/native/i386-Linux:/home/dark/.rvm/rubies/jruby-1.6.2/lib/native/ppc-Linux -Xmx500m -Xss2048k -Djruby.memory.max=500m -Djruby.stack.max=2048k -Xbootclasspath/a:/home/dark/.rvm/rubies/jruby-1.6.2/lib/jruby.jar 
java_command: org/jruby/Main bin/rbets
Launcher Type: SUN_STANDARD

Environment Variables:
PATH=/home/dark/.rvm/gems/jruby-1.6.2@celerity/bin:/home/dark/.rvm/gems/jruby-1.6.2@global/bin:/home/dark/.rvm/rubies/jruby-1.6.2/bin:/home/dark/.rvm/bin:/usr/local/sbin:/usr/local/bin:/usr/sbin:/usr/bin:/sbin:/bin:/usr/games:/var/lib/gems/1.8/gems/radiant-0.9.1/bin:/var/lib/gems/1.8/bin
USERNAME=dark
LD_LIBRARY_PATH=/usr/lib/jvm/java-6-sun-1.6.0.24/jre/lib/i386/server:/usr/lib/jvm/java-6-sun-1.6.0.24/jre/lib/i386:/usr/lib/jvm/java-6-sun-1.6.0.24/jre/../lib/i386
SHELL=/bin/bash
DISPLAY=:0.0

Signal Handlers:
SIGSEGV: [libjvm.so+0x708f80], sa_mask[0]=0x7ffbfeff, sa_flags=0x10000004
SIGBUS: [libjvm.so+0x708f80], sa_mask[0]=0x7ffbfeff, sa_flags=0x10000004
SIGFPE: [libjvm.so+0x5c4100], sa_mask[0]=0x7ffbfeff, sa_flags=0x10000004
SIGPIPE: [libjvm.so+0x5c4100], sa_mask[0]=0x7ffbfeff, sa_flags=0x10000004
SIGXFSZ: [libjvm.so+0x5c4100], sa_mask[0]=0x7ffbfeff, sa_flags=0x10000004
SIGILL: [libjvm.so+0x5c4100], sa_mask[0]=0x7ffbfeff, sa_flags=0x10000004
SIGUSR1: SIG_DFL, sa_mask[0]=0x00000000, sa_flags=0x00000000
SIGUSR2: [libjvm.so+0x5c70e0], sa_mask[0]=0x00000000, sa_flags=0x10000004
SIGHUP: [libjvm.so+0x5c6cc0], sa_mask[0]=0x7ffbfeff, sa_flags=0x10000004
SIGINT: [libjvm.so+0x5c6cc0], sa_mask[0]=0x7ffbfeff, sa_flags=0x10000004
SIGTERM: [libjvm.so+0x5c6cc0], sa_mask[0]=0x7ffbfeff, sa_flags=0x10000004
SIGQUIT: [libjvm.so+0x5c6cc0], sa_mask[0]=0x7ffbfeff, sa_flags=0x10000004


---------------  S Y S T E M  ---------------

OS:squeeze/sid

uname:Linux 2.6.38-8-generic #42-Ubuntu SMP Mon Apr 11 03:31:50 UTC 2011 i686
libc:glibc 2.13 NPTL 2.13 
rlimit: STACK 8192k, CORE 0k, NPROC infinity, NOFILE 4096, AS infinity
load average:0.78 1.00 0.95

/proc/meminfo:
MemTotal:        1986584 kB
MemFree:          395464 kB
Buffers:           13620 kB
Cached:           163700 kB
SwapCached:        91112 kB
Active:           755364 kB
Inactive:         474500 kB
Active(anon):     708852 kB
Inactive(anon):   349932 kB
Active(file):      46512 kB
Inactive(file):   124568 kB
Unevictable:           0 kB
Mlocked:               0 kB
HighTotal:       1113352 kB
HighFree:           1564 kB
LowTotal:         873232 kB
LowFree:          393900 kB
SwapTotal:       6142972 kB
SwapFree:        5477768 kB
Dirty:               140 kB
Writeback:             0 kB
AnonPages:       1010180 kB
Mapped:           158400 kB
Shmem:              6240 kB
Slab:              36472 kB
SReclaimable:      15564 kB
SUnreclaim:        20908 kB
KernelStack:        3976 kB
PageTables:        11548 kB
NFS_Unstable:          0 kB
Bounce:                0 kB
WritebackTmp:          0 kB
CommitLimit:     7136264 kB
Committed_AS:    4252432 kB
VmallocTotal:     122880 kB
VmallocUsed:       42992 kB
VmallocChunk:      72212 kB
HardwareCorrupted:     0 kB
HugePages_Total:       0
HugePages_Free:        0
HugePages_Rsvd:        0
HugePages_Surp:        0
Hugepagesize:       4096 kB
DirectMap4k:      192504 kB
DirectMap4M:      716800 kB


CPU:total 2 (2 cores per cpu, 1 threads per core) family 6 model 37 stepping 5, cmov, cx8, fxsr, mmx, sse, sse2, sse3, ssse3, popcnt

Memory: 4k page, physical 1986584k(395464k free), swap 6142972k(5477768k free)

vm_info: Java HotSpot(TM) Server VM (19.1-b02) for linux-x86 JRE (1.6.0_24-b07), built on Feb  2 2011 16:51:52 by "java_re" with gcc 3.2.1-7a (J2SE release)

time: Sat Jun 25 22:42:02 2011
elapsed time: 56 seconds

