#
# A fatal error has been detected by the Java Runtime Environment:
#
#  SIGSEGV (0xb) at pc=0xb6c13b5a, pid=20874, tid=2416434032
#
# JRE version: 6.0_24-b07
# Java VM: Java HotSpot(TM) Server VM (19.1-b02 mixed mode linux-x86 )
# Problematic frame:
# V  [libjvm.so+0x241b5a]
#
# If you would like to submit a bug report, please visit:
#   http://java.sun.com/webapps/bugreport/crash.jsp
#

---------------  T H R E A D  ---------------

Current thread (0x087fcc00):  GCTaskThread [stack: 0x8fffd000,0x9007e000] [id=20876]

siginfo:si_signo=SIGSEGV: si_errno=0, si_code=1 (SEGV_MAPERR), si_addr=0x00000027

Registers:
EAX=0x91f3e850, EBX=0x902d22a8, ECX=0x0000001b, EDX=0x00000023
ESP=0x9007d140, EBP=0x9007d178, ESI=0x901536f6, EDI=0x902d22a8
EIP=0xb6c13b5a, CR2=0x00000027, EFLAGS=0x00210283

Register to memory mapping:

EAX=0x91f3e850

[error occurred during error reporting (printing registers, top of stack, instructions near pc), id 0xb]

Stack: [0x8fffd000,0x9007e000],  sp=0x9007d140,  free space=512k
Native frames: (J=compiled Java code, j=interpreted, Vv=VM code, C=native code)
V  [libjvm.so+0x241b5a]
V  [libjvm.so+0x613636]
V  [libjvm.so+0x36ac6b]
V  [libjvm.so+0x5c6a6e]
C  [libpthread.so.0+0x5e99]


---------------  P R O C E S S  ---------------

Java Threads: ( => current thread )
  0x08ef5000 JavaThread "Cext reference reaper" daemon [_thread_blocked, id=20911, stack(0x8cbfd000,0x8cdfe000)]
  0x08ef4000 JavaThread "ReferenceReaper" daemon [_thread_blocked, id=20910, stack(0x8cdfe000,0x8cfff000)]
  0x089a6000 JavaThread "JS executor for com.gargoylesoftware.htmlunit.WebClient@1949a87" daemon [_thread_blocked, id=20887, stack(0x8cfff000,0x8d200000)]
  0x08897000 JavaThread "Low Memory Detector" daemon [_thread_blocked, id=20884, stack(0x8f109000,0x8f30a000)]
  0x0888bc00 JavaThread "CompilerThread1" daemon [_thread_blocked, id=20883, stack(0x8f30a000,0x8f38b000)]
  0x08889c00 JavaThread "CompilerThread0" daemon [_thread_blocked, id=20882, stack(0x8f38b000,0x8f40c000)]
  0x08888400 JavaThread "Signal Dispatcher" daemon [_thread_blocked, id=20881, stack(0x8f40c000,0x8f60d000)]
  0x08876800 JavaThread "Finalizer" daemon [_thread_blocked, id=20880, stack(0x8f92d000,0x8fb2e000)]
  0x08875000 JavaThread "Reference Handler" daemon [_thread_blocked, id=20879, stack(0x8fb2e000,0x8fd2f000)]
  0x087f5800 JavaThread "main" [_thread_in_native, id=20875, stack(0xb67ab000,0xb69ac000)]

Other Threads:
  0x08871400 VMThread [stack: 0x8fd2f000,0x8fdb0000] [id=20878]
  0x08898c00 WatcherThread [stack: 0x8f088000,0x8f109000] [id=20885]

=>0x087fcc00 (exited) GCTaskThread [stack: 0x8fffd000,0x9007e000] [id=20876]

VM state:at safepoint (normal execution)

VM Mutex/Monitor currently owned by a thread:  ([mutex/lock_event])
[0x087f3798] Threads_lock - owner thread: 0x08871400
[0x087f3ba8] Heap_lock - owner thread: 0x089a6000

Heap
 PSYoungGen      total 150976K, used 131328K [0xa8fc0000, 0xb3660000, 0xb3660000)
  eden space 131328K, 100% used [0xa8fc0000,0xb1000000,0xb1000000)
  from space 19648K, 0% used [0xb1000000,0xb1000000,0xb2330000)
  to   space 19072K, 17% used [0xb23c0000,0xb2703028,0xb3660000)
 PSOldGen        total 71040K, used 43783K [0x94260000, 0x987c0000, 0xa8fc0000)
  object space 71040K, 61% used [0x94260000,0x96d21ff0,0x987c0000)
 PSPermGen       total 65408K, used 29562K [0x90260000, 0x94240000, 0x94260000)
  object space 65408K, 45% used [0x90260000,0x91f3e850,0x94240000)

Dynamic libraries:
08048000-08052000 r-xp 00000000 08:01 4985951    /usr/lib/jvm/java-6-sun-1.6.0.24/jre/bin/java
08052000-08053000 rwxp 00009000 08:01 4985951    /usr/lib/jvm/java-6-sun-1.6.0.24/jre/bin/java
087ef000-098bf000 rwxp 00000000 00:00 0          [heap]
8c7a6000-8c7a9000 ---p 00000000 00:00 0 
8c7a9000-8c9a7000 rwxp 00000000 00:00 0 
8c9a7000-8ca18000 r-xp 00000000 08:01 8793368    /lib/i386-linux-gnu/libgcrypt.so.11.6.0
8ca18000-8ca19000 r-xp 00070000 08:01 8793368    /lib/i386-linux-gnu/libgcrypt.so.11.6.0
8ca19000-8ca1b000 rwxp 00071000 08:01 8793368    /lib/i386-linux-gnu/libgcrypt.so.11.6.0
8ca1b000-8caac000 r-xp 00000000 08:01 3935680    /usr/lib/i386-linux-gnu/libgnutls.so.26.14.12
8caac000-8cab0000 r-xp 00090000 08:01 3935680    /usr/lib/i386-linux-gnu/libgnutls.so.26.14.12
8cab0000-8cab1000 rwxp 00094000 08:01 3935680    /usr/lib/i386-linux-gnu/libgnutls.so.26.14.12
8cab1000-8cbe3000 r-xp 00000000 08:01 8126488    /lib/libcrypto.so.0.9.8
8cbe3000-8cbeb000 r-xp 00131000 08:01 8126488    /lib/libcrypto.so.0.9.8
8cbeb000-8cbfa000 rwxp 00139000 08:01 8126488    /lib/libcrypto.so.0.9.8
8cbfa000-8cbfd000 rwxp 00000000 00:00 0 
8cbfd000-8cc00000 ---p 00000000 00:00 0 
8cc00000-8cdfe000 rwxp 00000000 00:00 0 
8cdfe000-8ce01000 ---p 00000000 00:00 0 
8ce01000-8cfff000 rwxp 00000000 00:00 0 
8cfff000-8d002000 ---p 00000000 00:00 0 
8d002000-8d200000 rwxp 00000000 00:00 0 
8d200000-8d23b000 rwxp 00000000 00:00 0 
8d23b000-8d300000 ---p 00000000 00:00 0 
8d317000-8d32c000 r-xp 00000000 08:01 3940023    /usr/lib/libsasl2.so.2.0.23
8d32c000-8d32d000 r-xp 00015000 08:01 3940023    /usr/lib/libsasl2.so.2.0.23
8d32d000-8d32e000 rwxp 00016000 08:01 3940023    /usr/lib/libsasl2.so.2.0.23
8d32e000-8d34f000 r-xp 00000000 08:01 3935356    /usr/lib/i386-linux-gnu/libk5crypto.so.3.1
8d34f000-8d350000 ---p 00021000 08:01 3935356    /usr/lib/i386-linux-gnu/libk5crypto.so.3.1
8d350000-8d351000 r-xp 00021000 08:01 3935356    /usr/lib/i386-linux-gnu/libk5crypto.so.3.1
8d351000-8d352000 rwxp 00022000 08:01 3935356    /usr/lib/i386-linux-gnu/libk5crypto.so.3.1
8d352000-8d3fa000 r-xp 00000000 08:01 3935852    /usr/lib/i386-linux-gnu/libkrb5.so.3.3
8d3fa000-8d3ff000 r-xp 000a8000 08:01 3935852    /usr/lib/i386-linux-gnu/libkrb5.so.3.3
8d3ff000-8d400000 rwxp 000ad000 08:01 3935852    /usr/lib/i386-linux-gnu/libkrb5.so.3.3
8d400000-8d4fe000 rwxp 00000000 00:00 0 
8d4fe000-8d500000 ---p 00000000 00:00 0 
8d500000-8d5f9000 rwxp 00000000 00:00 0 
8d5f9000-8d600000 ---p 00000000 00:00 0 
8d600000-8d6e5000 rwxp 00000000 00:00 0 
8d6e5000-8d700000 ---p 00000000 00:00 0 
8d700000-8d800000 rwxp 00000000 00:00 0 
8d800000-8d9f8000 rwxp 00000000 00:00 0 
8d9f8000-8da00000 ---p 00000000 00:00 0 
8da00000-8dafa000 rwxp 00000000 00:00 0 
8dafa000-8db00000 ---p 00000000 00:00 0 
8db00000-8dc00000 rwxp 00000000 00:00 0 
8dc00000-8ddfc000 rwxp 00000000 00:00 0 
8ddfc000-8de00000 ---p 00000000 00:00 0 
8de00000-8defb000 rwxp 00000000 00:00 0 
8defb000-8df00000 ---p 00000000 00:00 0 
8df00000-8dff7000 rwxp 00000000 00:00 0 
8dff7000-8e000000 ---p 00000000 00:00 0 
8e000000-8e0fa000 rwxp 00000000 00:00 0 
8e0fa000-8e100000 ---p 00000000 00:00 0 
8e106000-8e148000 r-xp 00000000 08:01 3940028    /usr/lib/libldap_r-2.4.so.2.5.6
8e148000-8e149000 r-xp 00041000 08:01 3940028    /usr/lib/libldap_r-2.4.so.2.5.6
8e149000-8e14a000 rwxp 00042000 08:01 3940028    /usr/lib/libldap_r-2.4.so.2.5.6
8e14a000-8e14b000 rwxp 00000000 00:00 0 
8e14b000-8e153000 r-xp 00000000 08:01 8793260    /lib/i386-linux-gnu/libcrypt-2.13.so
8e153000-8e154000 r-xp 00007000 08:01 8793260    /lib/i386-linux-gnu/libcrypt-2.13.so
8e154000-8e155000 rwxp 00008000 08:01 8793260    /lib/i386-linux-gnu/libcrypt-2.13.so
8e155000-8e17c000 rwxp 00000000 00:00 0 
8e17c000-8e1aa000 r-xp 00000000 08:01 3933782    /usr/lib/i386-linux-gnu/libgssapi_krb5.so.2.2
8e1aa000-8e1ab000 r-xp 0002d000 08:01 3933782    /usr/lib/i386-linux-gnu/libgssapi_krb5.so.2.2
8e1ab000-8e1ac000 rwxp 0002e000 08:01 3933782    /usr/lib/i386-linux-gnu/libgssapi_krb5.so.2.2
8e1ac000-8e1f0000 r-xp 00000000 08:01 8126486    /lib/libssl.so.0.9.8
8e1f0000-8e1f1000 r-xp 00044000 08:01 8126486    /lib/libssl.so.0.9.8
8e1f1000-8e1f4000 rwxp 00045000 08:01 8126486    /lib/libssl.so.0.9.8
8e1f4000-8e1ff000 r-xp 00000000 08:01 9054353    /home/dark/.rvm/rubies/jruby-1.6.2/lib/native/i386-Linux/libjffi-1.0.so
8e1ff000-8e200000 rwxp 0000a000 08:01 9054353    /home/dark/.rvm/rubies/jruby-1.6.2/lib/native/i386-Linux/libjffi-1.0.so
8e200000-8e2fa000 rwxp 00000000 00:00 0 
8e2fa000-8e300000 ---p 00000000 00:00 0 
8e304000-8e313000 r-xp 00000000 08:01 3935056    /usr/lib/i386-linux-gnu/libtasn1.so.3.1.9
8e313000-8e314000 r-xp 0000e000 08:01 3935056    /usr/lib/i386-linux-gnu/libtasn1.so.3.1.9
8e314000-8e315000 rwxp 0000f000 08:01 3935056    /usr/lib/i386-linux-gnu/libtasn1.so.3.1.9
8e315000-8e3f4000 r-xp 00000000 08:01 3934573    /usr/lib/i386-linux-gnu/libstdc++.so.6.0.14
8e3f4000-8e3f8000 r-xp 000de000 08:01 3934573    /usr/lib/i386-linux-gnu/libstdc++.so.6.0.14
8e3f8000-8e3f9000 rwxp 000e2000 08:01 3934573    /usr/lib/i386-linux-gnu/libstdc++.so.6.0.14
8e3f9000-8e400000 rwxp 00000000 00:00 0 
8e400000-8e4cc000 rwxp 00000000 00:00 0 
8e4cc000-8e500000 ---p 00000000 00:00 0 
8e500000-8e5fa000 rwxp 00000000 00:00 0 
8e5fa000-8e600000 ---p 00000000 00:00 0 
8e600000-8e6f9000 rwxp 00000000 00:00 0 
8e6f9000-8e700000 ---p 00000000 00:00 0 
8e70a000-8e715000 r-xp 00000000 08:01 3935782    /usr/lib/liblber-2.4.so.2.5.6
8e715000-8e716000 r-xp 0000a000 08:01 3935782    /usr/lib/liblber-2.4.so.2.5.6
8e716000-8e717000 rwxp 0000b000 08:01 3935782    /usr/lib/liblber-2.4.so.2.5.6
8e717000-8e72a000 r-xp 00000000 08:01 8793294    /lib/i386-linux-gnu/libz.so.1.2.3.4
8e72a000-8e72b000 r-xp 00012000 08:01 8793294    /lib/i386-linux-gnu/libz.so.1.2.3.4
8e72b000-8e72c000 rwxp 00013000 08:01 8793294    /lib/i386-linux-gnu/libz.so.1.2.3.4
8e72c000-8e74c000 r-xp 00000000 08:01 3934289    /usr/lib/libpq.so.5.2
8e74c000-8e74d000 r-xp 0001f000 08:01 3934289    /usr/lib/libpq.so.5.2
8e74d000-8e74e000 rwxp 00020000 08:01 3934289    /usr/lib/libpq.so.5.2
8e763000-8e77d000 r-xp 00000000 08:01 8793293    /lib/i386-linux-gnu/libgcc_s.so.1
8e77d000-8e77e000 r-xp 00019000 08:01 8793293    /lib/i386-linux-gnu/libgcc_s.so.1
8e77e000-8e77f000 rwxp 0001a000 08:01 8793293    /lib/i386-linux-gnu/libgcc_s.so.1
8e785000-8e792000 r-xp 00000000 08:01 1704303    /home/dark/.rvm/gems/jruby-1.6.2@celerity/gems/pg-0.11.0/lib/pg_ext.so
8e792000-8e793000 r-xp 0000c000 08:01 1704303    /home/dark/.rvm/gems/jruby-1.6.2@celerity/gems/pg-0.11.0/lib/pg_ext.so
8e793000-8e794000 rwxp 0000d000 08:01 1704303    /home/dark/.rvm/gems/jruby-1.6.2@celerity/gems/pg-0.11.0/lib/pg_ext.so
8e794000-8e7d8000 r-xp 00000000 08:01 9054354    /home/dark/.rvm/rubies/jruby-1.6.2/lib/native/i386-Linux/libjruby-cext.so
8e7d8000-8e7d9000 r-xp 00043000 08:01 9054354    /home/dark/.rvm/rubies/jruby-1.6.2/lib/native/i386-Linux/libjruby-cext.so
8e7d9000-8e7da000 rwxp 00044000 08:01 9054354    /home/dark/.rvm/rubies/jruby-1.6.2/lib/native/i386-Linux/libjruby-cext.so
8e7da000-8e7db000 rwxp 00000000 00:00 0 
8e7db000-8e7ec000 r-xp 00000000 08:01 8793248    /lib/i386-linux-gnu/libresolv-2.13.so
8e7ec000-8e7ed000 r-xp 00010000 08:01 8793248    /lib/i386-linux-gnu/libresolv-2.13.so
8e7ed000-8e7ee000 rwxp 00011000 08:01 8793248    /lib/i386-linux-gnu/libresolv-2.13.so
8e7ee000-8e7f0000 rwxp 00000000 00:00 0 
8e7f0000-8e7f3000 r-xs 00041000 08:01 10889724   /home/dark/.rvm/gems/jruby-1.6.2@celerity/gems/celerity-0.8.9/lib/celerity/htmlunit/serializer-2.7.1.jar
8e7f3000-8e7fb000 r-xs 00028000 08:01 10889727   /home/dark/.rvm/gems/jruby-1.6.2@celerity/gems/celerity-0.8.9/lib/celerity/htmlunit/xml-apis-1.3.04.jar
8e7fb000-8e800000 r-xs 00041000 08:01 10889714   /home/dark/.rvm/gems/jruby-1.6.2@celerity/gems/celerity-0.8.9/lib/celerity/htmlunit/commons-lang-2.6.jar
8e800000-8e8bb000 rwxp 00000000 00:00 0 
8e8bb000-8e900000 ---p 00000000 00:00 0 
8e900000-8e9fc000 rwxp 00000000 00:00 0 
8e9fc000-8ea00000 ---p 00000000 00:00 0 
8ea00000-8eafe000 rwxp 00000000 00:00 0 
8eafe000-8eb00000 ---p 00000000 00:00 0 
8eb00000-8ebfe000 rwxp 00000000 00:00 0 
8ebfe000-8ec00000 ---p 00000000 00:00 0 
8ec00000-8ecfd000 rwxp 00000000 00:00 0 
8ecfd000-8ed00000 ---p 00000000 00:00 0 
8ed00000-8edf8000 rwxp 00000000 00:00 0 
8edf8000-8ee00000 ---p 00000000 00:00 0 
8ee00000-8eefd000 rwxp 00000000 00:00 0 
8eefd000-8ef00000 ---p 00000000 00:00 0 
8ef00000-8ef03000 r-xs 0003b000 08:01 10889716   /home/dark/.rvm/gems/jruby-1.6.2@celerity/gems/celerity-0.8.9/lib/celerity/htmlunit/cssparser-0.9.5.jar
8ef0a000-8ef0d000 r-xp 00000000 08:01 8793366    /lib/i386-linux-gnu/libgpg-error.so.0.8.0
8ef0d000-8ef0e000 r-xp 00002000 08:01 8793366    /lib/i386-linux-gnu/libgpg-error.so.0.8.0
8ef0e000-8ef0f000 rwxp 00003000 08:01 8793366    /lib/i386-linux-gnu/libgpg-error.so.0.8.0
8ef0f000-8ef11000 r-xp 00000000 08:01 8793374    /lib/i386-linux-gnu/libkeyutils.so.1.3
8ef11000-8ef12000 r-xp 00001000 08:01 8793374    /lib/i386-linux-gnu/libkeyutils.so.1.3
8ef12000-8ef13000 rwxp 00002000 08:01 8793374    /lib/i386-linux-gnu/libkeyutils.so.1.3
8ef13000-8ef17000 r-xp 00000000 08:01 8793253    /lib/i386-linux-gnu/libnss_dns-2.13.so
8ef17000-8ef18000 r-xp 00004000 08:01 8793253    /lib/i386-linux-gnu/libnss_dns-2.13.so
8ef18000-8ef19000 rwxp 00005000 08:01 8793253    /lib/i386-linux-gnu/libnss_dns-2.13.so
8ef19000-8ef1b000 r-xp 00000000 08:01 8126621    /lib/libnss_mdns4_minimal.so.2
8ef1b000-8ef1c000 r-xp 00001000 08:01 8126621    /lib/libnss_mdns4_minimal.so.2
8ef1c000-8ef1d000 rwxp 00002000 08:01 8126621    /lib/libnss_mdns4_minimal.so.2
8ef20000-8ef26000 r-xp 00000000 08:01 3933785    /usr/lib/i386-linux-gnu/libkrb5support.so.0.1
8ef26000-8ef27000 r-xp 00005000 08:01 3933785    /usr/lib/i386-linux-gnu/libkrb5support.so.0.1
8ef27000-8ef28000 rwxp 00006000 08:01 3933785    /usr/lib/i386-linux-gnu/libkrb5support.so.0.1
8ef28000-8ef2a000 r-xp 00000000 08:01 8793372    /lib/i386-linux-gnu/libcom_err.so.2.1
8ef2a000-8ef2b000 r-xp 00001000 08:01 8793372    /lib/i386-linux-gnu/libcom_err.so.2.1
8ef2b000-8ef2c000 rwxp 00002000 08:01 8793372    /lib/i386-linux-gnu/libcom_err.so.2.1
8ef2c000-8ef2f000 r-xs 00013000 08:01 4985423    /usr/lib/jvm/java-6-sun-1.6.0.24/jre/lib/jce.jar
8ef2f000-8ef32000 r-xs 00027000 08:01 4985933    /usr/lib/jvm/java-6-sun-1.6.0.24/jre/lib/ext/sunjce_provider.jar
8ef32000-8ef39000 r-xs 00094000 08:01 4985422    /usr/lib/jvm/java-6-sun-1.6.0.24/jre/lib/jsse.jar
8ef39000-8ef3b000 r-xs 00009000 08:01 534337     /home/dark/.rvm/gems/jruby-1.6.2@celerity/gems/ruby-debug-base-0.10.4-java/lib/ruby_debug.jar
8ef3b000-8ef3c000 r-xs 00003000 08:01 10889723   /home/dark/.rvm/gems/jruby-1.6.2@celerity/gems/celerity-0.8.9/lib/celerity/htmlunit/sac-1.3.jar
8ef3c000-8ef41000 r-xs 00028000 08:01 10889720   /home/dark/.rvm/gems/jruby-1.6.2@celerity/gems/celerity-0.8.9/lib/celerity/htmlunit/httpcore-4.1.jar
8ef41000-8ef4e000 r-xs 000d3000 08:01 10889718   /home/dark/.rvm/gems/jruby-1.6.2@celerity/gems/celerity-0.8.9/lib/celerity/htmlunit/htmlunit-core-js-2.9-SNAPSHOT.jar
8ef4e000-8ef50000 r-xs 00005000 08:01 10889721   /home/dark/.rvm/gems/jruby-1.6.2@celerity/gems/celerity-0.8.9/lib/celerity/htmlunit/httpmime-4.1.1.jar
8ef50000-8ef75000 r-xs 002e3000 08:01 10889725   /home/dark/.rvm/gems/jruby-1.6.2@celerity/gems/celerity-0.8.9/lib/celerity/htmlunit/xalan-2.7.1.jar
8ef75000-8ef77000 r-xs 0000d000 08:01 10889715   /home/dark/.rvm/gems/jruby-1.6.2@celerity/gems/celerity-0.8.9/lib/celerity/htmlunit/commons-logging-1.1.1.jar
8ef77000-8ef89000 r-xs 000e1000 08:01 10889717   /home/dark/.rvm/gems/jruby-1.6.2@celerity/gems/celerity-0.8.9/lib/celerity/htmlunit/htmlunit-2.9-SNAPSHOT.jar
8ef89000-8ef97000 r-xs 0007f000 08:01 10889712   /home/dark/.rvm/gems/jruby-1.6.2@celerity/gems/celerity-0.8.9/lib/celerity/htmlunit/commons-collections-3.2.1.jar
8ef97000-8ef9a000 r-xs 0001c000 08:01 10889722   /home/dark/.rvm/gems/jruby-1.6.2@celerity/gems/celerity-0.8.9/lib/celerity/htmlunit/nekohtml-1.9.15-20101026.093020-2.jar
8ef9a000-8efa2000 r-xs 0004e000 08:01 10889719   /home/dark/.rvm/gems/jruby-1.6.2@celerity/gems/celerity-0.8.9/lib/celerity/htmlunit/httpclient-4.1.1.jar
8efa2000-8efba000 r-xs 00115000 08:01 10889726   /home/dark/.rvm/gems/jruby-1.6.2@celerity/gems/celerity-0.8.9/lib/celerity/htmlunit/xercesImpl-2.9.1.jar
8efba000-8efce000 r-xp 00000000 08:01 4986046    /usr/lib/jvm/java-6-sun-1.6.0.24/jre/lib/i386/libnet.so
8efce000-8efcf000 rwxp 00013000 08:01 4986046    /usr/lib/jvm/java-6-sun-1.6.0.24/jre/lib/i386/libnet.so
8efcf000-8f088000 r-xs 0086d000 08:01 8793153    /home/dark/.rvm/rubies/jruby-1.6.2/lib/jruby.jar
8f088000-8f089000 ---p 00000000 00:00 0 
8f089000-8f109000 rwxp 00000000 00:00 0 
8f109000-8f10c000 ---p 00000000 00:00 0 
8f10c000-8f30a000 rwxp 00000000 00:00 0 
8f30a000-8f30d000 ---p 00000000 00:00 0 
8f30d000-8f38b000 rwxp 00000000 00:00 0 
8f38b000-8f38e000 ---p 00000000 00:00 0 
8f38e000-8f40c000 rwxp 00000000 00:00 0 
8f40c000-8f40f000 ---p 00000000 00:00 0 
8f40f000-8f60d000 rwxp 00000000 00:00 0 
8f60d000-8f72d000 r-xp 002a3000 08:01 3932302    /usr/lib/locale/locale-archive
8f72d000-8f92d000 r-xp 00000000 08:01 3932302    /usr/lib/locale/locale-archive
8f92d000-8f930000 ---p 00000000 00:00 0 
8f930000-8fb2e000 rwxp 00000000 00:00 0 
8fb2e000-8fb31000 ---p 00000000 00:00 0 
8fb31000-8fd2f000 rwxp 00000000 00:00 0 
8fd2f000-8fd30000 ---p 00000000 00:00 0 
8fd30000-8fde4000 rwxp 00000000 00:00 0 
8fde4000-8ff7c000 r-xs 03027000 08:01 4986071    /usr/lib/jvm/java-6-sun-1.6.0.24/jre/lib/rt.jar
8ff7c000-8ff7d000 ---p 00000000 00:00 0 
8ff7d000-8fffd000 rwxp 00000000 00:00 0 
8fffd000-8fffe000 ---p 00000000 00:00 0 
8fffe000-9009e000 rwxp 00000000 00:00 0 
9009e000-900c1000 rwxp 00000000 00:00 0 
900c1000-90145000 rwxp 00000000 00:00 0 
90145000-90165000 rwxp 00000000 00:00 0 
90165000-90188000 rwxp 00000000 00:00 0 
90188000-9020b000 rwxp 00000000 00:00 0 
9020b000-9025f000 rwxp 00000000 00:00 0 
9025f000-94240000 rwxp 00000000 00:00 0 
94240000-94260000 rwxp 00000000 00:00 0 
94260000-987c0000 rwxp 00000000 00:00 0 
987c0000-a8fc0000 rwxp 00000000 00:00 0 
a8fc0000-b3660000 rwxp 00000000 00:00 0 
b3661000-b3673000 rwxp 00000000 00:00 0 
b3673000-b3721000 rwxp 00000000 00:00 0 
b3721000-b3b81000 rwxp 00000000 00:00 0 
b3b81000-b6721000 rwxp 00000000 00:00 0 
b6721000-b6730000 r-xp 00000000 08:01 4986002    /usr/lib/jvm/java-6-sun-1.6.0.24/jre/lib/i386/libzip.so
b6730000-b6732000 rwxp 0000e000 08:01 4986002    /usr/lib/jvm/java-6-sun-1.6.0.24/jre/lib/i386/libzip.so
b6732000-b673c000 r-xp 00000000 08:01 8793270    /lib/i386-linux-gnu/libnss_files-2.13.so
b673c000-b673d000 r-xp 00009000 08:01 8793270    /lib/i386-linux-gnu/libnss_files-2.13.so
b673d000-b673e000 rwxp 0000a000 08:01 8793270    /lib/i386-linux-gnu/libnss_files-2.13.so
b673e000-b6747000 r-xp 00000000 08:01 8793257    /lib/i386-linux-gnu/libnss_nis-2.13.so
b6747000-b6748000 r-xp 00008000 08:01 8793257    /lib/i386-linux-gnu/libnss_nis-2.13.so
b6748000-b6749000 rwxp 00009000 08:01 8793257    /lib/i386-linux-gnu/libnss_nis-2.13.so
b6749000-b674f000 r-xp 00000000 08:01 8793258    /lib/i386-linux-gnu/libnss_compat-2.13.so
b674f000-b6750000 r-xp 00005000 08:01 8793258    /lib/i386-linux-gnu/libnss_compat-2.13.so
b6750000-b6751000 rwxp 00006000 08:01 8793258    /lib/i386-linux-gnu/libnss_compat-2.13.so
b6751000-b6764000 r-xp 00000000 08:01 8793254    /lib/i386-linux-gnu/libnsl-2.13.so
b6764000-b6765000 r-xp 00012000 08:01 8793254    /lib/i386-linux-gnu/libnsl-2.13.so
b6765000-b6766000 rwxp 00013000 08:01 8793254    /lib/i386-linux-gnu/libnsl-2.13.so
b6766000-b6768000 rwxp 00000000 00:00 0 
b6768000-b676a000 r-xs 0000d000 08:01 10889711   /home/dark/.rvm/gems/jruby-1.6.2@celerity/gems/celerity-0.8.9/lib/celerity/htmlunit/commons-codec-1.4.jar
b676a000-b676d000 r-xs 00024000 08:01 10889713   /home/dark/.rvm/gems/jruby-1.6.2@celerity/gems/celerity-0.8.9/lib/celerity/htmlunit/commons-io-2.0.1.jar
b676d000-b6774000 r-xp 00000000 08:01 4986001    /usr/lib/jvm/java-6-sun-1.6.0.24/jre/lib/i386/libnio.so
b6774000-b6775000 rwxp 00006000 08:01 4986001    /usr/lib/jvm/java-6-sun-1.6.0.24/jre/lib/i386/libnio.so
b6775000-b677d000 rwxs 00000000 08:01 5637488    /tmp/hsperfdata_dark/20874
b677d000-b67a0000 r-xp 00000000 08:01 4985997    /usr/lib/jvm/java-6-sun-1.6.0.24/jre/lib/i386/libjava.so
b67a0000-b67a2000 rwxp 00023000 08:01 4985997    /usr/lib/jvm/java-6-sun-1.6.0.24/jre/lib/i386/libjava.so
b67a2000-b67a9000 r-xp 00000000 08:01 8793251    /lib/i386-linux-gnu/librt-2.13.so
b67a9000-b67aa000 r-xp 00006000 08:01 8793251    /lib/i386-linux-gnu/librt-2.13.so
b67aa000-b67ab000 rwxp 00007000 08:01 8793251    /lib/i386-linux-gnu/librt-2.13.so
b67ab000-b67ae000 ---p 00000000 00:00 0 
b67ae000-b69ac000 rwxp 00000000 00:00 0 
b69ac000-b69d0000 r-xp 00000000 08:01 8793267    /lib/i386-linux-gnu/libm-2.13.so
b69d0000-b69d1000 r-xp 00023000 08:01 8793267    /lib/i386-linux-gnu/libm-2.13.so
b69d1000-b69d2000 rwxp 00024000 08:01 8793267    /lib/i386-linux-gnu/libm-2.13.so
b69d2000-b715f000 r-xp 00000000 08:01 4986017    /usr/lib/jvm/java-6-sun-1.6.0.24/jre/lib/i386/server/libjvm.so
b715f000-b71b2000 rwxp 0078d000 08:01 4986017    /usr/lib/jvm/java-6-sun-1.6.0.24/jre/lib/i386/server/libjvm.so
b71b2000-b75d1000 rwxp 00000000 00:00 0 
b75d1000-b772b000 r-xp 00000000 08:01 8793249    /lib/i386-linux-gnu/libc-2.13.so
b772b000-b772c000 ---p 0015a000 08:01 8793249    /lib/i386-linux-gnu/libc-2.13.so
b772c000-b772e000 r-xp 0015a000 08:01 8793249    /lib/i386-linux-gnu/libc-2.13.so
b772e000-b772f000 rwxp 0015c000 08:01 8793249    /lib/i386-linux-gnu/libc-2.13.so
b772f000-b7732000 rwxp 00000000 00:00 0 
b7732000-b7734000 r-xp 00000000 08:01 8793265    /lib/i386-linux-gnu/libdl-2.13.so
b7734000-b7735000 r-xp 00001000 08:01 8793265    /lib/i386-linux-gnu/libdl-2.13.so
b7735000-b7736000 rwxp 00002000 08:01 8793265    /lib/i386-linux-gnu/libdl-2.13.so
b7736000-b773d000 r-xp 00000000 08:01 4986006    /usr/lib/jvm/java-6-sun-1.6.0.24/jre/lib/i386/jli/libjli.so
b773d000-b773f000 rwxp 00006000 08:01 4986006    /usr/lib/jvm/java-6-sun-1.6.0.24/jre/lib/i386/jli/libjli.so
b773f000-b7740000 rwxp 00000000 00:00 0 
b7740000-b7755000 r-xp 00000000 08:01 8793263    /lib/i386-linux-gnu/libpthread-2.13.so
b7755000-b7756000 r-xp 00015000 08:01 8793263    /lib/i386-linux-gnu/libpthread-2.13.so
b7756000-b7757000 rwxp 00016000 08:01 8793263    /lib/i386-linux-gnu/libpthread-2.13.so
b7757000-b7759000 rwxp 00000000 00:00 0 
b7759000-b775f000 r-xp 00000000 08:01 4986020    /usr/lib/jvm/java-6-sun-1.6.0.24/jre/lib/i386/native_threads/libhpi.so
b775f000-b7760000 rwxp 00006000 08:01 4986020    /usr/lib/jvm/java-6-sun-1.6.0.24/jre/lib/i386/native_threads/libhpi.so
b7760000-b7761000 rwxp 00000000 00:00 0 
b7761000-b7762000 ---p 00000000 00:00 0 
b7762000-b776d000 r-xp 00000000 08:01 4986031    /usr/lib/jvm/java-6-sun-1.6.0.24/jre/lib/i386/libverify.so
b776d000-b776e000 rwxp 0000b000 08:01 4986031    /usr/lib/jvm/java-6-sun-1.6.0.24/jre/lib/i386/libverify.so
b776e000-b7770000 rwxp 00000000 00:00 0 
b7770000-b7771000 r-xp 00000000 00:00 0          [vdso]
b7771000-b778d000 r-xp 00000000 08:01 8793268    /lib/i386-linux-gnu/ld-2.13.so
b778d000-b778e000 r-xp 0001b000 08:01 8793268    /lib/i386-linux-gnu/ld-2.13.so
b778e000-b778f000 rwxp 0001c000 08:01 8793268    /lib/i386-linux-gnu/ld-2.13.so
bff40000-bff62000 rwxp 00000000 00:00 0          [stack]

VM Arguments:
jvm_args: -Djdk.home= -Djruby.home=/home/dark/.rvm/rubies/jruby-1.6.2 -Djruby.script=jruby -Djruby.shell=/bin/bash -Djffi.boot.library.path=/home/dark/.rvm/rubies/jruby-1.6.2/lib/native/x86_64-Linux:/home/dark/.rvm/rubies/jruby-1.6.2/lib/native/i386-Linux:/home/dark/.rvm/rubies/jruby-1.6.2/lib/native/ppc-Linux -Xmx500m -Xss2048k -Djruby.memory.max=500m -Djruby.stack.max=2048k -Xbootclasspath/a:/home/dark/.rvm/rubies/jruby-1.6.2/lib/jruby.jar 
java_command: org/jruby/Main bin/rbets
Launcher Type: SUN_STANDARD

Environment Variables:
PATH=/home/dark/.rvm/gems/jruby-1.6.2@celerity/bin:/home/dark/.rvm/gems/jruby-1.6.2@global/bin:/home/dark/.rvm/rubies/jruby-1.6.2/bin:/home/dark/.rvm/bin:/usr/local/sbin:/usr/local/bin:/usr/sbin:/usr/bin:/sbin:/bin:/usr/games:/var/lib/gems/1.8/gems/radiant-0.9.1/bin:/var/lib/gems/1.8/bin
USERNAME=dark
LD_LIBRARY_PATH=/usr/lib/jvm/java-6-sun-1.6.0.24/jre/lib/i386/server:/usr/lib/jvm/java-6-sun-1.6.0.24/jre/lib/i386:/usr/lib/jvm/java-6-sun-1.6.0.24/jre/../lib/i386
SHELL=/bin/bash
DISPLAY=:0.0

Signal Handlers:
SIGSEGV: [libjvm.so+0x708f80], sa_mask[0]=0x7ffbfeff, sa_flags=0x10000004
SIGBUS: [libjvm.so+0x708f80], sa_mask[0]=0x7ffbfeff, sa_flags=0x10000004
SIGFPE: [libjvm.so+0x5c4100], sa_mask[0]=0x7ffbfeff, sa_flags=0x10000004
SIGPIPE: [libjvm.so+0x5c4100], sa_mask[0]=0x7ffbfeff, sa_flags=0x10000004
SIGXFSZ: [libjvm.so+0x5c4100], sa_mask[0]=0x7ffbfeff, sa_flags=0x10000004
SIGILL: [libjvm.so+0x5c4100], sa_mask[0]=0x7ffbfeff, sa_flags=0x10000004
SIGUSR1: SIG_DFL, sa_mask[0]=0x00000000, sa_flags=0x00000000
SIGUSR2: [libjvm.so+0x5c70e0], sa_mask[0]=0x00000000, sa_flags=0x10000004
SIGHUP: [libjvm.so+0x5c6cc0], sa_mask[0]=0x7ffbfeff, sa_flags=0x10000004
SIGINT: [libjvm.so+0x5c6cc0], sa_mask[0]=0x7ffbfeff, sa_flags=0x10000004
SIGTERM: [libjvm.so+0x5c6cc0], sa_mask[0]=0x7ffbfeff, sa_flags=0x10000004
SIGQUIT: [libjvm.so+0x5c6cc0], sa_mask[0]=0x7ffbfeff, sa_flags=0x10000004


---------------  S Y S T E M  ---------------

OS:squeeze/sid

uname:Linux 2.6.38-8-generic #42-Ubuntu SMP Mon Apr 11 03:31:50 UTC 2011 i686
libc:glibc 2.13 NPTL 2.13 
rlimit: STACK 8192k, CORE 0k, NPROC infinity, NOFILE 4096, AS infinity
load average:1.15 1.72 1.11

/proc/meminfo:
MemTotal:        1986584 kB
MemFree:          471060 kB
Buffers:           12868 kB
Cached:           146712 kB
SwapCached:        88088 kB
Active:           700072 kB
Inactive:         454084 kB
Active(anon):     661072 kB
Inactive(anon):   339308 kB
Active(file):      39000 kB
Inactive(file):   114776 kB
Unevictable:           0 kB
Mlocked:               0 kB
HighTotal:       1113352 kB
HighFree:           1564 kB
LowTotal:         873232 kB
LowFree:          469496 kB
SwapTotal:       6142972 kB
SwapFree:        5470272 kB
Dirty:                96 kB
Writeback:             0 kB
AnonPages:        952388 kB
Mapped:           164228 kB
Shmem:              5804 kB
Slab:              36488 kB
SReclaimable:      15548 kB
SUnreclaim:        20940 kB
KernelStack:        3984 kB
PageTables:        11564 kB
NFS_Unstable:          0 kB
Bounce:                0 kB
WritebackTmp:          0 kB
CommitLimit:     7136264 kB
Committed_AS:    4259176 kB
VmallocTotal:     122880 kB
VmallocUsed:       42992 kB
VmallocChunk:      72212 kB
HardwareCorrupted:     0 kB
HugePages_Total:       0
HugePages_Free:        0
HugePages_Rsvd:        0
HugePages_Surp:        0
Hugepagesize:       4096 kB
DirectMap4k:      192504 kB
DirectMap4M:      716800 kB


CPU:total 2 (2 cores per cpu, 1 threads per core) family 6 model 37 stepping 5, cmov, cx8, fxsr, mmx, sse, sse2, sse3, ssse3, popcnt

Memory: 4k page, physical 1986584k(471060k free), swap 6142972k(5470272k free)

vm_info: Java HotSpot(TM) Server VM (19.1-b02) for linux-x86 JRE (1.6.0_24-b07), built on Feb  2 2011 16:51:52 by "java_re" with gcc 3.2.1-7a (J2SE release)

time: Sat Jun 25 22:37:28 2011
elapsed time: 73 seconds

