#
# A fatal error has been detected by the Java Runtime Environment:
#
#  SIGSEGV (0xb) at pc=0xb6bf7b5a, pid=21071, tid=2416302960
#
# JRE version: 6.0_24-b07
# Java VM: Java HotSpot(TM) Server VM (19.1-b02 mixed mode linux-x86 )
# Problematic frame:
# V  [libjvm.so+0x241b5a]
#
# If you would like to submit a bug report, please visit:
#   http://java.sun.com/webapps/bugreport/crash.jsp
#

---------------  T H R E A D  ---------------

Current thread (0x0995dc00):  GCTaskThread [stack: 0x8ffdd000,0x9005e000] [id=21073]

siginfo:si_signo=SIGSEGV: si_errno=0, si_code=1 (SEGV_MAPERR), si_addr=0x00000012

Registers:
EAX=0x92028430, EBX=0x902b22a8, ECX=0x00000006, EDX=0x0000000e
ESP=0x9005cec0, EBP=0x9005cef8, ESI=0x90133f44, EDI=0x902b22a8
EIP=0xb6bf7b5a, CR2=0x00000012, EFLAGS=0x00210287

Register to memory mapping:

EAX=0x92028430

[error occurred during error reporting (printing registers, top of stack, instructions near pc), id 0xb]

Stack: [0x8ffdd000,0x9005e000],  sp=0x9005cec0,  free space=511k
Native frames: (J=compiled Java code, j=interpreted, Vv=VM code, C=native code)
V  [libjvm.so+0x241b5a]
V  [libjvm.so+0x613636]
V  [libjvm.so+0x36ac6b]
V  [libjvm.so+0x5c6a6e]
C  [libpthread.so.0+0x5e99]


---------------  P R O C E S S  ---------------

Java Threads: ( => current thread )
  0x09bb4c00 JavaThread "Cext reference reaper" daemon [_thread_blocked, id=21088, stack(0x8d4b5000,0x8d6b6000)]
  0x09bb3400 JavaThread "ReferenceReaper" daemon [_thread_blocked, id=21087, stack(0x8d6b6000,0x8d8b7000)]
  0x0a65b000 JavaThread "JS executor for com.gargoylesoftware.htmlunit.WebClient@10697e2" daemon [_thread_blocked, id=21085, stack(0x8dbff000,0x8de00000)]
  0x099f8000 JavaThread "Low Memory Detector" daemon [_thread_blocked, id=21081, stack(0x8f0e9000,0x8f2ea000)]
  0x099ecc00 JavaThread "CompilerThread1" daemon [_thread_blocked, id=21080, stack(0x8f2ea000,0x8f36b000)]
  0x099eac00 JavaThread "CompilerThread0" daemon [_thread_blocked, id=21079, stack(0x8f36b000,0x8f3ec000)]
  0x099e9400 JavaThread "Signal Dispatcher" daemon [_thread_blocked, id=21078, stack(0x8f3ec000,0x8f5ed000)]
  0x099d7800 JavaThread "Finalizer" daemon [_thread_blocked, id=21077, stack(0x8f90d000,0x8fb0e000)]
  0x099d6000 JavaThread "Reference Handler" daemon [_thread_blocked, id=21076, stack(0x8fb0e000,0x8fd0f000)]
  0x09956800 JavaThread "main" [_thread_blocked, id=21072, stack(0xb678f000,0xb6990000)]

Other Threads:
  0x099d2400 VMThread [stack: 0x8fd0f000,0x8fd90000] [id=21075]
  0x099f9c00 WatcherThread [stack: 0x8f068000,0x8f0e9000] [id=21082]

=>0x0995dc00 (exited) GCTaskThread [stack: 0x8ffdd000,0x9005e000] [id=21073]

VM state:at safepoint (normal execution)

VM Mutex/Monitor currently owned by a thread:  ([mutex/lock_event])
[0x09954798] Threads_lock - owner thread: 0x099d2400
[0x09954ba8] Heap_lock - owner thread: 0x09956800

Heap
 PSYoungGen      total 142336K, used 130560K [0xa8fa0000, 0xb3640000, 0xb3640000)
  eden space 130560K, 100% used [0xa8fa0000,0xb0f20000,0xb0f20000)
  from space 11776K, 0% used [0xb0f20000,0xb0f20000,0xb1aa0000)
  to   space 20224K, 22% used [0xb2280000,0xb26eb858,0xb3640000)
 PSOldGen        total 73408K, used 45831K [0x94240000, 0x989f0000, 0xa8fa0000)
  object space 73408K, 62% used [0x94240000,0x96f01fe8,0x989f0000)
 PSPermGen       total 65152K, used 30625K [0x90240000, 0x941e0000, 0x94240000)
  object space 65152K, 47% used [0x90240000,0x92028430,0x941e0000)

Dynamic libraries:
08048000-08052000 r-xp 00000000 08:01 4985951    /usr/lib/jvm/java-6-sun-1.6.0.24/jre/bin/java
08052000-08053000 rwxp 00009000 08:01 4985951    /usr/lib/jvm/java-6-sun-1.6.0.24/jre/bin/java
09950000-0b710000 rwxp 00000000 00:00 0          [heap]
8d4b5000-8d4b8000 ---p 00000000 00:00 0 
8d4b8000-8d6b6000 rwxp 00000000 00:00 0 
8d6b6000-8d6b9000 ---p 00000000 00:00 0 
8d6b9000-8d8b7000 rwxp 00000000 00:00 0 
8d8b7000-8d8c6000 r-xp 00000000 08:01 3935056    /usr/lib/i386-linux-gnu/libtasn1.so.3.1.9
8d8c6000-8d8c7000 r-xp 0000e000 08:01 3935056    /usr/lib/i386-linux-gnu/libtasn1.so.3.1.9
8d8c7000-8d8c8000 rwxp 0000f000 08:01 3935056    /usr/lib/i386-linux-gnu/libtasn1.so.3.1.9
8d8c8000-8d939000 r-xp 00000000 08:01 8793368    /lib/i386-linux-gnu/libgcrypt.so.11.6.0
8d939000-8d93a000 r-xp 00070000 08:01 8793368    /lib/i386-linux-gnu/libgcrypt.so.11.6.0
8d93a000-8d93c000 rwxp 00071000 08:01 8793368    /lib/i386-linux-gnu/libgcrypt.so.11.6.0
8d93c000-8d9cd000 r-xp 00000000 08:01 3935680    /usr/lib/i386-linux-gnu/libgnutls.so.26.14.12
8d9cd000-8d9d1000 r-xp 00090000 08:01 3935680    /usr/lib/i386-linux-gnu/libgnutls.so.26.14.12
8d9d1000-8d9d2000 rwxp 00094000 08:01 3935680    /usr/lib/i386-linux-gnu/libgnutls.so.26.14.12
8d9d2000-8d9e7000 r-xp 00000000 08:01 3940023    /usr/lib/libsasl2.so.2.0.23
8d9e7000-8d9e8000 r-xp 00015000 08:01 3940023    /usr/lib/libsasl2.so.2.0.23
8d9e8000-8d9e9000 rwxp 00016000 08:01 3940023    /usr/lib/libsasl2.so.2.0.23
8d9e9000-8da0a000 r-xp 00000000 08:01 3935356    /usr/lib/i386-linux-gnu/libk5crypto.so.3.1
8da0a000-8da0b000 ---p 00021000 08:01 3935356    /usr/lib/i386-linux-gnu/libk5crypto.so.3.1
8da0b000-8da0c000 r-xp 00021000 08:01 3935356    /usr/lib/i386-linux-gnu/libk5crypto.so.3.1
8da0c000-8da0d000 rwxp 00022000 08:01 3935356    /usr/lib/i386-linux-gnu/libk5crypto.so.3.1
8da0d000-8da4f000 r-xp 00000000 08:01 3940028    /usr/lib/libldap_r-2.4.so.2.5.6
8da4f000-8da50000 r-xp 00041000 08:01 3940028    /usr/lib/libldap_r-2.4.so.2.5.6
8da50000-8da51000 rwxp 00042000 08:01 3940028    /usr/lib/libldap_r-2.4.so.2.5.6
8da51000-8da52000 rwxp 00000000 00:00 0 
8da52000-8da5a000 r-xp 00000000 08:01 8793260    /lib/i386-linux-gnu/libcrypt-2.13.so
8da5a000-8da5b000 r-xp 00007000 08:01 8793260    /lib/i386-linux-gnu/libcrypt-2.13.so
8da5b000-8da5c000 rwxp 00008000 08:01 8793260    /lib/i386-linux-gnu/libcrypt-2.13.so
8da5c000-8da83000 rwxp 00000000 00:00 0 
8da83000-8dab1000 r-xp 00000000 08:01 3933782    /usr/lib/i386-linux-gnu/libgssapi_krb5.so.2.2
8dab1000-8dab2000 r-xp 0002d000 08:01 3933782    /usr/lib/i386-linux-gnu/libgssapi_krb5.so.2.2
8dab2000-8dab3000 rwxp 0002e000 08:01 3933782    /usr/lib/i386-linux-gnu/libgssapi_krb5.so.2.2
8dab3000-8dbe5000 r-xp 00000000 08:01 8126488    /lib/libcrypto.so.0.9.8
8dbe5000-8dbed000 r-xp 00131000 08:01 8126488    /lib/libcrypto.so.0.9.8
8dbed000-8dbfc000 rwxp 00139000 08:01 8126488    /lib/libcrypto.so.0.9.8
8dbfc000-8dbff000 rwxp 00000000 00:00 0 
8dbff000-8dc02000 ---p 00000000 00:00 0 
8dc02000-8de00000 rwxp 00000000 00:00 0 
8de00000-8defe000 rwxp 00000000 00:00 0 
8defe000-8df00000 ---p 00000000 00:00 0 
8df00000-8dffd000 rwxp 00000000 00:00 0 
8dffd000-8e000000 ---p 00000000 00:00 0 
8e000000-8e0fb000 rwxp 00000000 00:00 0 
8e0fb000-8e100000 ---p 00000000 00:00 0 
8e100000-8e1fa000 rwxp 00000000 00:00 0 
8e1fa000-8e200000 ---p 00000000 00:00 0 
8e200000-8e2f6000 rwxp 00000000 00:00 0 
8e2f6000-8e300000 ---p 00000000 00:00 0 
8e30a000-8e3b2000 r-xp 00000000 08:01 3935852    /usr/lib/i386-linux-gnu/libkrb5.so.3.3
8e3b2000-8e3b7000 r-xp 000a8000 08:01 3935852    /usr/lib/i386-linux-gnu/libkrb5.so.3.3
8e3b7000-8e3b8000 rwxp 000ad000 08:01 3935852    /usr/lib/i386-linux-gnu/libkrb5.so.3.3
8e3b8000-8e3fc000 r-xp 00000000 08:01 8126486    /lib/libssl.so.0.9.8
8e3fc000-8e3fd000 r-xp 00044000 08:01 8126486    /lib/libssl.so.0.9.8
8e3fd000-8e400000 rwxp 00045000 08:01 8126486    /lib/libssl.so.0.9.8
8e400000-8e4f6000 rwxp 00000000 00:00 0 
8e4f6000-8e500000 ---p 00000000 00:00 0 
8e500000-8e600000 rwxp 00000000 00:00 0 
8e600000-8e6f2000 rwxp 00000000 00:00 0 
8e6f2000-8e700000 ---p 00000000 00:00 0 
8e700000-8e7fe000 rwxp 00000000 00:00 0 
8e7fe000-8e800000 ---p 00000000 00:00 0 
8e800000-8e8f6000 rwxp 00000000 00:00 0 
8e8f6000-8e900000 ---p 00000000 00:00 0 
8e900000-8e913000 r-xp 00000000 08:01 8793294    /lib/i386-linux-gnu/libz.so.1.2.3.4
8e913000-8e914000 r-xp 00012000 08:01 8793294    /lib/i386-linux-gnu/libz.so.1.2.3.4
8e914000-8e915000 rwxp 00013000 08:01 8793294    /lib/i386-linux-gnu/libz.so.1.2.3.4
8e915000-8e9f4000 r-xp 00000000 08:01 3934573    /usr/lib/i386-linux-gnu/libstdc++.so.6.0.14
8e9f4000-8e9f8000 r-xp 000de000 08:01 3934573    /usr/lib/i386-linux-gnu/libstdc++.so.6.0.14
8e9f8000-8e9f9000 rwxp 000e2000 08:01 3934573    /usr/lib/i386-linux-gnu/libstdc++.so.6.0.14
8e9f9000-8ea00000 rwxp 00000000 00:00 0 
8ea00000-8eaff000 rwxp 00000000 00:00 0 
8eaff000-8eb00000 ---p 00000000 00:00 0 
8eb02000-8eb05000 r-xp 00000000 08:01 8793366    /lib/i386-linux-gnu/libgpg-error.so.0.8.0
8eb05000-8eb06000 r-xp 00002000 08:01 8793366    /lib/i386-linux-gnu/libgpg-error.so.0.8.0
8eb06000-8eb07000 rwxp 00003000 08:01 8793366    /lib/i386-linux-gnu/libgpg-error.so.0.8.0
8eb07000-8eb12000 r-xp 00000000 08:01 3935782    /usr/lib/liblber-2.4.so.2.5.6
8eb12000-8eb13000 r-xp 0000a000 08:01 3935782    /usr/lib/liblber-2.4.so.2.5.6
8eb13000-8eb14000 rwxp 0000b000 08:01 3935782    /usr/lib/liblber-2.4.so.2.5.6
8eb14000-8eb34000 r-xp 00000000 08:01 3934289    /usr/lib/libpq.so.5.2
8eb34000-8eb35000 r-xp 0001f000 08:01 3934289    /usr/lib/libpq.so.5.2
8eb35000-8eb36000 rwxp 00020000 08:01 3934289    /usr/lib/libpq.so.5.2
8eb4b000-8eb65000 r-xp 00000000 08:01 8793293    /lib/i386-linux-gnu/libgcc_s.so.1
8eb65000-8eb66000 r-xp 00019000 08:01 8793293    /lib/i386-linux-gnu/libgcc_s.so.1
8eb66000-8eb67000 rwxp 0001a000 08:01 8793293    /lib/i386-linux-gnu/libgcc_s.so.1
8eb69000-8eb6b000 r-xp 00000000 08:01 8793374    /lib/i386-linux-gnu/libkeyutils.so.1.3
8eb6b000-8eb6c000 r-xp 00001000 08:01 8793374    /lib/i386-linux-gnu/libkeyutils.so.1.3
8eb6c000-8eb6d000 rwxp 00002000 08:01 8793374    /lib/i386-linux-gnu/libkeyutils.so.1.3
8eb6d000-8eb7a000 r-xp 00000000 08:01 1704303    /home/dark/.rvm/gems/jruby-1.6.2@celerity/gems/pg-0.11.0/lib/pg_ext.so
8eb7a000-8eb7b000 r-xp 0000c000 08:01 1704303    /home/dark/.rvm/gems/jruby-1.6.2@celerity/gems/pg-0.11.0/lib/pg_ext.so
8eb7b000-8eb7c000 rwxp 0000d000 08:01 1704303    /home/dark/.rvm/gems/jruby-1.6.2@celerity/gems/pg-0.11.0/lib/pg_ext.so
8eb7c000-8ebc0000 r-xp 00000000 08:01 9054354    /home/dark/.rvm/rubies/jruby-1.6.2/lib/native/i386-Linux/libjruby-cext.so
8ebc0000-8ebc1000 r-xp 00043000 08:01 9054354    /home/dark/.rvm/rubies/jruby-1.6.2/lib/native/i386-Linux/libjruby-cext.so
8ebc1000-8ebc2000 rwxp 00044000 08:01 9054354    /home/dark/.rvm/rubies/jruby-1.6.2/lib/native/i386-Linux/libjruby-cext.so
8ebc2000-8ebc3000 rwxp 00000000 00:00 0 
8ebc3000-8ebd4000 r-xp 00000000 08:01 8793248    /lib/i386-linux-gnu/libresolv-2.13.so
8ebd4000-8ebd5000 r-xp 00010000 08:01 8793248    /lib/i386-linux-gnu/libresolv-2.13.so
8ebd5000-8ebd6000 rwxp 00011000 08:01 8793248    /lib/i386-linux-gnu/libresolv-2.13.so
8ebd6000-8ebd8000 rwxp 00000000 00:00 0 
8ebd8000-8ebdc000 r-xp 00000000 08:01 8793253    /lib/i386-linux-gnu/libnss_dns-2.13.so
8ebdc000-8ebdd000 r-xp 00004000 08:01 8793253    /lib/i386-linux-gnu/libnss_dns-2.13.so
8ebdd000-8ebde000 rwxp 00005000 08:01 8793253    /lib/i386-linux-gnu/libnss_dns-2.13.so
8ebde000-8ebe0000 r-xp 00000000 08:01 8126621    /lib/libnss_mdns4_minimal.so.2
8ebe0000-8ebe1000 r-xp 00001000 08:01 8126621    /lib/libnss_mdns4_minimal.so.2
8ebe1000-8ebe2000 rwxp 00002000 08:01 8126621    /lib/libnss_mdns4_minimal.so.2
8ebe5000-8ebeb000 r-xp 00000000 08:01 3933785    /usr/lib/i386-linux-gnu/libkrb5support.so.0.1
8ebeb000-8ebec000 r-xp 00005000 08:01 3933785    /usr/lib/i386-linux-gnu/libkrb5support.so.0.1
8ebec000-8ebed000 rwxp 00006000 08:01 3933785    /usr/lib/i386-linux-gnu/libkrb5support.so.0.1
8ebed000-8ebef000 r-xp 00000000 08:01 8793372    /lib/i386-linux-gnu/libcom_err.so.2.1
8ebef000-8ebf0000 r-xp 00001000 08:01 8793372    /lib/i386-linux-gnu/libcom_err.so.2.1
8ebf0000-8ebf1000 rwxp 00002000 08:01 8793372    /lib/i386-linux-gnu/libcom_err.so.2.1
8ebf1000-8ebf4000 r-xs 00013000 08:01 4985423    /usr/lib/jvm/java-6-sun-1.6.0.24/jre/lib/jce.jar
8ebf4000-8ebf7000 r-xs 00027000 08:01 4985933    /usr/lib/jvm/java-6-sun-1.6.0.24/jre/lib/ext/sunjce_provider.jar
8ebf7000-8ebfe000 r-xs 00094000 08:01 4985422    /usr/lib/jvm/java-6-sun-1.6.0.24/jre/lib/jsse.jar
8ebfe000-8ec00000 r-xs 00009000 08:01 534337     /home/dark/.rvm/gems/jruby-1.6.2@celerity/gems/ruby-debug-base-0.10.4-java/lib/ruby_debug.jar
8ec00000-8ecf8000 rwxp 00000000 00:00 0 
8ecf8000-8ed00000 ---p 00000000 00:00 0 
8ed00000-8ee00000 rwxp 00000000 00:00 0 
8ee00000-8eefd000 rwxp 00000000 00:00 0 
8eefd000-8ef00000 ---p 00000000 00:00 0 
8ef00000-8ef05000 r-xs 00028000 08:01 10889720   /home/dark/.rvm/gems/jruby-1.6.2@celerity/gems/celerity-0.8.9/lib/celerity/htmlunit/httpcore-4.1.jar
8ef05000-8ef12000 r-xs 000d3000 08:01 10889718   /home/dark/.rvm/gems/jruby-1.6.2@celerity/gems/celerity-0.8.9/lib/celerity/htmlunit/htmlunit-core-js-2.9-SNAPSHOT.jar
8ef12000-8ef14000 r-xs 00005000 08:01 10889721   /home/dark/.rvm/gems/jruby-1.6.2@celerity/gems/celerity-0.8.9/lib/celerity/htmlunit/httpmime-4.1.1.jar
8ef14000-8ef39000 r-xs 002e3000 08:01 10889725   /home/dark/.rvm/gems/jruby-1.6.2@celerity/gems/celerity-0.8.9/lib/celerity/htmlunit/xalan-2.7.1.jar
8ef39000-8ef3b000 r-xs 0000d000 08:01 10889715   /home/dark/.rvm/gems/jruby-1.6.2@celerity/gems/celerity-0.8.9/lib/celerity/htmlunit/commons-logging-1.1.1.jar
8ef3b000-8ef4d000 r-xs 000e1000 08:01 10889717   /home/dark/.rvm/gems/jruby-1.6.2@celerity/gems/celerity-0.8.9/lib/celerity/htmlunit/htmlunit-2.9-SNAPSHOT.jar
8ef4d000-8ef5b000 r-xs 0007f000 08:01 10889712   /home/dark/.rvm/gems/jruby-1.6.2@celerity/gems/celerity-0.8.9/lib/celerity/htmlunit/commons-collections-3.2.1.jar
8ef5b000-8ef5e000 r-xs 0001c000 08:01 10889722   /home/dark/.rvm/gems/jruby-1.6.2@celerity/gems/celerity-0.8.9/lib/celerity/htmlunit/nekohtml-1.9.15-20101026.093020-2.jar
8ef5e000-8ef66000 r-xs 0004e000 08:01 10889719   /home/dark/.rvm/gems/jruby-1.6.2@celerity/gems/celerity-0.8.9/lib/celerity/htmlunit/httpclient-4.1.1.jar
8ef66000-8ef7e000 r-xs 00115000 08:01 10889726   /home/dark/.rvm/gems/jruby-1.6.2@celerity/gems/celerity-0.8.9/lib/celerity/htmlunit/xercesImpl-2.9.1.jar
8ef7e000-8ef81000 r-xs 00041000 08:01 10889724   /home/dark/.rvm/gems/jruby-1.6.2@celerity/gems/celerity-0.8.9/lib/celerity/htmlunit/serializer-2.7.1.jar
8ef81000-8ef89000 r-xs 00028000 08:01 10889727   /home/dark/.rvm/gems/jruby-1.6.2@celerity/gems/celerity-0.8.9/lib/celerity/htmlunit/xml-apis-1.3.04.jar
8ef89000-8ef8e000 r-xs 00041000 08:01 10889714   /home/dark/.rvm/gems/jruby-1.6.2@celerity/gems/celerity-0.8.9/lib/celerity/htmlunit/commons-lang-2.6.jar
8ef8e000-8ef99000 r-xp 00000000 08:01 9054353    /home/dark/.rvm/rubies/jruby-1.6.2/lib/native/i386-Linux/libjffi-1.0.so
8ef99000-8ef9a000 rwxp 0000a000 08:01 9054353    /home/dark/.rvm/rubies/jruby-1.6.2/lib/native/i386-Linux/libjffi-1.0.so
8ef9a000-8efae000 r-xp 00000000 08:01 4986046    /usr/lib/jvm/java-6-sun-1.6.0.24/jre/lib/i386/libnet.so
8efae000-8efaf000 rwxp 00013000 08:01 4986046    /usr/lib/jvm/java-6-sun-1.6.0.24/jre/lib/i386/libnet.so
8efaf000-8f068000 r-xs 0086d000 08:01 8793153    /home/dark/.rvm/rubies/jruby-1.6.2/lib/jruby.jar
8f068000-8f069000 ---p 00000000 00:00 0 
8f069000-8f0e9000 rwxp 00000000 00:00 0 
8f0e9000-8f0ec000 ---p 00000000 00:00 0 
8f0ec000-8f2ea000 rwxp 00000000 00:00 0 
8f2ea000-8f2ed000 ---p 00000000 00:00 0 
8f2ed000-8f36b000 rwxp 00000000 00:00 0 
8f36b000-8f36e000 ---p 00000000 00:00 0 
8f36e000-8f3ec000 rwxp 00000000 00:00 0 
8f3ec000-8f3ef000 ---p 00000000 00:00 0 
8f3ef000-8f5ed000 rwxp 00000000 00:00 0 
8f5ed000-8f70d000 r-xp 002a3000 08:01 3932302    /usr/lib/locale/locale-archive
8f70d000-8f90d000 r-xp 00000000 08:01 3932302    /usr/lib/locale/locale-archive
8f90d000-8f910000 ---p 00000000 00:00 0 
8f910000-8fb0e000 rwxp 00000000 00:00 0 
8fb0e000-8fb11000 ---p 00000000 00:00 0 
8fb11000-8fd0f000 rwxp 00000000 00:00 0 
8fd0f000-8fd10000 ---p 00000000 00:00 0 
8fd10000-8fdc4000 rwxp 00000000 00:00 0 
8fdc4000-8ff5c000 r-xs 03027000 08:01 4986071    /usr/lib/jvm/java-6-sun-1.6.0.24/jre/lib/rt.jar
8ff5c000-8ff5d000 ---p 00000000 00:00 0 
8ff5d000-8ffdd000 rwxp 00000000 00:00 0 
8ffdd000-8ffde000 ---p 00000000 00:00 0 
8ffde000-9007e000 rwxp 00000000 00:00 0 
9007e000-900a2000 rwxp 00000000 00:00 0 
900a2000-90125000 rwxp 00000000 00:00 0 
90125000-90145000 rwxp 00000000 00:00 0 
90145000-90169000 rwxp 00000000 00:00 0 
90169000-901eb000 rwxp 00000000 00:00 0 
901eb000-9023f000 rwxp 00000000 00:00 0 
9023f000-941e0000 rwxp 00000000 00:00 0 
941e0000-94240000 rwxp 00000000 00:00 0 
94240000-989f0000 rwxp 00000000 00:00 0 
989f0000-a8fa0000 rwxp 00000000 00:00 0 
a8fa0000-b3640000 rwxp 00000000 00:00 0 
b3641000-b3642000 r-xs 00003000 08:01 10889723   /home/dark/.rvm/gems/jruby-1.6.2@celerity/gems/celerity-0.8.9/lib/celerity/htmlunit/sac-1.3.jar
b3642000-b3645000 r-xs 0003b000 08:01 10889716   /home/dark/.rvm/gems/jruby-1.6.2@celerity/gems/celerity-0.8.9/lib/celerity/htmlunit/cssparser-0.9.5.jar
b3645000-b3658000 rwxp 00000000 00:00 0 
b3658000-b3705000 rwxp 00000000 00:00 0 
b3705000-b3ba5000 rwxp 00000000 00:00 0 
b3ba5000-b6705000 rwxp 00000000 00:00 0 
b6705000-b6714000 r-xp 00000000 08:01 4986002    /usr/lib/jvm/java-6-sun-1.6.0.24/jre/lib/i386/libzip.so
b6714000-b6716000 rwxp 0000e000 08:01 4986002    /usr/lib/jvm/java-6-sun-1.6.0.24/jre/lib/i386/libzip.so
b6716000-b6720000 r-xp 00000000 08:01 8793270    /lib/i386-linux-gnu/libnss_files-2.13.so
b6720000-b6721000 r-xp 00009000 08:01 8793270    /lib/i386-linux-gnu/libnss_files-2.13.so
b6721000-b6722000 rwxp 0000a000 08:01 8793270    /lib/i386-linux-gnu/libnss_files-2.13.so
b6722000-b672b000 r-xp 00000000 08:01 8793257    /lib/i386-linux-gnu/libnss_nis-2.13.so
b672b000-b672c000 r-xp 00008000 08:01 8793257    /lib/i386-linux-gnu/libnss_nis-2.13.so
b672c000-b672d000 rwxp 00009000 08:01 8793257    /lib/i386-linux-gnu/libnss_nis-2.13.so
b672d000-b6733000 r-xp 00000000 08:01 8793258    /lib/i386-linux-gnu/libnss_compat-2.13.so
b6733000-b6734000 r-xp 00005000 08:01 8793258    /lib/i386-linux-gnu/libnss_compat-2.13.so
b6734000-b6735000 rwxp 00006000 08:01 8793258    /lib/i386-linux-gnu/libnss_compat-2.13.so
b6735000-b6748000 r-xp 00000000 08:01 8793254    /lib/i386-linux-gnu/libnsl-2.13.so
b6748000-b6749000 r-xp 00012000 08:01 8793254    /lib/i386-linux-gnu/libnsl-2.13.so
b6749000-b674a000 rwxp 00013000 08:01 8793254    /lib/i386-linux-gnu/libnsl-2.13.so
b674a000-b674c000 rwxp 00000000 00:00 0 
b674c000-b674e000 r-xs 0000d000 08:01 10889711   /home/dark/.rvm/gems/jruby-1.6.2@celerity/gems/celerity-0.8.9/lib/celerity/htmlunit/commons-codec-1.4.jar
b674e000-b6751000 r-xs 00024000 08:01 10889713   /home/dark/.rvm/gems/jruby-1.6.2@celerity/gems/celerity-0.8.9/lib/celerity/htmlunit/commons-io-2.0.1.jar
b6751000-b6758000 r-xp 00000000 08:01 4986001    /usr/lib/jvm/java-6-sun-1.6.0.24/jre/lib/i386/libnio.so
b6758000-b6759000 rwxp 00006000 08:01 4986001    /usr/lib/jvm/java-6-sun-1.6.0.24/jre/lib/i386/libnio.so
b6759000-b6761000 rwxs 00000000 08:01 5637479    /tmp/hsperfdata_dark/21071
b6761000-b6784000 r-xp 00000000 08:01 4985997    /usr/lib/jvm/java-6-sun-1.6.0.24/jre/lib/i386/libjava.so
b6784000-b6786000 rwxp 00023000 08:01 4985997    /usr/lib/jvm/java-6-sun-1.6.0.24/jre/lib/i386/libjava.so
b6786000-b678d000 r-xp 00000000 08:01 8793251    /lib/i386-linux-gnu/librt-2.13.so
b678d000-b678e000 r-xp 00006000 08:01 8793251    /lib/i386-linux-gnu/librt-2.13.so
b678e000-b678f000 rwxp 00007000 08:01 8793251    /lib/i386-linux-gnu/librt-2.13.so
b678f000-b6792000 ---p 00000000 00:00 0 
b6792000-b6990000 rwxp 00000000 00:00 0 
b6990000-b69b4000 r-xp 00000000 08:01 8793267    /lib/i386-linux-gnu/libm-2.13.so
b69b4000-b69b5000 r-xp 00023000 08:01 8793267    /lib/i386-linux-gnu/libm-2.13.so
b69b5000-b69b6000 rwxp 00024000 08:01 8793267    /lib/i386-linux-gnu/libm-2.13.so
b69b6000-b7143000 r-xp 00000000 08:01 4986017    /usr/lib/jvm/java-6-sun-1.6.0.24/jre/lib/i386/server/libjvm.so
b7143000-b7196000 rwxp 0078d000 08:01 4986017    /usr/lib/jvm/java-6-sun-1.6.0.24/jre/lib/i386/server/libjvm.so
b7196000-b75b5000 rwxp 00000000 00:00 0 
b75b5000-b770f000 r-xp 00000000 08:01 8793249    /lib/i386-linux-gnu/libc-2.13.so
b770f000-b7710000 ---p 0015a000 08:01 8793249    /lib/i386-linux-gnu/libc-2.13.so
b7710000-b7712000 r-xp 0015a000 08:01 8793249    /lib/i386-linux-gnu/libc-2.13.so
b7712000-b7713000 rwxp 0015c000 08:01 8793249    /lib/i386-linux-gnu/libc-2.13.so
b7713000-b7716000 rwxp 00000000 00:00 0 
b7716000-b7718000 r-xp 00000000 08:01 8793265    /lib/i386-linux-gnu/libdl-2.13.so
b7718000-b7719000 r-xp 00001000 08:01 8793265    /lib/i386-linux-gnu/libdl-2.13.so
b7719000-b771a000 rwxp 00002000 08:01 8793265    /lib/i386-linux-gnu/libdl-2.13.so
b771a000-b7721000 r-xp 00000000 08:01 4986006    /usr/lib/jvm/java-6-sun-1.6.0.24/jre/lib/i386/jli/libjli.so
b7721000-b7723000 rwxp 00006000 08:01 4986006    /usr/lib/jvm/java-6-sun-1.6.0.24/jre/lib/i386/jli/libjli.so
b7723000-b7724000 rwxp 00000000 00:00 0 
b7724000-b7739000 r-xp 00000000 08:01 8793263    /lib/i386-linux-gnu/libpthread-2.13.so
b7739000-b773a000 r-xp 00015000 08:01 8793263    /lib/i386-linux-gnu/libpthread-2.13.so
b773a000-b773b000 rwxp 00016000 08:01 8793263    /lib/i386-linux-gnu/libpthread-2.13.so
b773b000-b773d000 rwxp 00000000 00:00 0 
b773d000-b7743000 r-xp 00000000 08:01 4986020    /usr/lib/jvm/java-6-sun-1.6.0.24/jre/lib/i386/native_threads/libhpi.so
b7743000-b7744000 rwxp 00006000 08:01 4986020    /usr/lib/jvm/java-6-sun-1.6.0.24/jre/lib/i386/native_threads/libhpi.so
b7744000-b7745000 rwxp 00000000 00:00 0 
b7745000-b7746000 ---p 00000000 00:00 0 
b7746000-b7751000 r-xp 00000000 08:01 4986031    /usr/lib/jvm/java-6-sun-1.6.0.24/jre/lib/i386/libverify.so
b7751000-b7752000 rwxp 0000b000 08:01 4986031    /usr/lib/jvm/java-6-sun-1.6.0.24/jre/lib/i386/libverify.so
b7752000-b7754000 rwxp 00000000 00:00 0 
b7754000-b7755000 r-xp 00000000 00:00 0          [vdso]
b7755000-b7771000 r-xp 00000000 08:01 8793268    /lib/i386-linux-gnu/ld-2.13.so
b7771000-b7772000 r-xp 0001b000 08:01 8793268    /lib/i386-linux-gnu/ld-2.13.so
b7772000-b7773000 rwxp 0001c000 08:01 8793268    /lib/i386-linux-gnu/ld-2.13.so
bfd96000-bfdb8000 rwxp 00000000 00:00 0          [stack]

VM Arguments:
jvm_args: -Djdk.home= -Djruby.home=/home/dark/.rvm/rubies/jruby-1.6.2 -Djruby.script=jruby -Djruby.shell=/bin/bash -Djffi.boot.library.path=/home/dark/.rvm/rubies/jruby-1.6.2/lib/native/x86_64-Linux:/home/dark/.rvm/rubies/jruby-1.6.2/lib/native/i386-Linux:/home/dark/.rvm/rubies/jruby-1.6.2/lib/native/ppc-Linux -Xmx500m -Xss2048k -Djruby.memory.max=500m -Djruby.stack.max=2048k -Xbootclasspath/a:/home/dark/.rvm/rubies/jruby-1.6.2/lib/jruby.jar 
java_command: org/jruby/Main bin/rbets
Launcher Type: SUN_STANDARD

Environment Variables:
PATH=/home/dark/.rvm/gems/jruby-1.6.2@celerity/bin:/home/dark/.rvm/gems/jruby-1.6.2@global/bin:/home/dark/.rvm/rubies/jruby-1.6.2/bin:/home/dark/.rvm/bin:/usr/local/sbin:/usr/local/bin:/usr/sbin:/usr/bin:/sbin:/bin:/usr/games:/var/lib/gems/1.8/gems/radiant-0.9.1/bin:/var/lib/gems/1.8/bin
USERNAME=dark
LD_LIBRARY_PATH=/usr/lib/jvm/java-6-sun-1.6.0.24/jre/lib/i386/server:/usr/lib/jvm/java-6-sun-1.6.0.24/jre/lib/i386:/usr/lib/jvm/java-6-sun-1.6.0.24/jre/../lib/i386
SHELL=/bin/bash
DISPLAY=:0.0

Signal Handlers:
SIGSEGV: [libjvm.so+0x708f80], sa_mask[0]=0x7ffbfeff, sa_flags=0x10000004
SIGBUS: [libjvm.so+0x708f80], sa_mask[0]=0x7ffbfeff, sa_flags=0x10000004
SIGFPE: [libjvm.so+0x5c4100], sa_mask[0]=0x7ffbfeff, sa_flags=0x10000004
SIGPIPE: [libjvm.so+0x5c4100], sa_mask[0]=0x7ffbfeff, sa_flags=0x10000004
SIGXFSZ: [libjvm.so+0x5c4100], sa_mask[0]=0x7ffbfeff, sa_flags=0x10000004
SIGILL: [libjvm.so+0x5c4100], sa_mask[0]=0x7ffbfeff, sa_flags=0x10000004
SIGUSR1: SIG_DFL, sa_mask[0]=0x00000000, sa_flags=0x00000000
SIGUSR2: [libjvm.so+0x5c70e0], sa_mask[0]=0x00000000, sa_flags=0x10000004
SIGHUP: [libjvm.so+0x5c6cc0], sa_mask[0]=0x7ffbfeff, sa_flags=0x10000004
SIGINT: [libjvm.so+0x5c6cc0], sa_mask[0]=0x7ffbfeff, sa_flags=0x10000004
SIGTERM: [libjvm.so+0x5c6cc0], sa_mask[0]=0x7ffbfeff, sa_flags=0x10000004
SIGQUIT: [libjvm.so+0x5c6cc0], sa_mask[0]=0x7ffbfeff, sa_flags=0x10000004


---------------  S Y S T E M  ---------------

OS:squeeze/sid

uname:Linux 2.6.38-8-generic #42-Ubuntu SMP Mon Apr 11 03:31:50 UTC 2011 i686
libc:glibc 2.13 NPTL 2.13 
rlimit: STACK 8192k, CORE 0k, NPROC infinity, NOFILE 4096, AS infinity
load average:0.48 0.47 0.71

/proc/meminfo:
MemTotal:        1986584 kB
MemFree:          307480 kB
Buffers:           20164 kB
Cached:           203504 kB
SwapCached:        97776 kB
Active:           783384 kB
Inactive:         534596 kB
Active(anon):     731744 kB
Inactive(anon):   369600 kB
Active(file):      51640 kB
Inactive(file):   164996 kB
Unevictable:           0 kB
Mlocked:               0 kB
HighTotal:       1113352 kB
HighFree:           1564 kB
LowTotal:         873232 kB
LowFree:          305916 kB
SwapTotal:       6142972 kB
SwapFree:        5495048 kB
Dirty:               108 kB
Writeback:             0 kB
AnonPages:       1049896 kB
Mapped:           172520 kB
Shmem:              7032 kB
Slab:              36576 kB
SReclaimable:      15692 kB
SUnreclaim:        20884 kB
KernelStack:        3976 kB
PageTables:        11688 kB
NFS_Unstable:          0 kB
Bounce:                0 kB
WritebackTmp:          0 kB
CommitLimit:     7136264 kB
Committed_AS:    4313852 kB
VmallocTotal:     122880 kB
VmallocUsed:       42992 kB
VmallocChunk:      72212 kB
HardwareCorrupted:     0 kB
HugePages_Total:       0
HugePages_Free:        0
HugePages_Rsvd:        0
HugePages_Surp:        0
Hugepagesize:       4096 kB
DirectMap4k:      192504 kB
DirectMap4M:      716800 kB


CPU:total 2 (2 cores per cpu, 1 threads per core) family 6 model 37 stepping 5, cmov, cx8, fxsr, mmx, sse, sse2, sse3, ssse3, popcnt

Memory: 4k page, physical 1986584k(307480k free), swap 6142972k(5495048k free)

vm_info: Java HotSpot(TM) Server VM (19.1-b02) for linux-x86 JRE (1.6.0_24-b07), built on Feb  2 2011 16:51:52 by "java_re" with gcc 3.2.1-7a (J2SE release)

time: Sat Jun 25 22:50:20 2011
elapsed time: 49 seconds

