#
# A fatal error has been detected by the Java Runtime Environment:
#
#  SIGSEGV (0xb) at pc=0xb6c2eb5a, pid=21335, tid=2415971184
#
# JRE version: 6.0_24-b07
# Java VM: Java HotSpot(TM) Server VM (19.1-b02 mixed mode linux-x86 )
# Problematic frame:
# V  [libjvm.so+0x241b5a]
#
# If you would like to submit a bug report, please visit:
#   http://java.sun.com/webapps/bugreport/crash.jsp
#

---------------  T H R E A D  ---------------

Current thread (0x085aa400):  GCTaskThread [stack: 0x8ff8c000,0x9000d000] [id=21338]

siginfo:si_signo=SIGSEGV: si_errno=0, si_code=1 (SEGV_MAPERR), si_addr=0x00000012

Registers:
EAX=0x9205aef0, EBX=0x902e22a8, ECX=0x00000006, EDX=0x0000000e
ESP=0x9000bf40, EBP=0x9000bf78, ESI=0x90163f59, EDI=0x902e22a8
EIP=0xb6c2eb5a, CR2=0x00000012, EFLAGS=0x00210287

Register to memory mapping:

EAX=0x9205aef0

[error occurred during error reporting (printing registers, top of stack, instructions near pc), id 0xb]

Stack: [0x8ff8c000,0x9000d000],  sp=0x9000bf40,  free space=511k
Native frames: (J=compiled Java code, j=interpreted, Vv=VM code, C=native code)
V  [libjvm.so+0x241b5a]
V  [libjvm.so+0x613636]
V  [libjvm.so+0x36ac6b]
V  [libjvm.so+0x5c6a6e]
C  [libpthread.so.0+0x5e99]


---------------  P R O C E S S  ---------------

Java Threads: ( => current thread )
  0x08ed2c00 JavaThread "Cext reference reaper" daemon [_thread_blocked, id=21351, stack(0x8d0a8000,0x8d2a9000)]
  0x08ed6000 JavaThread "ReferenceReaper" daemon [_thread_blocked, id=21350, stack(0x8d2a9000,0x8d4aa000)]
  0x8e959000 JavaThread "JS executor for com.gargoylesoftware.htmlunit.WebClient@36bb87" daemon [_thread_blocked, id=21348, stack(0x8daff000,0x8dd00000)]
  0x08643000 JavaThread "Low Memory Detector" daemon [_thread_blocked, id=21345, stack(0x8efc1000,0x8f1c2000)]
  0x08637c00 JavaThread "CompilerThread1" daemon [_thread_blocked, id=21344, stack(0x8f1c2000,0x8f243000)]
  0x08635c00 JavaThread "CompilerThread0" daemon [_thread_blocked, id=21343, stack(0x8f243000,0x8f2c4000)]
  0x08634400 JavaThread "Signal Dispatcher" daemon [_thread_blocked, id=21342, stack(0x8f2c4000,0x8f4c5000)]
  0x08622800 JavaThread "Finalizer" daemon [_thread_blocked, id=21341, stack(0x8f7e5000,0x8f9e6000)]
  0x08621000 JavaThread "Reference Handler" daemon [_thread_blocked, id=21340, stack(0x8f9e6000,0x8fbe7000)]
  0x085a1800 JavaThread "main" [_thread_blocked, id=21336, stack(0xb67c6000,0xb69c7000)]

Other Threads:
  0x0861d400 VMThread [stack: 0x8fbe7000,0x8fc68000] [id=21339]
  0x08644c00 WatcherThread [stack: 0x8ef40000,0x8efc1000] [id=21346]

=>0x085aa400 (exited) GCTaskThread [stack: 0x8ff8c000,0x9000d000] [id=21338]

VM state:at safepoint (normal execution)

VM Mutex/Monitor currently owned by a thread:  ([mutex/lock_event])
[0x0859f798] Threads_lock - owner thread: 0x0861d400
[0x0859fba8] Heap_lock - owner thread: 0x085a1800

Heap
 PSYoungGen      total 141952K, used 129920K [0xa8fd0000, 0xb3670000, 0xb3670000)
  eden space 129920K, 100% used [0xa8fd0000,0xb0eb0000,0xb0eb0000)
  from space 12032K, 0% used [0xb0eb0000,0xb0eb0000,0xb1a70000)
  to   space 20608K, 13% used [0xb2250000,0xb250f8d8,0xb3670000)
 PSOldGen        total 72896K, used 45576K [0x94270000, 0x989a0000, 0xa8fd0000)
  object space 72896K, 62% used [0x94270000,0x96ef2000,0x989a0000)
 PSPermGen       total 65152K, used 30635K [0x90270000, 0x94210000, 0x94270000)
  object space 65152K, 47% used [0x90270000,0x9205aef0,0x94210000)

Dynamic libraries:
08048000-08052000 r-xp 00000000 08:01 4985951    /usr/lib/jvm/java-6-sun-1.6.0.24/jre/bin/java
08052000-08053000 rwxp 00009000 08:01 4985951    /usr/lib/jvm/java-6-sun-1.6.0.24/jre/bin/java
0859b000-09687000 rwxp 00000000 00:00 0          [heap]
8cd00000-8cd29000 rwxp 00000000 00:00 0 
8cd29000-8ce00000 ---p 00000000 00:00 0 
8cf00000-8cfff000 rwxp 00000000 00:00 0 
8cfff000-8d000000 ---p 00000000 00:00 0 
8d0a8000-8d0ab000 ---p 00000000 00:00 0 
8d0ab000-8d2a9000 rwxp 00000000 00:00 0 
8d2a9000-8d2ac000 ---p 00000000 00:00 0 
8d2ac000-8d4aa000 rwxp 00000000 00:00 0 
8d4aa000-8d51b000 r-xp 00000000 08:01 8793368    /lib/i386-linux-gnu/libgcrypt.so.11.6.0
8d51b000-8d51c000 r-xp 00070000 08:01 8793368    /lib/i386-linux-gnu/libgcrypt.so.11.6.0
8d51c000-8d51e000 rwxp 00071000 08:01 8793368    /lib/i386-linux-gnu/libgcrypt.so.11.6.0
8d51e000-8d5af000 r-xp 00000000 08:01 3935680    /usr/lib/i386-linux-gnu/libgnutls.so.26.14.12
8d5af000-8d5b3000 r-xp 00090000 08:01 3935680    /usr/lib/i386-linux-gnu/libgnutls.so.26.14.12
8d5b3000-8d5b4000 rwxp 00094000 08:01 3935680    /usr/lib/i386-linux-gnu/libgnutls.so.26.14.12
8d5b4000-8d6e6000 r-xp 00000000 08:01 8126488    /lib/libcrypto.so.0.9.8
8d6e6000-8d6ee000 r-xp 00131000 08:01 8126488    /lib/libcrypto.so.0.9.8
8d6ee000-8d6fd000 rwxp 00139000 08:01 8126488    /lib/libcrypto.so.0.9.8
8d6fd000-8d700000 rwxp 00000000 00:00 0 
8d700000-8d7f1000 rwxp 00000000 00:00 0 
8d7f1000-8d800000 ---p 00000000 00:00 0 
8d800000-8d8f4000 rwxp 00000000 00:00 0 
8d8f4000-8d900000 ---p 00000000 00:00 0 
8d900000-8d9fd000 rwxp 00000000 00:00 0 
8d9fd000-8da00000 ---p 00000000 00:00 0 
8da30000-8da3f000 r-xp 00000000 08:01 3935056    /usr/lib/i386-linux-gnu/libtasn1.so.3.1.9
8da3f000-8da40000 r-xp 0000e000 08:01 3935056    /usr/lib/i386-linux-gnu/libtasn1.so.3.1.9
8da40000-8da41000 rwxp 0000f000 08:01 3935056    /usr/lib/i386-linux-gnu/libtasn1.so.3.1.9
8da41000-8da56000 r-xp 00000000 08:01 3940023    /usr/lib/libsasl2.so.2.0.23
8da56000-8da57000 r-xp 00015000 08:01 3940023    /usr/lib/libsasl2.so.2.0.23
8da57000-8da58000 rwxp 00016000 08:01 3940023    /usr/lib/libsasl2.so.2.0.23
8da58000-8da63000 r-xp 00000000 08:01 3935782    /usr/lib/liblber-2.4.so.2.5.6
8da63000-8da64000 r-xp 0000a000 08:01 3935782    /usr/lib/liblber-2.4.so.2.5.6
8da64000-8da65000 rwxp 0000b000 08:01 3935782    /usr/lib/liblber-2.4.so.2.5.6
8da65000-8da86000 r-xp 00000000 08:01 3935356    /usr/lib/i386-linux-gnu/libk5crypto.so.3.1
8da86000-8da87000 ---p 00021000 08:01 3935356    /usr/lib/i386-linux-gnu/libk5crypto.so.3.1
8da87000-8da88000 r-xp 00021000 08:01 3935356    /usr/lib/i386-linux-gnu/libk5crypto.so.3.1
8da88000-8da89000 rwxp 00022000 08:01 3935356    /usr/lib/i386-linux-gnu/libk5crypto.so.3.1
8da89000-8dacb000 r-xp 00000000 08:01 3940028    /usr/lib/libldap_r-2.4.so.2.5.6
8dacb000-8dacc000 r-xp 00041000 08:01 3940028    /usr/lib/libldap_r-2.4.so.2.5.6
8dacc000-8dacd000 rwxp 00042000 08:01 3940028    /usr/lib/libldap_r-2.4.so.2.5.6
8dacd000-8dace000 rwxp 00000000 00:00 0 
8dace000-8dad6000 r-xp 00000000 08:01 8793260    /lib/i386-linux-gnu/libcrypt-2.13.so
8dad6000-8dad7000 r-xp 00007000 08:01 8793260    /lib/i386-linux-gnu/libcrypt-2.13.so
8dad7000-8dad8000 rwxp 00008000 08:01 8793260    /lib/i386-linux-gnu/libcrypt-2.13.so
8dad8000-8daff000 rwxp 00000000 00:00 0 
8daff000-8db02000 ---p 00000000 00:00 0 
8db02000-8dd00000 rwxp 00000000 00:00 0 
8dd00000-8ddff000 rwxp 00000000 00:00 0 
8ddff000-8de00000 ---p 00000000 00:00 0 
8de0a000-8deb2000 r-xp 00000000 08:01 3935852    /usr/lib/i386-linux-gnu/libkrb5.so.3.3
8deb2000-8deb7000 r-xp 000a8000 08:01 3935852    /usr/lib/i386-linux-gnu/libkrb5.so.3.3
8deb7000-8deb8000 rwxp 000ad000 08:01 3935852    /usr/lib/i386-linux-gnu/libkrb5.so.3.3
8deb8000-8defc000 r-xp 00000000 08:01 8126486    /lib/libssl.so.0.9.8
8defc000-8defd000 r-xp 00044000 08:01 8126486    /lib/libssl.so.0.9.8
8defd000-8df00000 rwxp 00045000 08:01 8126486    /lib/libssl.so.0.9.8
8df00000-8e0f8000 rwxp 00000000 00:00 0 
8e0f8000-8e100000 ---p 00000000 00:00 0 
8e100000-8e1fe000 rwxp 00000000 00:00 0 
8e1fe000-8e200000 ---p 00000000 00:00 0 
8e200000-8e213000 r-xp 00000000 08:01 8793294    /lib/i386-linux-gnu/libz.so.1.2.3.4
8e213000-8e214000 r-xp 00012000 08:01 8793294    /lib/i386-linux-gnu/libz.so.1.2.3.4
8e214000-8e215000 rwxp 00013000 08:01 8793294    /lib/i386-linux-gnu/libz.so.1.2.3.4
8e215000-8e2f4000 r-xp 00000000 08:01 3934573    /usr/lib/i386-linux-gnu/libstdc++.so.6.0.14
8e2f4000-8e2f8000 r-xp 000de000 08:01 3934573    /usr/lib/i386-linux-gnu/libstdc++.so.6.0.14
8e2f8000-8e2f9000 rwxp 000e2000 08:01 3934573    /usr/lib/i386-linux-gnu/libstdc++.so.6.0.14
8e2f9000-8e300000 rwxp 00000000 00:00 0 
8e300000-8e500000 rwxp 00000000 00:00 0 
8e500000-8e5f9000 rwxp 00000000 00:00 0 
8e5f9000-8e600000 ---p 00000000 00:00 0 
8e60c000-8e63a000 r-xp 00000000 08:01 3933782    /usr/lib/i386-linux-gnu/libgssapi_krb5.so.2.2
8e63a000-8e63b000 r-xp 0002d000 08:01 3933782    /usr/lib/i386-linux-gnu/libgssapi_krb5.so.2.2
8e63b000-8e63c000 rwxp 0002e000 08:01 3933782    /usr/lib/i386-linux-gnu/libgssapi_krb5.so.2.2
8e63c000-8e65c000 r-xp 00000000 08:01 3934289    /usr/lib/libpq.so.5.2
8e65c000-8e65d000 r-xp 0001f000 08:01 3934289    /usr/lib/libpq.so.5.2
8e65d000-8e65e000 rwxp 00020000 08:01 3934289    /usr/lib/libpq.so.5.2
8e673000-8e68d000 r-xp 00000000 08:01 8793293    /lib/i386-linux-gnu/libgcc_s.so.1
8e68d000-8e68e000 r-xp 00019000 08:01 8793293    /lib/i386-linux-gnu/libgcc_s.so.1
8e68e000-8e68f000 rwxp 0001a000 08:01 8793293    /lib/i386-linux-gnu/libgcc_s.so.1
8e695000-8e6a2000 r-xp 00000000 08:01 1704303    /home/dark/.rvm/gems/jruby-1.6.2@celerity/gems/pg-0.11.0/lib/pg_ext.so
8e6a2000-8e6a3000 r-xp 0000c000 08:01 1704303    /home/dark/.rvm/gems/jruby-1.6.2@celerity/gems/pg-0.11.0/lib/pg_ext.so
8e6a3000-8e6a4000 rwxp 0000d000 08:01 1704303    /home/dark/.rvm/gems/jruby-1.6.2@celerity/gems/pg-0.11.0/lib/pg_ext.so
8e6a4000-8e6e8000 r-xp 00000000 08:01 9054354    /home/dark/.rvm/rubies/jruby-1.6.2/lib/native/i386-Linux/libjruby-cext.so
8e6e8000-8e6e9000 r-xp 00043000 08:01 9054354    /home/dark/.rvm/rubies/jruby-1.6.2/lib/native/i386-Linux/libjruby-cext.so
8e6e9000-8e6ea000 rwxp 00044000 08:01 9054354    /home/dark/.rvm/rubies/jruby-1.6.2/lib/native/i386-Linux/libjruby-cext.so
8e6ea000-8e6eb000 rwxp 00000000 00:00 0 
8e6eb000-8e6fc000 r-xp 00000000 08:01 8793248    /lib/i386-linux-gnu/libresolv-2.13.so
8e6fc000-8e6fd000 r-xp 00010000 08:01 8793248    /lib/i386-linux-gnu/libresolv-2.13.so
8e6fd000-8e6fe000 rwxp 00011000 08:01 8793248    /lib/i386-linux-gnu/libresolv-2.13.so
8e6fe000-8e700000 rwxp 00000000 00:00 0 
8e700000-8e7ed000 rwxp 00000000 00:00 0 
8e7ed000-8e800000 ---p 00000000 00:00 0 
8e800000-8e8f5000 rwxp 00000000 00:00 0 
8e8f5000-8e900000 ---p 00000000 00:00 0 
8e900000-8e9f3000 rwxp 00000000 00:00 0 
8e9f3000-8ea00000 ---p 00000000 00:00 0 
8ea00000-8ead7000 rwxp 00000000 00:00 0 
8ead7000-8eb00000 ---p 00000000 00:00 0 
8eb00000-8ecff000 rwxp 00000000 00:00 0 
8ecff000-8ed00000 ---p 00000000 00:00 0 
8ed00000-8edfd000 rwxp 00000000 00:00 0 
8edfd000-8ee00000 ---p 00000000 00:00 0 
8ee07000-8ee0a000 r-xp 00000000 08:01 8793366    /lib/i386-linux-gnu/libgpg-error.so.0.8.0
8ee0a000-8ee0b000 r-xp 00002000 08:01 8793366    /lib/i386-linux-gnu/libgpg-error.so.0.8.0
8ee0b000-8ee0c000 rwxp 00003000 08:01 8793366    /lib/i386-linux-gnu/libgpg-error.so.0.8.0
8ee0c000-8ee0e000 r-xp 00000000 08:01 8793374    /lib/i386-linux-gnu/libkeyutils.so.1.3
8ee0e000-8ee0f000 r-xp 00001000 08:01 8793374    /lib/i386-linux-gnu/libkeyutils.so.1.3
8ee0f000-8ee10000 rwxp 00002000 08:01 8793374    /lib/i386-linux-gnu/libkeyutils.so.1.3
8ee10000-8ee14000 r-xp 00000000 08:01 8793253    /lib/i386-linux-gnu/libnss_dns-2.13.so
8ee14000-8ee15000 r-xp 00004000 08:01 8793253    /lib/i386-linux-gnu/libnss_dns-2.13.so
8ee15000-8ee16000 rwxp 00005000 08:01 8793253    /lib/i386-linux-gnu/libnss_dns-2.13.so
8ee16000-8ee18000 r-xp 00000000 08:01 8126621    /lib/libnss_mdns4_minimal.so.2
8ee18000-8ee19000 r-xp 00001000 08:01 8126621    /lib/libnss_mdns4_minimal.so.2
8ee19000-8ee1a000 rwxp 00002000 08:01 8126621    /lib/libnss_mdns4_minimal.so.2
8ee1d000-8ee23000 r-xp 00000000 08:01 3933785    /usr/lib/i386-linux-gnu/libkrb5support.so.0.1
8ee23000-8ee24000 r-xp 00005000 08:01 3933785    /usr/lib/i386-linux-gnu/libkrb5support.so.0.1
8ee24000-8ee25000 rwxp 00006000 08:01 3933785    /usr/lib/i386-linux-gnu/libkrb5support.so.0.1
8ee25000-8ee27000 r-xp 00000000 08:01 8793372    /lib/i386-linux-gnu/libcom_err.so.2.1
8ee27000-8ee28000 r-xp 00001000 08:01 8793372    /lib/i386-linux-gnu/libcom_err.so.2.1
8ee28000-8ee29000 rwxp 00002000 08:01 8793372    /lib/i386-linux-gnu/libcom_err.so.2.1
8ee29000-8ee2c000 r-xs 00013000 08:01 4985423    /usr/lib/jvm/java-6-sun-1.6.0.24/jre/lib/jce.jar
8ee2c000-8ee2f000 r-xs 00027000 08:01 4985933    /usr/lib/jvm/java-6-sun-1.6.0.24/jre/lib/ext/sunjce_provider.jar
8ee2f000-8ee30000 r-xs 00003000 08:01 10889723   /home/dark/.rvm/gems/jruby-1.6.2@celerity/gems/celerity-0.8.9/lib/celerity/htmlunit/sac-1.3.jar
8ee30000-8ee35000 r-xs 00028000 08:01 10889720   /home/dark/.rvm/gems/jruby-1.6.2@celerity/gems/celerity-0.8.9/lib/celerity/htmlunit/httpcore-4.1.jar
8ee35000-8ee42000 r-xs 000d3000 08:01 10889718   /home/dark/.rvm/gems/jruby-1.6.2@celerity/gems/celerity-0.8.9/lib/celerity/htmlunit/htmlunit-core-js-2.9-SNAPSHOT.jar
8ee42000-8ee67000 r-xs 002e3000 08:01 10889725   /home/dark/.rvm/gems/jruby-1.6.2@celerity/gems/celerity-0.8.9/lib/celerity/htmlunit/xalan-2.7.1.jar
8ee67000-8ee79000 r-xs 000e1000 08:01 10889717   /home/dark/.rvm/gems/jruby-1.6.2@celerity/gems/celerity-0.8.9/lib/celerity/htmlunit/htmlunit-2.9-SNAPSHOT.jar
8ee79000-8ee87000 r-xs 0007f000 08:01 10889712   /home/dark/.rvm/gems/jruby-1.6.2@celerity/gems/celerity-0.8.9/lib/celerity/htmlunit/commons-collections-3.2.1.jar
8ee87000-8ef40000 r-xs 0086d000 08:01 8793153    /home/dark/.rvm/rubies/jruby-1.6.2/lib/jruby.jar
8ef40000-8ef41000 ---p 00000000 00:00 0 
8ef41000-8efc1000 rwxp 00000000 00:00 0 
8efc1000-8efc4000 ---p 00000000 00:00 0 
8efc4000-8f1c2000 rwxp 00000000 00:00 0 
8f1c2000-8f1c5000 ---p 00000000 00:00 0 
8f1c5000-8f243000 rwxp 00000000 00:00 0 
8f243000-8f246000 ---p 00000000 00:00 0 
8f246000-8f2c4000 rwxp 00000000 00:00 0 
8f2c4000-8f2c7000 ---p 00000000 00:00 0 
8f2c7000-8f4c5000 rwxp 00000000 00:00 0 
8f4c5000-8f5e5000 r-xp 002a3000 08:01 3932302    /usr/lib/locale/locale-archive
8f5e5000-8f7e5000 r-xp 00000000 08:01 3932302    /usr/lib/locale/locale-archive
8f7e5000-8f7e8000 ---p 00000000 00:00 0 
8f7e8000-8f9e6000 rwxp 00000000 00:00 0 
8f9e6000-8f9e9000 ---p 00000000 00:00 0 
8f9e9000-8fbe7000 rwxp 00000000 00:00 0 
8fbe7000-8fbe8000 ---p 00000000 00:00 0 
8fbe8000-8fc68000 rwxp 00000000 00:00 0 
8fc68000-8fe00000 r-xs 03027000 08:01 4986071    /usr/lib/jvm/java-6-sun-1.6.0.24/jre/lib/rt.jar
8fe00000-8feff000 rwxp 00000000 00:00 0 
8feff000-8ff00000 ---p 00000000 00:00 0 
8ff00000-8ff07000 r-xs 00094000 08:01 4985422    /usr/lib/jvm/java-6-sun-1.6.0.24/jre/lib/jsse.jar
8ff07000-8ff09000 r-xs 00009000 08:01 534337     /home/dark/.rvm/gems/jruby-1.6.2@celerity/gems/ruby-debug-base-0.10.4-java/lib/ruby_debug.jar
8ff09000-8ff0b000 r-xs 00005000 08:01 10889721   /home/dark/.rvm/gems/jruby-1.6.2@celerity/gems/celerity-0.8.9/lib/celerity/htmlunit/httpmime-4.1.1.jar
8ff0b000-8ff0e000 r-xs 0001c000 08:01 10889722   /home/dark/.rvm/gems/jruby-1.6.2@celerity/gems/celerity-0.8.9/lib/celerity/htmlunit/nekohtml-1.9.15-20101026.093020-2.jar
8ff0e000-8ff16000 r-xs 0004e000 08:01 10889719   /home/dark/.rvm/gems/jruby-1.6.2@celerity/gems/celerity-0.8.9/lib/celerity/htmlunit/httpclient-4.1.1.jar
8ff16000-8ff2e000 r-xs 00115000 08:01 10889726   /home/dark/.rvm/gems/jruby-1.6.2@celerity/gems/celerity-0.8.9/lib/celerity/htmlunit/xercesImpl-2.9.1.jar
8ff2e000-8ff31000 r-xs 00041000 08:01 10889724   /home/dark/.rvm/gems/jruby-1.6.2@celerity/gems/celerity-0.8.9/lib/celerity/htmlunit/serializer-2.7.1.jar
8ff31000-8ff33000 r-xs 0000d000 08:01 10889711   /home/dark/.rvm/gems/jruby-1.6.2@celerity/gems/celerity-0.8.9/lib/celerity/htmlunit/commons-codec-1.4.jar
8ff33000-8ff3b000 r-xs 00028000 08:01 10889727   /home/dark/.rvm/gems/jruby-1.6.2@celerity/gems/celerity-0.8.9/lib/celerity/htmlunit/xml-apis-1.3.04.jar
8ff3b000-8ff40000 r-xs 00041000 08:01 10889714   /home/dark/.rvm/gems/jruby-1.6.2@celerity/gems/celerity-0.8.9/lib/celerity/htmlunit/commons-lang-2.6.jar
8ff40000-8ff43000 r-xs 0003b000 08:01 10889716   /home/dark/.rvm/gems/jruby-1.6.2@celerity/gems/celerity-0.8.9/lib/celerity/htmlunit/cssparser-0.9.5.jar
8ff43000-8ff57000 r-xp 00000000 08:01 4986046    /usr/lib/jvm/java-6-sun-1.6.0.24/jre/lib/i386/libnet.so
8ff57000-8ff58000 rwxp 00013000 08:01 4986046    /usr/lib/jvm/java-6-sun-1.6.0.24/jre/lib/i386/libnet.so
8ff58000-8ff8c000 rwxp 00000000 00:00 0 
8ff8c000-8ff8d000 ---p 00000000 00:00 0 
8ff8d000-9000d000 rwxp 00000000 00:00 0 
9000d000-9000e000 ---p 00000000 00:00 0 
9000e000-900ae000 rwxp 00000000 00:00 0 
900ae000-900d2000 rwxp 00000000 00:00 0 
900d2000-90155000 rwxp 00000000 00:00 0 
90155000-90175000 rwxp 00000000 00:00 0 
90175000-90199000 rwxp 00000000 00:00 0 
90199000-9021b000 rwxp 00000000 00:00 0 
9021b000-9026f000 rwxp 00000000 00:00 0 
9026f000-94210000 rwxp 00000000 00:00 0 
94210000-94270000 rwxp 00000000 00:00 0 
94270000-989a0000 rwxp 00000000 00:00 0 
989a0000-a8fd0000 rwxp 00000000 00:00 0 
a8fd0000-b3670000 rwxp 00000000 00:00 0 
b3670000-b367b000 r-xp 00000000 08:01 9054353    /home/dark/.rvm/rubies/jruby-1.6.2/lib/native/i386-Linux/libjffi-1.0.so
b367b000-b367c000 rwxp 0000a000 08:01 9054353    /home/dark/.rvm/rubies/jruby-1.6.2/lib/native/i386-Linux/libjffi-1.0.so
b367c000-b368e000 rwxp 00000000 00:00 0 
b368e000-b373c000 rwxp 00000000 00:00 0 
b373c000-b3bbc000 rwxp 00000000 00:00 0 
b3bbc000-b673c000 rwxp 00000000 00:00 0 
b673c000-b674b000 r-xp 00000000 08:01 4986002    /usr/lib/jvm/java-6-sun-1.6.0.24/jre/lib/i386/libzip.so
b674b000-b674d000 rwxp 0000e000 08:01 4986002    /usr/lib/jvm/java-6-sun-1.6.0.24/jre/lib/i386/libzip.so
b674d000-b6757000 r-xp 00000000 08:01 8793270    /lib/i386-linux-gnu/libnss_files-2.13.so
b6757000-b6758000 r-xp 00009000 08:01 8793270    /lib/i386-linux-gnu/libnss_files-2.13.so
b6758000-b6759000 rwxp 0000a000 08:01 8793270    /lib/i386-linux-gnu/libnss_files-2.13.so
b6759000-b6762000 r-xp 00000000 08:01 8793257    /lib/i386-linux-gnu/libnss_nis-2.13.so
b6762000-b6763000 r-xp 00008000 08:01 8793257    /lib/i386-linux-gnu/libnss_nis-2.13.so
b6763000-b6764000 rwxp 00009000 08:01 8793257    /lib/i386-linux-gnu/libnss_nis-2.13.so
b6764000-b676a000 r-xp 00000000 08:01 8793258    /lib/i386-linux-gnu/libnss_compat-2.13.so
b676a000-b676b000 r-xp 00005000 08:01 8793258    /lib/i386-linux-gnu/libnss_compat-2.13.so
b676b000-b676c000 rwxp 00006000 08:01 8793258    /lib/i386-linux-gnu/libnss_compat-2.13.so
b676c000-b677f000 r-xp 00000000 08:01 8793254    /lib/i386-linux-gnu/libnsl-2.13.so
b677f000-b6780000 r-xp 00012000 08:01 8793254    /lib/i386-linux-gnu/libnsl-2.13.so
b6780000-b6781000 rwxp 00013000 08:01 8793254    /lib/i386-linux-gnu/libnsl-2.13.so
b6781000-b6783000 rwxp 00000000 00:00 0 
b6783000-b6785000 r-xs 0000d000 08:01 10889715   /home/dark/.rvm/gems/jruby-1.6.2@celerity/gems/celerity-0.8.9/lib/celerity/htmlunit/commons-logging-1.1.1.jar
b6785000-b6788000 r-xs 00024000 08:01 10889713   /home/dark/.rvm/gems/jruby-1.6.2@celerity/gems/celerity-0.8.9/lib/celerity/htmlunit/commons-io-2.0.1.jar
b6788000-b678f000 r-xp 00000000 08:01 4986001    /usr/lib/jvm/java-6-sun-1.6.0.24/jre/lib/i386/libnio.so
b678f000-b6790000 rwxp 00006000 08:01 4986001    /usr/lib/jvm/java-6-sun-1.6.0.24/jre/lib/i386/libnio.so
b6790000-b6798000 rwxs 00000000 08:01 5637488    /tmp/hsperfdata_dark/21335
b6798000-b67bb000 r-xp 00000000 08:01 4985997    /usr/lib/jvm/java-6-sun-1.6.0.24/jre/lib/i386/libjava.so
b67bb000-b67bd000 rwxp 00023000 08:01 4985997    /usr/lib/jvm/java-6-sun-1.6.0.24/jre/lib/i386/libjava.so
b67bd000-b67c4000 r-xp 00000000 08:01 8793251    /lib/i386-linux-gnu/librt-2.13.so
b67c4000-b67c5000 r-xp 00006000 08:01 8793251    /lib/i386-linux-gnu/librt-2.13.so
b67c5000-b67c6000 rwxp 00007000 08:01 8793251    /lib/i386-linux-gnu/librt-2.13.so
b67c6000-b67c9000 ---p 00000000 00:00 0 
b67c9000-b69c7000 rwxp 00000000 00:00 0 
b69c7000-b69eb000 r-xp 00000000 08:01 8793267    /lib/i386-linux-gnu/libm-2.13.so
b69eb000-b69ec000 r-xp 00023000 08:01 8793267    /lib/i386-linux-gnu/libm-2.13.so
b69ec000-b69ed000 rwxp 00024000 08:01 8793267    /lib/i386-linux-gnu/libm-2.13.so
b69ed000-b717a000 r-xp 00000000 08:01 4986017    /usr/lib/jvm/java-6-sun-1.6.0.24/jre/lib/i386/server/libjvm.so
b717a000-b71cd000 rwxp 0078d000 08:01 4986017    /usr/lib/jvm/java-6-sun-1.6.0.24/jre/lib/i386/server/libjvm.so
b71cd000-b75ec000 rwxp 00000000 00:00 0 
b75ec000-b7746000 r-xp 00000000 08:01 8793249    /lib/i386-linux-gnu/libc-2.13.so
b7746000-b7747000 ---p 0015a000 08:01 8793249    /lib/i386-linux-gnu/libc-2.13.so
b7747000-b7749000 r-xp 0015a000 08:01 8793249    /lib/i386-linux-gnu/libc-2.13.so
b7749000-b774a000 rwxp 0015c000 08:01 8793249    /lib/i386-linux-gnu/libc-2.13.so
b774a000-b774d000 rwxp 00000000 00:00 0 
b774d000-b774f000 r-xp 00000000 08:01 8793265    /lib/i386-linux-gnu/libdl-2.13.so
b774f000-b7750000 r-xp 00001000 08:01 8793265    /lib/i386-linux-gnu/libdl-2.13.so
b7750000-b7751000 rwxp 00002000 08:01 8793265    /lib/i386-linux-gnu/libdl-2.13.so
b7751000-b7758000 r-xp 00000000 08:01 4986006    /usr/lib/jvm/java-6-sun-1.6.0.24/jre/lib/i386/jli/libjli.so
b7758000-b775a000 rwxp 00006000 08:01 4986006    /usr/lib/jvm/java-6-sun-1.6.0.24/jre/lib/i386/jli/libjli.so
b775a000-b775b000 rwxp 00000000 00:00 0 
b775b000-b7770000 r-xp 00000000 08:01 8793263    /lib/i386-linux-gnu/libpthread-2.13.so
b7770000-b7771000 r-xp 00015000 08:01 8793263    /lib/i386-linux-gnu/libpthread-2.13.so
b7771000-b7772000 rwxp 00016000 08:01 8793263    /lib/i386-linux-gnu/libpthread-2.13.so
b7772000-b7774000 rwxp 00000000 00:00 0 
b7774000-b777a000 r-xp 00000000 08:01 4986020    /usr/lib/jvm/java-6-sun-1.6.0.24/jre/lib/i386/native_threads/libhpi.so
b777a000-b777b000 rwxp 00006000 08:01 4986020    /usr/lib/jvm/java-6-sun-1.6.0.24/jre/lib/i386/native_threads/libhpi.so
b777b000-b777c000 rwxp 00000000 00:00 0 
b777c000-b777d000 ---p 00000000 00:00 0 
b777d000-b7788000 r-xp 00000000 08:01 4986031    /usr/lib/jvm/java-6-sun-1.6.0.24/jre/lib/i386/libverify.so
b7788000-b7789000 rwxp 0000b000 08:01 4986031    /usr/lib/jvm/java-6-sun-1.6.0.24/jre/lib/i386/libverify.so
b7789000-b778b000 rwxp 00000000 00:00 0 
b778b000-b778c000 r-xp 00000000 00:00 0          [vdso]
b778c000-b77a8000 r-xp 00000000 08:01 8793268    /lib/i386-linux-gnu/ld-2.13.so
b77a8000-b77a9000 r-xp 0001b000 08:01 8793268    /lib/i386-linux-gnu/ld-2.13.so
b77a9000-b77aa000 rwxp 0001c000 08:01 8793268    /lib/i386-linux-gnu/ld-2.13.so
bfad8000-bfafa000 rwxp 00000000 00:00 0          [stack]

VM Arguments:
jvm_args: -Djdk.home= -Djruby.home=/home/dark/.rvm/rubies/jruby-1.6.2 -Djruby.script=jruby -Djruby.shell=/bin/bash -Djffi.boot.library.path=/home/dark/.rvm/rubies/jruby-1.6.2/lib/native/x86_64-Linux:/home/dark/.rvm/rubies/jruby-1.6.2/lib/native/i386-Linux:/home/dark/.rvm/rubies/jruby-1.6.2/lib/native/ppc-Linux -Xmx500m -Xss2048k -Djruby.memory.max=500m -Djruby.stack.max=2048k -Xbootclasspath/a:/home/dark/.rvm/rubies/jruby-1.6.2/lib/jruby.jar 
java_command: org/jruby/Main bin/rbets
Launcher Type: SUN_STANDARD

Environment Variables:
PATH=/home/dark/.rvm/gems/jruby-1.6.2@celerity/bin:/home/dark/.rvm/gems/jruby-1.6.2@global/bin:/home/dark/.rvm/rubies/jruby-1.6.2/bin:/home/dark/.rvm/bin:/usr/local/sbin:/usr/local/bin:/usr/sbin:/usr/bin:/sbin:/bin:/usr/games:/var/lib/gems/1.8/gems/radiant-0.9.1/bin:/var/lib/gems/1.8/bin
USERNAME=dark
LD_LIBRARY_PATH=/usr/lib/jvm/java-6-sun-1.6.0.24/jre/lib/i386/server:/usr/lib/jvm/java-6-sun-1.6.0.24/jre/lib/i386:/usr/lib/jvm/java-6-sun-1.6.0.24/jre/../lib/i386
SHELL=/bin/bash
DISPLAY=:0.0

Signal Handlers:
SIGSEGV: [libjvm.so+0x708f80], sa_mask[0]=0x7ffbfeff, sa_flags=0x10000004
SIGBUS: [libjvm.so+0x708f80], sa_mask[0]=0x7ffbfeff, sa_flags=0x10000004
SIGFPE: [libjvm.so+0x5c4100], sa_mask[0]=0x7ffbfeff, sa_flags=0x10000004
SIGPIPE: [libjvm.so+0x5c4100], sa_mask[0]=0x7ffbfeff, sa_flags=0x10000004
SIGXFSZ: [libjvm.so+0x5c4100], sa_mask[0]=0x7ffbfeff, sa_flags=0x10000004
SIGILL: [libjvm.so+0x5c4100], sa_mask[0]=0x7ffbfeff, sa_flags=0x10000004
SIGUSR1: SIG_DFL, sa_mask[0]=0x00000000, sa_flags=0x00000000
SIGUSR2: [libjvm.so+0x5c70e0], sa_mask[0]=0x00000000, sa_flags=0x10000004
SIGHUP: [libjvm.so+0x5c6cc0], sa_mask[0]=0x7ffbfeff, sa_flags=0x10000004
SIGINT: [libjvm.so+0x5c6cc0], sa_mask[0]=0x7ffbfeff, sa_flags=0x10000004
SIGTERM: [libjvm.so+0x5c6cc0], sa_mask[0]=0x7ffbfeff, sa_flags=0x10000004
SIGQUIT: [libjvm.so+0x5c6cc0], sa_mask[0]=0x7ffbfeff, sa_flags=0x10000004


---------------  S Y S T E M  ---------------

OS:squeeze/sid

uname:Linux 2.6.38-8-generic #42-Ubuntu SMP Mon Apr 11 03:31:50 UTC 2011 i686
libc:glibc 2.13 NPTL 2.13 
rlimit: STACK 8192k, CORE 0k, NPROC infinity, NOFILE 4096, AS infinity
load average:2.56 1.37 0.96

/proc/meminfo:
MemTotal:        1986584 kB
MemFree:          130064 kB
Buffers:           22688 kB
Cached:           211208 kB
SwapCached:        97412 kB
Active:           917956 kB
Inactive:         576356 kB
Active(anon):     865080 kB
Inactive(anon):   402580 kB
Active(file):      52876 kB
Inactive(file):   173776 kB
Unevictable:           0 kB
Mlocked:               0 kB
HighTotal:       1113352 kB
HighFree:           1564 kB
LowTotal:         873232 kB
LowFree:          128500 kB
SwapTotal:       6142972 kB
SwapFree:        5529524 kB
Dirty:               152 kB
Writeback:             0 kB
AnonPages:       1217952 kB
Mapped:           172812 kB
Shmem:              7244 kB
Slab:              36612 kB
SReclaimable:      15736 kB
SUnreclaim:        20876 kB
KernelStack:        4080 kB
PageTables:        11816 kB
NFS_Unstable:          0 kB
Bounce:                0 kB
WritebackTmp:          0 kB
CommitLimit:     7136264 kB
Committed_AS:    4474260 kB
VmallocTotal:     122880 kB
VmallocUsed:       42992 kB
VmallocChunk:      72212 kB
HardwareCorrupted:     0 kB
HugePages_Total:       0
HugePages_Free:        0
HugePages_Rsvd:        0
HugePages_Surp:        0
Hugepagesize:       4096 kB
DirectMap4k:      192504 kB
DirectMap4M:      716800 kB


CPU:total 2 (2 cores per cpu, 1 threads per core) family 6 model 37 stepping 5, cmov, cx8, fxsr, mmx, sse, sse2, sse3, ssse3, popcnt

Memory: 4k page, physical 1986584k(130064k free), swap 6142972k(5529524k free)

vm_info: Java HotSpot(TM) Server VM (19.1-b02) for linux-x86 JRE (1.6.0_24-b07), built on Feb  2 2011 16:51:52 by "java_re" with gcc 3.2.1-7a (J2SE release)

time: Sat Jun 25 23:04:45 2011
elapsed time: 54 seconds

